test tests_integration_savilerow_divide_mod ... FAILED - don't have mod yet ACCEPT
test tests_integration_savilerow_divide_mod_novar ... FAILED - don't have mod ACCEPT
test tests_integration_cnf_integer_10_div ... ACCEPT
test tests_integration_minion_constraints_div_undefzero_01_simple ... ACCEPT
test tests_integration_basic_div_01 ... ACCEPT
test tests_integration_minion_constraints_div_undefzero_03_nested ... ACCEPT
test tests_integration_minion_constraints_div_undefzero_02_zero ... ACCEPT
test tests_integration_basic_div_04 ... FAILED - ACCEPT
test tests_integration_minion_constraints_div_undefzero_04_nested_neq ... FAILED - WHY
test tests_integration_basic_div_03 ... FAILED - WHY
test tests_integration_basic_div_02 ... FAILED - WHY
test tests_integration_basic_div_05 ... FAILED - WHY
