TN:
SF:conjure_oxide/tests/model_tests.rs
FN:7,model_tests::modify_domain
FNDA:0,model_tests::modify_domain
FNF:1
FNH:0
BRF:0
BRH:0
DA:7,0
DA:8,0
DA:9,0
DA:10,0
DA:11,0
DA:12,0
DA:13,0
DA:14,0
DA:15,0
DA:16,0
DA:17,0
DA:18,0
DA:19,0
DA:20,0
DA:21,0
DA:23,0
DA:24,0
DA:25,0
DA:26,0
LF:19
LH:0
end_of_record
SF:conjure_oxide/src/error.rs
FN:8,<conjure_oxide::error::Error as core::fmt::Display>::fmt
FN:8,<conjure_oxide::error::Error as core::fmt::Display>::fmt
FN:8,<conjure_oxide::error::Error as core::error::Error>::source
FN:8,<conjure_oxide::error::Error as core::convert::From<serde_json::error::Error>>::from
FN:8,<conjure_oxide::error::Error as core::convert::From<serde_json::error::Error>>::from
FN:8,<conjure_oxide::error::Error as core::convert::From<anyhow::Error>>::from
FN:8,<conjure_oxide::error::Error as core::error::Error>::source
FN:8,<conjure_oxide::error::Error as core::convert::From<anyhow::Error>>::from
FNDA:0,<conjure_oxide::error::Error as core::fmt::Display>::fmt
FNDA:0,<conjure_oxide::error::Error as core::fmt::Display>::fmt
FNDA:0,<conjure_oxide::error::Error as core::error::Error>::source
FNDA:0,<conjure_oxide::error::Error as core::convert::From<serde_json::error::Error>>::from
FNDA:0,<conjure_oxide::error::Error as core::convert::From<serde_json::error::Error>>::from
FNDA:0,<conjure_oxide::error::Error as core::convert::From<anyhow::Error>>::from
FNDA:0,<conjure_oxide::error::Error as core::error::Error>::source
FNDA:0,<conjure_oxide::error::Error as core::convert::From<anyhow::Error>>::from
FNF:8
FNH:0
BRF:0
BRH:0
DA:8,0
LF:1
LH:0
end_of_record
SF:conjure_oxide/src/rules/cnf.rs
FN:66,conjure_oxide::rules::cnf::CONJURE_GEN_RULE_DISTRIBUTE_OR_OVER_AND::__typecheck
FN:18,conjure_oxide::rules::cnf::CONJURE_GEN_RULE_DISTRIBUTE_NOT_OVER_AND::__typecheck
FN:42,conjure_oxide::rules::cnf::CONJURE_GEN_RULE_DISTRIBUTE_NOT_OVER_OR::__typecheck
FN:43,conjure_oxide::rules::cnf::distribute_not_over_or
FN:66,conjure_oxide::rules::cnf::CONJURE_GEN_RULE_DISTRIBUTE_OR_OVER_AND::__typecheck
FN:68,conjure_oxide::rules::cnf::distribute_or_over_and::find_and
FN:67,conjure_oxide::rules::cnf::distribute_or_over_and
FN:18,conjure_oxide::rules::cnf::CONJURE_GEN_RULE_DISTRIBUTE_NOT_OVER_AND::__typecheck
FN:42,conjure_oxide::rules::cnf::CONJURE_GEN_RULE_DISTRIBUTE_NOT_OVER_OR::__typecheck
FN:19,conjure_oxide::rules::cnf::distribute_not_over_and
FN:68,conjure_oxide::rules::cnf::distribute_or_over_and::find_and
FN:67,conjure_oxide::rules::cnf::distribute_or_over_and
FN:43,conjure_oxide::rules::cnf::distribute_not_over_or
FN:19,conjure_oxide::rules::cnf::distribute_not_over_and
FNDA:0,conjure_oxide::rules::cnf::CONJURE_GEN_RULE_DISTRIBUTE_OR_OVER_AND::__typecheck
FNDA:0,conjure_oxide::rules::cnf::CONJURE_GEN_RULE_DISTRIBUTE_NOT_OVER_AND::__typecheck
FNDA:0,conjure_oxide::rules::cnf::CONJURE_GEN_RULE_DISTRIBUTE_NOT_OVER_OR::__typecheck
FNDA:0,conjure_oxide::rules::cnf::distribute_not_over_or
FNDA:0,conjure_oxide::rules::cnf::CONJURE_GEN_RULE_DISTRIBUTE_OR_OVER_AND::__typecheck
FNDA:0,conjure_oxide::rules::cnf::distribute_or_over_and::find_and
FNDA:0,conjure_oxide::rules::cnf::distribute_or_over_and
FNDA:0,conjure_oxide::rules::cnf::CONJURE_GEN_RULE_DISTRIBUTE_NOT_OVER_AND::__typecheck
FNDA:0,conjure_oxide::rules::cnf::CONJURE_GEN_RULE_DISTRIBUTE_NOT_OVER_OR::__typecheck
FNDA:0,conjure_oxide::rules::cnf::distribute_not_over_and
FNDA:0,conjure_oxide::rules::cnf::distribute_or_over_and::find_and
FNDA:1,conjure_oxide::rules::cnf::distribute_or_over_and
FNDA:1,conjure_oxide::rules::cnf::distribute_not_over_or
FNDA:1,conjure_oxide::rules::cnf::distribute_not_over_and
FNF:14
FNH:3
BRF:0
BRH:0
DA:18,0
DA:19,234
DA:20,234
DA:21,0
DA:22,0
DA:23,0
DA:24,0
DA:25,0
DA:26,0
DA:27,0
DA:29,0
DA:31,234
DA:33,234
DA:42,0
DA:43,234
DA:44,234
DA:45,0
DA:46,0
DA:47,0
DA:48,0
DA:49,0
DA:50,0
DA:51,0
DA:53,0
DA:55,234
DA:57,234
DA:66,0
DA:67,234
DA:68,234
DA:69,234
DA:70,234
DA:71,234
DA:72,234
DA:73,234
DA:74,234
DA:75,234
DA:76,234
DA:77,234
DA:78,234
DA:79,234
DA:80,0
DA:81,0
DA:82,0
DA:83,0
DA:84,0
DA:85,0
DA:86,0
DA:87,0
DA:89,0
DA:91,0
DA:92,0
DA:93,0
DA:96,0
DA:98,0
DA:101,0
DA:103,234
DA:105,234
LF:57
LH:23
end_of_record
SF:conjure_oxide/src/parse.rs
FN:252,conjure_oxide::parse::parse_constant
FN:186,conjure_oxide::parse::parse_expression::{closure#3}
FN:79,conjure_oxide::parse::parse_int_domain
FN:142,conjure_oxide::parse::parse_expression
FN:142,conjure_oxide::parse::parse_expression
FN:79,conjure_oxide::parse::parse_int_domain
FN:10,conjure_oxide::parse::model_from_json
FN:206,conjure_oxide::parse::parse_bin_op
FN:247,conjure_oxide::parse::parse_vec_op::{closure#0}
FN:252,conjure_oxide::parse::parse_constant
FN:110,conjure_oxide::parse::parse_int_domain::{closure#0}
FN:237,conjure_oxide::parse::parse_vec_op
FN:180,conjure_oxide::parse::parse_expression::{closure#0}
FN:182,conjure_oxide::parse::parse_expression::{closure#2}
FN:189,conjure_oxide::parse::parse_expression::{closure#4}
FN:180,conjure_oxide::parse::parse_expression::{closure#0}
FN:124,conjure_oxide::parse::parse_int_domain::{closure#1}
FN:192,conjure_oxide::parse::parse_expression::{closure#5}
FN:10,conjure_oxide::parse::model_from_json
FN:181,conjure_oxide::parse::parse_expression::{closure#1}
FN:181,conjure_oxide::parse::parse_expression::{closure#1}
FN:49,conjure_oxide::parse::parse_variable
FN:192,conjure_oxide::parse::parse_expression::{closure#5}
FN:226,conjure_oxide::parse::parse_unary_op
FN:110,conjure_oxide::parse::parse_int_domain::{closure#0}
FN:186,conjure_oxide::parse::parse_expression::{closure#3}
FN:206,conjure_oxide::parse::parse_bin_op
FN:189,conjure_oxide::parse::parse_expression::{closure#4}
FN:124,conjure_oxide::parse::parse_int_domain::{closure#1}
FN:226,conjure_oxide::parse::parse_unary_op
FN:182,conjure_oxide::parse::parse_expression::{closure#2}
FN:247,conjure_oxide::parse::parse_vec_op::{closure#0}
FN:237,conjure_oxide::parse::parse_vec_op
FN:49,conjure_oxide::parse::parse_variable
FNDA:0,conjure_oxide::parse::parse_constant
FNDA:0,conjure_oxide::parse::parse_expression::{closure#3}
FNDA:0,conjure_oxide::parse::parse_int_domain
FNDA:0,conjure_oxide::parse::parse_expression
FNDA:1,conjure_oxide::parse::parse_expression
FNDA:1,conjure_oxide::parse::parse_int_domain
FNDA:0,conjure_oxide::parse::model_from_json
FNDA:0,conjure_oxide::parse::parse_bin_op
FNDA:1,conjure_oxide::parse::parse_vec_op::{closure#0}
FNDA:1,conjure_oxide::parse::parse_constant
FNDA:0,conjure_oxide::parse::parse_int_domain::{closure#0}
FNDA:0,conjure_oxide::parse::parse_vec_op
FNDA:0,conjure_oxide::parse::parse_expression::{closure#0}
FNDA:1,conjure_oxide::parse::parse_expression::{closure#2}
FNDA:0,conjure_oxide::parse::parse_expression::{closure#4}
FNDA:1,conjure_oxide::parse::parse_expression::{closure#0}
FNDA:0,conjure_oxide::parse::parse_int_domain::{closure#1}
FNDA:1,conjure_oxide::parse::parse_expression::{closure#5}
FNDA:1,conjure_oxide::parse::model_from_json
FNDA:1,conjure_oxide::parse::parse_expression::{closure#1}
FNDA:0,conjure_oxide::parse::parse_expression::{closure#1}
FNDA:0,conjure_oxide::parse::parse_variable
FNDA:0,conjure_oxide::parse::parse_expression::{closure#5}
FNDA:0,conjure_oxide::parse::parse_unary_op
FNDA:0,conjure_oxide::parse::parse_int_domain::{closure#0}
FNDA:1,conjure_oxide::parse::parse_expression::{closure#3}
FNDA:1,conjure_oxide::parse::parse_bin_op
FNDA:1,conjure_oxide::parse::parse_expression::{closure#4}
FNDA:0,conjure_oxide::parse::parse_int_domain::{closure#1}
FNDA:0,conjure_oxide::parse::parse_unary_op
FNDA:0,conjure_oxide::parse::parse_expression::{closure#2}
FNDA:0,conjure_oxide::parse::parse_vec_op::{closure#0}
FNDA:1,conjure_oxide::parse::parse_vec_op
FNDA:1,conjure_oxide::parse::parse_variable
FNF:34
FNH:14
BRF:0
BRH:0
DA:10,30
DA:11,30
DA:12,30
DA:13,30
DA:14,30
DA:15,30
DA:17,114
DA:18,84
DA:19,84
DA:20,84
DA:21,84
DA:22,84
DA:23,84
DA:24,84
DA:25,84
DA:26,84
DA:27,84
DA:28,60
DA:29,60
DA:31,24
DA:32,24
DA:33,24
DA:34,24
DA:35,24
DA:36,24
DA:37,24
DA:38,24
DA:39,24
DA:40,24
DA:41,24
DA:42,0
DA:46,30
DA:47,30
DA:49,60
DA:50,60
DA:51,60
DA:52,60
DA:53,60
DA:54,60
DA:55,60
DA:56,60
DA:57,60
DA:58,60
DA:59,60
DA:60,60
DA:61,60
DA:62,60
DA:63,60
DA:64,60
DA:65,60
DA:66,60
DA:67,60
DA:68,60
DA:69,60
DA:70,60
DA:71,30
DA:72,0
DA:73,0
DA:74,0
DA:75,0
DA:76,60
DA:77,60
DA:79,30
DA:80,30
DA:81,30
DA:82,30
DA:83,30
DA:84,30
DA:85,30
DA:86,60
DA:87,30
DA:88,30
DA:89,30
DA:90,30
DA:91,30
DA:92,30
DA:93,30
DA:94,30
DA:95,30
DA:96,30
DA:97,30
DA:98,30
DA:99,30
DA:100,30
DA:101,30
DA:102,30
DA:103,30
DA:104,60
DA:105,60
DA:106,60
DA:107,60
DA:108,60
DA:109,60
DA:110,60
DA:111,0
DA:112,60
DA:113,60
DA:115,30
DA:117,0
DA:118,0
DA:119,0
DA:120,0
DA:121,0
DA:122,0
DA:123,0
DA:124,0
DA:125,0
DA:128,0
DA:129,0
DA:130,0
DA:134,30
DA:135,30
DA:142,108
DA:143,108
DA:144,108
DA:145,108
DA:146,108
DA:147,108
DA:148,108
DA:149,108
DA:150,108
DA:151,108
DA:152,108
DA:153,108
DA:154,108
DA:155,108
DA:156,108
DA:157,108
DA:158,108
DA:159,108
DA:160,108
DA:161,108
DA:162,108
DA:163,108
DA:164,108
DA:165,108
DA:166,108
DA:167,108
DA:168,108
DA:169,108
DA:170,108
DA:171,108
DA:172,108
DA:173,108
DA:174,108
DA:175,108
DA:176,108
DA:177,108
DA:178,108
DA:179,108
DA:180,228
DA:181,108
DA:182,108
DA:184,12
DA:185,108
DA:186,228
DA:187,30
DA:189,12
DA:190,0
DA:192,24
DA:193,12
DA:195,0
DA:197,66
DA:198,54
DA:199,54
DA:201,12
DA:202,0
DA:204,108
DA:206,30
DA:207,30
DA:208,30
DA:209,30
DA:212,30
DA:214,30
DA:216,30
DA:217,30
DA:218,30
DA:219,30
DA:220,30
DA:222,0
DA:224,30
DA:226,0
DA:227,0
DA:228,0
DA:229,0
DA:230,0
DA:231,0
DA:233,0
DA:234,0
DA:235,0
DA:237,12
DA:238,12
DA:239,12
DA:240,12
DA:241,12
DA:242,12
DA:244,12
DA:245,12
DA:246,12
DA:247,24
DA:248,12
DA:249,12
DA:250,12
DA:252,12
DA:253,12
DA:254,12
DA:255,12
DA:256,12
DA:257,12
DA:258,12
DA:259,12
DA:260,12
DA:263,0
DA:265,12
LF:214
LH:182
end_of_record
SF:conjure_oxide/tests/generated_tests.rs
FN:146,generated_tests::sort_json_object::{closure#1}
FN:179,generated_tests::assert_conjure_present
FN:95,generated_tests::integration_test::{closure#1}
FN:137,generated_tests::sort_json_object::{closure#0}
FN:123,generated_tests::dummy_callback
FN:60,generated_tests::integration_test::{closure#0}
FN:132,generated_tests::sort_json_object
FN:161,generated_tests::sort_json_variables::{closure#0}
FN:25,generated_tests::integration_test
FN:17,generated_tests::main::{closure#0}
FN:157,generated_tests::sort_json_variables
FN:15,generated_tests::main
FNDA:1,generated_tests::sort_json_object::{closure#1}
FNDA:1,generated_tests::assert_conjure_present
FNDA:0,generated_tests::integration_test::{closure#1}
FNDA:1,generated_tests::sort_json_object::{closure#0}
FNDA:1,generated_tests::dummy_callback
FNDA:0,generated_tests::integration_test::{closure#0}
FNDA:1,generated_tests::sort_json_object
FNDA:1,generated_tests::sort_json_variables::{closure#0}
FNDA:1,generated_tests::integration_test
FNDA:0,generated_tests::main::{closure#0}
FNDA:1,generated_tests::sort_json_variables
FNDA:0,generated_tests::main
FNF:12
FNH:8
BRF:0
BRH:0
DA:15,0
DA:16,0
DA:17,0
DA:18,0
DA:19,0
DA:20,0
DA:21,0
DA:23,0
DA:25,5
DA:26,5
DA:27,5
DA:28,5
DA:29,5
DA:30,5
DA:31,5
DA:32,5
DA:33,5
DA:34,5
DA:35,5
DA:36,5
DA:37,5
DA:38,5
DA:39,5
DA:40,0
DA:43,5
DA:46,5
DA:51,5
DA:54,5
DA:55,5
DA:56,5
DA:57,5
DA:58,5
DA:60,5
DA:61,0
DA:62,0
DA:63,0
DA:64,0
DA:65,5
DA:70,5
DA:71,5
DA:72,5
DA:74,4
DA:79,4
DA:82,4
DA:83,4
DA:84,4
DA:85,4
DA:86,4
DA:88,4
DA:89,4
DA:90,4
DA:91,4
DA:92,4
DA:93,4
DA:95,4
DA:96,0
DA:97,0
DA:98,0
DA:99,0
DA:100,4
DA:105,4
DA:106,4
DA:107,4
DA:109,4
DA:114,4
DA:116,4
DA:117,4
DA:118,4
DA:120,4
DA:121,5
DA:123,10
DA:124,10
DA:125,10
DA:132,128
DA:133,128
DA:134,75
DA:135,75
DA:136,75
DA:137,84
DA:138,84
DA:139,9
DA:141,75
DA:143,84
DA:144,75
DA:145,75
DA:146,75
DA:147,75
DA:148,75
DA:150,20
DA:151,33
DA:153,128
DA:157,9
DA:158,9
DA:159,9
DA:160,9
DA:161,11
DA:162,11
DA:163,11
DA:164,11
DA:165,11
DA:166,11
DA:167,11
DA:168,11
DA:169,11
DA:170,11
DA:171,11
DA:172,9
DA:174,0
DA:176,9
DA:179,1
DA:180,1
DA:181,1
LF:112
LH:94
end_of_record
SF:solvers/chuffed/tests/dummy_test.rs
FN:4,dummy_test::dummy
FNDA:1,dummy_test::dummy
FNF:1
FNH:1
BRF:0
BRH:0
DA:4,1
DA:5,1
DA:6,1
LF:3
LH:3
end_of_record
SF:solvers/minion/tests/test_watchedor_reifyimply_1.rs
FN:29,test_watchedor_reifyimply_1::test_watchedor_reifyimply_1
FN:57,test_watchedor_reifyimply_1::callback
FNDA:0,test_watchedor_reifyimply_1::test_watchedor_reifyimply_1
FNDA:0,test_watchedor_reifyimply_1::callback
FNF:2
FNH:0
BRF:0
BRH:0
DA:29,0
DA:30,0
DA:31,0
DA:32,0
DA:33,0
DA:34,0
DA:35,0
DA:36,0
DA:37,0
DA:38,0
DA:39,0
DA:40,0
DA:41,0
DA:42,0
DA:43,0
DA:44,0
DA:45,0
DA:46,0
DA:47,0
DA:48,0
DA:49,0
DA:51,0
DA:52,0
DA:53,0
DA:54,0
DA:57,0
DA:58,0
DA:59,0
DA:60,0
DA:61,0
DA:62,0
LF:31
LH:0
end_of_record
SF:conjure_oxide/src/rules/constant.rs
FN:70,conjure_oxide::rules::constant::bin_op::<bool, bool>
FN:48,conjure_oxide::rules::constant::eval_constant::{closure#12}
FN:70,conjure_oxide::rules::constant::bin_op::<i32, i32>
FN:33,conjure_oxide::rules::constant::eval_constant::{closure#5}
FN:62,conjure_oxide::rules::constant::un_op::<bool, bool>
FN:114,conjure_oxide::rules::constant::unwrap_expr::<bool>
FN:8,conjure_oxide::rules::constant::apply_eval_constant
FN:28,conjure_oxide::rules::constant::eval_constant::{closure#1}::{closure#0}
FN:33,conjure_oxide::rules::constant::eval_constant::{closure#5}
FN:39,conjure_oxide::rules::constant::eval_constant::{closure#9}
FN:13,conjure_oxide::rules::constant::apply_eval_constant::{closure#0}
FN:53,conjure_oxide::rules::constant::eval_constant::{closure#14}
FN:51,conjure_oxide::rules::constant::eval_constant::{closure#13}
FN:114,conjure_oxide::rules::constant::unwrap_expr::<i32>
FN:7,conjure_oxide::rules::constant::CONJURE_GEN_RULE_APPLY_EVAL_CONSTANT::__typecheck
FN:44,conjure_oxide::rules::constant::eval_constant::{closure#11}
FN:22,conjure_oxide::rules::constant::eval_constant
FN:36,conjure_oxide::rules::constant::eval_constant::{closure#7}
FN:39,conjure_oxide::rules::constant::eval_constant::{closure#9}::{closure#0}
FN:32,conjure_oxide::rules::constant::eval_constant::{closure#4}
FN:89,conjure_oxide::rules::constant::vec_op::<bool, bool>
FN:79,conjure_oxide::rules::constant::tern_op::<i32, bool>
FN:38,conjure_oxide::rules::constant::eval_constant::{closure#8}
FN:28,conjure_oxide::rules::constant::eval_constant::{closure#1}::{closure#0}
FN:22,conjure_oxide::rules::constant::eval_constant
FN:31,conjure_oxide::rules::constant::eval_constant::{closure#3}
FN:54,conjure_oxide::rules::constant::eval_constant::{closure#15}
FN:8,conjure_oxide::rules::constant::apply_eval_constant
FN:34,conjure_oxide::rules::constant::eval_constant::{closure#6}
FN:41,conjure_oxide::rules::constant::eval_constant::{closure#10}
FN:30,conjure_oxide::rules::constant::eval_constant::{closure#2}
FN:70,conjure_oxide::rules::constant::bin_op::<i32, bool>
FN:114,conjure_oxide::rules::constant::unwrap_expr::<i32>
FN:38,conjure_oxide::rules::constant::eval_constant::{closure#8}::{closure#0}
FN:70,conjure_oxide::rules::constant::bin_op::<bool, bool>
FN:79,conjure_oxide::rules::constant::tern_op::<i32, bool>
FN:114,conjure_oxide::rules::constant::unwrap_expr::<bool>
FN:27,conjure_oxide::rules::constant::eval_constant::{closure#0}
FN:7,conjure_oxide::rules::constant::CONJURE_GEN_RULE_APPLY_EVAL_CONSTANT::__typecheck
FN:70,conjure_oxide::rules::constant::bin_op::<i32, i32>
FN:38,conjure_oxide::rules::constant::eval_constant::{closure#8}
FN:39,conjure_oxide::rules::constant::eval_constant::{closure#9}
FN:41,conjure_oxide::rules::constant::eval_constant::{closure#10}
FN:28,conjure_oxide::rules::constant::eval_constant::{closure#1}
FN:34,conjure_oxide::rules::constant::eval_constant::{closure#6}
FN:101,conjure_oxide::rules::constant::flat_op::<i32, bool>
FN:54,conjure_oxide::rules::constant::eval_constant::{closure#15}
FN:48,conjure_oxide::rules::constant::eval_constant::{closure#12}
FN:89,conjure_oxide::rules::constant::vec_op::<bool, bool>
FN:89,conjure_oxide::rules::constant::vec_op::<i32, i32>
FN:27,conjure_oxide::rules::constant::eval_constant::{closure#0}
FN:62,conjure_oxide::rules::constant::un_op::<bool, bool>
FN:31,conjure_oxide::rules::constant::eval_constant::{closure#3}
FN:51,conjure_oxide::rules::constant::eval_constant::{closure#13}
FN:89,conjure_oxide::rules::constant::vec_op::<i32, i32>
FN:36,conjure_oxide::rules::constant::eval_constant::{closure#7}
FN:30,conjure_oxide::rules::constant::eval_constant::{closure#2}
FN:38,conjure_oxide::rules::constant::eval_constant::{closure#8}::{closure#0}
FN:39,conjure_oxide::rules::constant::eval_constant::{closure#9}::{closure#0}
FN:32,conjure_oxide::rules::constant::eval_constant::{closure#4}
FN:28,conjure_oxide::rules::constant::eval_constant::{closure#1}
FN:44,conjure_oxide::rules::constant::eval_constant::{closure#11}
FN:70,conjure_oxide::rules::constant::bin_op::<i32, bool>
FN:101,conjure_oxide::rules::constant::flat_op::<i32, bool>
FN:13,conjure_oxide::rules::constant::apply_eval_constant::{closure#0}
FN:53,conjure_oxide::rules::constant::eval_constant::{closure#14}
FNDA:1,conjure_oxide::rules::constant::bin_op::<bool, bool>
FNDA:0,conjure_oxide::rules::constant::eval_constant::{closure#12}
FNDA:0,conjure_oxide::rules::constant::bin_op::<i32, i32>
FNDA:0,conjure_oxide::rules::constant::eval_constant::{closure#5}
FNDA:0,conjure_oxide::rules::constant::un_op::<bool, bool>
FNDA:1,conjure_oxide::rules::constant::unwrap_expr::<bool>
FNDA:1,conjure_oxide::rules::constant::apply_eval_constant
FNDA:0,conjure_oxide::rules::constant::eval_constant::{closure#1}::{closure#0}
FNDA:0,conjure_oxide::rules::constant::eval_constant::{closure#5}
FNDA:0,conjure_oxide::rules::constant::eval_constant::{closure#9}
FNDA:0,conjure_oxide::rules::constant::apply_eval_constant::{closure#0}
FNDA:0,conjure_oxide::rules::constant::eval_constant::{closure#14}
FNDA:0,conjure_oxide::rules::constant::eval_constant::{closure#13}
FNDA:1,conjure_oxide::rules::constant::unwrap_expr::<i32>
FNDA:0,conjure_oxide::rules::constant::CONJURE_GEN_RULE_APPLY_EVAL_CONSTANT::__typecheck
FNDA:0,conjure_oxide::rules::constant::eval_constant::{closure#11}
FNDA:1,conjure_oxide::rules::constant::eval_constant
FNDA:0,conjure_oxide::rules::constant::eval_constant::{closure#7}
FNDA:0,conjure_oxide::rules::constant::eval_constant::{closure#9}::{closure#0}
FNDA:0,conjure_oxide::rules::constant::eval_constant::{closure#4}
FNDA:0,conjure_oxide::rules::constant::vec_op::<bool, bool>
FNDA:1,conjure_oxide::rules::constant::tern_op::<i32, bool>
FNDA:0,conjure_oxide::rules::constant::eval_constant::{closure#8}
FNDA:0,conjure_oxide::rules::constant::eval_constant::{closure#1}::{closure#0}
FNDA:0,conjure_oxide::rules::constant::eval_constant
FNDA:0,conjure_oxide::rules::constant::eval_constant::{closure#3}
FNDA:0,conjure_oxide::rules::constant::eval_constant::{closure#15}
FNDA:0,conjure_oxide::rules::constant::apply_eval_constant
FNDA:0,conjure_oxide::rules::constant::eval_constant::{closure#6}
FNDA:0,conjure_oxide::rules::constant::eval_constant::{closure#10}
FNDA:0,conjure_oxide::rules::constant::eval_constant::{closure#2}
FNDA:0,conjure_oxide::rules::constant::bin_op::<i32, bool>
FNDA:0,conjure_oxide::rules::constant::unwrap_expr::<i32>
FNDA:0,conjure_oxide::rules::constant::eval_constant::{closure#8}::{closure#0}
FNDA:0,conjure_oxide::rules::constant::bin_op::<bool, bool>
FNDA:0,conjure_oxide::rules::constant::tern_op::<i32, bool>
FNDA:0,conjure_oxide::rules::constant::unwrap_expr::<bool>
FNDA:0,conjure_oxide::rules::constant::eval_constant::{closure#0}
FNDA:0,conjure_oxide::rules::constant::CONJURE_GEN_RULE_APPLY_EVAL_CONSTANT::__typecheck
FNDA:0,conjure_oxide::rules::constant::bin_op::<i32, i32>
FNDA:0,conjure_oxide::rules::constant::eval_constant::{closure#8}
FNDA:0,conjure_oxide::rules::constant::eval_constant::{closure#9}
FNDA:0,conjure_oxide::rules::constant::eval_constant::{closure#10}
FNDA:1,conjure_oxide::rules::constant::eval_constant::{closure#1}
FNDA:0,conjure_oxide::rules::constant::eval_constant::{closure#6}
FNDA:0,conjure_oxide::rules::constant::flat_op::<i32, bool>
FNDA:0,conjure_oxide::rules::constant::eval_constant::{closure#15}
FNDA:0,conjure_oxide::rules::constant::eval_constant::{closure#12}
FNDA:1,conjure_oxide::rules::constant::vec_op::<bool, bool>
FNDA:0,conjure_oxide::rules::constant::vec_op::<i32, i32>
FNDA:0,conjure_oxide::rules::constant::eval_constant::{closure#0}
FNDA:0,conjure_oxide::rules::constant::un_op::<bool, bool>
FNDA:0,conjure_oxide::rules::constant::eval_constant::{closure#3}
FNDA:0,conjure_oxide::rules::constant::eval_constant::{closure#13}
FNDA:1,conjure_oxide::rules::constant::vec_op::<i32, i32>
FNDA:0,conjure_oxide::rules::constant::eval_constant::{closure#7}
FNDA:0,conjure_oxide::rules::constant::eval_constant::{closure#2}
FNDA:0,conjure_oxide::rules::constant::eval_constant::{closure#8}::{closure#0}
FNDA:0,conjure_oxide::rules::constant::eval_constant::{closure#9}::{closure#0}
FNDA:0,conjure_oxide::rules::constant::eval_constant::{closure#4}
FNDA:0,conjure_oxide::rules::constant::eval_constant::{closure#1}
FNDA:0,conjure_oxide::rules::constant::eval_constant::{closure#11}
FNDA:1,conjure_oxide::rules::constant::bin_op::<i32, bool>
FNDA:1,conjure_oxide::rules::constant::flat_op::<i32, bool>
FNDA:0,conjure_oxide::rules::constant::apply_eval_constant::{closure#0}
FNDA:0,conjure_oxide::rules::constant::eval_constant::{closure#14}
FNF:66
FNH:11
BRF:0
BRH:0
DA:7,0
DA:8,234
DA:9,234
DA:10,24
DA:11,210
DA:12,210
DA:13,210
DA:14,210
DA:15,210
DA:16,234
DA:22,444
DA:23,444
DA:24,0
DA:25,210
DA:27,24
DA:28,24
DA:29,24
DA:30,6
DA:31,0
DA:32,0
DA:33,0
DA:34,6
DA:36,0
DA:38,42
DA:39,0
DA:41,84
DA:43,6
DA:44,6
DA:47,30
DA:48,30
DA:50,12
DA:51,12
DA:53,0
DA:54,0
DA:56,24
DA:57,24
DA:60,444
DA:62,0
DA:63,0
DA:64,0
DA:65,0
DA:66,0
DA:67,0
DA:68,0
DA:70,60
DA:71,60
DA:72,60
DA:73,60
DA:74,60
DA:75,0
DA:76,0
DA:77,60
DA:79,6
DA:80,6
DA:81,6
DA:82,6
DA:83,6
DA:84,0
DA:85,0
DA:86,0
DA:87,6
DA:89,126
DA:90,126
DA:91,126
DA:92,126
DA:93,126
DA:94,126
DA:95,126
DA:96,126
DA:97,126
DA:98,0
DA:99,126
DA:101,42
DA:102,42
DA:103,42
DA:104,42
DA:105,42
DA:106,42
DA:107,42
DA:108,42
DA:109,42
DA:110,0
DA:111,0
DA:112,42
DA:114,234
DA:115,234
DA:116,0
DA:117,234
LF:88
LH:63
end_of_record
SF:crates/conjure_core/src/metadata.rs
FN:4,<<conjure_core::metadata::Metadata as serde::de::Deserialize>::deserialize::__Visitor as serde::de::Visitor>::expecting
FN:4,<<conjure_core::metadata::Metadata as serde::de::Deserialize>::deserialize::__Field as serde::de::Deserialize>::deserialize::<serde_json::de::MapKey<serde_json::read::StrRead>>
FN:4,<<conjure_core::metadata::Metadata as serde::de::Deserialize>::deserialize::__FieldVisitor as serde::de::Visitor>::expecting
FN:4,<<conjure_core::metadata::Metadata as serde::de::Deserialize>::deserialize::__Visitor as serde::de::Visitor>::expecting
FN:4,<<conjure_core::metadata::Metadata as serde::de::Deserialize>::deserialize::__FieldVisitor as serde::de::Visitor>::visit_bytes::<_>
FN:10,<conjure_core::metadata::Metadata>::new
FN:4,<<conjure_core::metadata::Metadata as serde::de::Deserialize>::deserialize::__Visitor as serde::de::Visitor>::visit_map::<serde_json::de::MapAccess<serde_json::read::StrRead>>
FN:4,<<conjure_core::metadata::Metadata as serde::de::Deserialize>::deserialize::__FieldVisitor as serde::de::Visitor>::visit_str::<_>
FN:4,<<conjure_core::metadata::Metadata as serde::de::Deserialize>::deserialize::__Visitor as serde::de::Visitor>::visit_map::<_>
FN:4,<<conjure_core::metadata::Metadata as serde::de::Deserialize>::deserialize::__FieldVisitor as serde::de::Visitor>::visit_u64::<_>
FN:4,<<conjure_core::metadata::Metadata as serde::de::Deserialize>::deserialize::__Visitor as serde::de::Visitor>::visit_seq::<_>
FN:4,<<conjure_core::metadata::Metadata as serde::de::Deserialize>::deserialize::__FieldVisitor as serde::de::Visitor>::visit_u64::<_>
FN:4,<<conjure_core::metadata::Metadata as serde::de::Deserialize>::deserialize::__FieldVisitor as serde::de::Visitor>::visit_str::<_>
FN:4,<<conjure_core::metadata::Metadata as serde::de::Deserialize>::deserialize::__Visitor as serde::de::Visitor>::visit_seq::<serde_json::de::SeqAccess<serde_json::read::StrRead>>
FN:4,<<conjure_core::metadata::Metadata as serde::de::Deserialize>::deserialize::__FieldVisitor as serde::de::Visitor>::visit_bytes::<_>
FN:10,<conjure_core::metadata::Metadata>::new
FN:4,<<conjure_core::metadata::Metadata as serde::de::Deserialize>::deserialize::__Visitor as serde::de::Visitor>::visit_seq::<_>
FN:16,<conjure_core::metadata::Metadata as core::fmt::Display>::fmt
FN:4,<<conjure_core::metadata::Metadata as serde::de::Deserialize>::deserialize::__Field as serde::de::Deserialize>::deserialize::<_>
FN:4,<<conjure_core::metadata::Metadata as serde::de::Deserialize>::deserialize::__FieldVisitor as serde::de::Visitor>::expecting
FN:16,<conjure_core::metadata::Metadata as core::fmt::Display>::fmt
FN:4,<<conjure_core::metadata::Metadata as serde::de::Deserialize>::deserialize::__Field as serde::de::Deserialize>::deserialize::<_>
FN:4,<<conjure_core::metadata::Metadata as serde::de::Deserialize>::deserialize::__FieldVisitor as serde::de::Visitor>::visit_str::<serde_json::error::Error>
FN:4,<<conjure_core::metadata::Metadata as serde::de::Deserialize>::deserialize::__Visitor as serde::de::Visitor>::visit_map::<_>
FNDA:0,<<conjure_core::metadata::Metadata as serde::de::Deserialize>::deserialize::__Visitor as serde::de::Visitor>::expecting
FNDA:1,<<conjure_core::metadata::Metadata as serde::de::Deserialize>::deserialize::__Field as serde::de::Deserialize>::deserialize::<serde_json::de::MapKey<serde_json::read::StrRead>>
FNDA:0,<<conjure_core::metadata::Metadata as serde::de::Deserialize>::deserialize::__FieldVisitor as serde::de::Visitor>::expecting
FNDA:0,<<conjure_core::metadata::Metadata as serde::de::Deserialize>::deserialize::__Visitor as serde::de::Visitor>::expecting
FNDA:0,<<conjure_core::metadata::Metadata as serde::de::Deserialize>::deserialize::__FieldVisitor as serde::de::Visitor>::visit_bytes::<_>
FNDA:0,<conjure_core::metadata::Metadata>::new
FNDA:1,<<conjure_core::metadata::Metadata as serde::de::Deserialize>::deserialize::__Visitor as serde::de::Visitor>::visit_map::<serde_json::de::MapAccess<serde_json::read::StrRead>>
FNDA:0,<<conjure_core::metadata::Metadata as serde::de::Deserialize>::deserialize::__FieldVisitor as serde::de::Visitor>::visit_str::<_>
FNDA:0,<<conjure_core::metadata::Metadata as serde::de::Deserialize>::deserialize::__Visitor as serde::de::Visitor>::visit_map::<_>
FNDA:0,<<conjure_core::metadata::Metadata as serde::de::Deserialize>::deserialize::__FieldVisitor as serde::de::Visitor>::visit_u64::<_>
FNDA:0,<<conjure_core::metadata::Metadata as serde::de::Deserialize>::deserialize::__Visitor as serde::de::Visitor>::visit_seq::<_>
FNDA:0,<<conjure_core::metadata::Metadata as serde::de::Deserialize>::deserialize::__FieldVisitor as serde::de::Visitor>::visit_u64::<_>
FNDA:0,<<conjure_core::metadata::Metadata as serde::de::Deserialize>::deserialize::__FieldVisitor as serde::de::Visitor>::visit_str::<_>
FNDA:0,<<conjure_core::metadata::Metadata as serde::de::Deserialize>::deserialize::__Visitor as serde::de::Visitor>::visit_seq::<serde_json::de::SeqAccess<serde_json::read::StrRead>>
FNDA:0,<<conjure_core::metadata::Metadata as serde::de::Deserialize>::deserialize::__FieldVisitor as serde::de::Visitor>::visit_bytes::<_>
FNDA:1,<conjure_core::metadata::Metadata>::new
FNDA:0,<<conjure_core::metadata::Metadata as serde::de::Deserialize>::deserialize::__Visitor as serde::de::Visitor>::visit_seq::<_>
FNDA:0,<conjure_core::metadata::Metadata as core::fmt::Display>::fmt
FNDA:0,<<conjure_core::metadata::Metadata as serde::de::Deserialize>::deserialize::__Field as serde::de::Deserialize>::deserialize::<_>
FNDA:0,<<conjure_core::metadata::Metadata as serde::de::Deserialize>::deserialize::__FieldVisitor as serde::de::Visitor>::expecting
FNDA:0,<conjure_core::metadata::Metadata as core::fmt::Display>::fmt
FNDA:0,<<conjure_core::metadata::Metadata as serde::de::Deserialize>::deserialize::__Field as serde::de::Deserialize>::deserialize::<_>
FNDA:1,<<conjure_core::metadata::Metadata as serde::de::Deserialize>::deserialize::__FieldVisitor as serde::de::Visitor>::visit_str::<serde_json::error::Error>
FNDA:0,<<conjure_core::metadata::Metadata as serde::de::Deserialize>::deserialize::__Visitor as serde::de::Visitor>::visit_map::<_>
FNF:24
FNH:4
BRF:0
BRH:0
DA:4,12
DA:10,28
DA:11,28
DA:12,28
DA:16,0
DA:17,0
DA:18,0
LF:7
LH:4
end_of_record
SF:conjure_oxide/src/solvers/kissat.rs
FN:67,<conjure_oxide::solvers::kissat::CNF>::get_index
FN:244,<conjure_oxide::solvers::kissat::CNF>::handle_expression
FN:96,<conjure_oxide::solvers::kissat::CNF>::has_variable::<i32>
FN:43,<conjure_oxide::solvers::kissat::CNF>::new
FN:139,<conjure_oxide::solvers::kissat::CNF>::clause_to_expression
FN:165,<conjure_oxide::solvers::kissat::CNF>::get_reference_index
FN:103,<conjure_oxide::solvers::kissat::CNF>::add_clause
FN:344,conjure_oxide::solvers::kissat::tests::test_single_not
FN:422,conjure_oxide::solvers::kissat::tests::test_multiple
FN:517,conjure_oxide::solvers::kissat::tests::test_int
FN:126,<conjure_oxide::solvers::kissat::CNF>::as_expression
FN:54,<conjure_oxide::solvers::kissat::CNF>::get_variables
FN:281,<conjure_oxide::solvers::kissat::CNF as conjure_oxide::solvers::FromConjureModel>::from_conjure
FN:452,conjure_oxide::solvers::kissat::tests::test_and
FN:126,<conjure_oxide::solvers::kissat::CNF>::as_expression
FN:224,<conjure_oxide::solvers::kissat::CNF>::handle_and
FN:322,conjure_oxide::solvers::kissat::tests::test_single_var
FN:364,conjure_oxide::solvers::kissat::tests::test_single_or
FN:165,<conjure_oxide::solvers::kissat::CNF>::get_reference_index
FN:67,<conjure_oxide::solvers::kissat::CNF>::get_index
FN:116,<conjure_oxide::solvers::kissat::CNF>::add_expression
FN:390,conjure_oxide::solvers::kissat::tests::test_or_not
FN:266,<&conjure_core::ast::Name as conjure_oxide::solvers::kissat::HasVariable>::has_variable
FN:88,<conjure_oxide::solvers::kissat::CNF>::add_variable
FN:54,<conjure_oxide::solvers::kissat::CNF>::get_variables
FN:88,<conjure_oxide::solvers::kissat::CNF>::add_variable
FN:260,<i32 as conjure_oxide::solvers::kissat::HasVariable>::has_variable
FN:184,<conjure_oxide::solvers::kissat::CNF>::handle_not
FN:177,<conjure_oxide::solvers::kissat::CNF>::handle_reference
FN:116,<conjure_oxide::solvers::kissat::CNF>::add_expression
FN:244,<conjure_oxide::solvers::kissat::CNF>::handle_expression
FN:103,<conjure_oxide::solvers::kissat::CNF>::add_clause
FN:22,<conjure_oxide::solvers::kissat::CNFError as core::fmt::Display>::fmt
FN:74,<conjure_oxide::solvers::kissat::CNF>::get_name
FN:266,<&conjure_core::ast::Name as conjure_oxide::solvers::kissat::HasVariable>::has_variable
FN:74,<conjure_oxide::solvers::kissat::CNF>::get_name
FN:224,<conjure_oxide::solvers::kissat::CNF>::handle_and
FN:177,<conjure_oxide::solvers::kissat::CNF>::handle_reference
FN:481,conjure_oxide::solvers::kissat::tests::test_nested_ors
FN:96,<conjure_oxide::solvers::kissat::CNF>::has_variable::<i32>
FN:184,<conjure_oxide::solvers::kissat::CNF>::handle_not
FN:212,<conjure_oxide::solvers::kissat::CNF>::handle_flat_expression
FN:260,<i32 as conjure_oxide::solvers::kissat::HasVariable>::has_variable
FN:22,<conjure_oxide::solvers::kissat::CNFError as core::fmt::Display>::fmt
FN:43,<conjure_oxide::solvers::kissat::CNF>::new
FN:139,<conjure_oxide::solvers::kissat::CNF>::clause_to_expression
FN:541,conjure_oxide::solvers::kissat::tests::test_eq
FN:212,<conjure_oxide::solvers::kissat::CNF>::handle_flat_expression
FN:196,<conjure_oxide::solvers::kissat::CNF>::handle_or
FN:281,<conjure_oxide::solvers::kissat::CNF as conjure_oxide::solvers::FromConjureModel>::from_conjure
FN:196,<conjure_oxide::solvers::kissat::CNF>::handle_or
FNDA:0,<conjure_oxide::solvers::kissat::CNF>::get_index
FNDA:1,<conjure_oxide::solvers::kissat::CNF>::handle_expression
FNDA:1,<conjure_oxide::solvers::kissat::CNF>::has_variable::<i32>
FNDA:1,<conjure_oxide::solvers::kissat::CNF>::new
FNDA:1,<conjure_oxide::solvers::kissat::CNF>::clause_to_expression
FNDA:1,<conjure_oxide::solvers::kissat::CNF>::get_reference_index
FNDA:1,<conjure_oxide::solvers::kissat::CNF>::add_clause
FNDA:1,conjure_oxide::solvers::kissat::tests::test_single_not
FNDA:1,conjure_oxide::solvers::kissat::tests::test_multiple
FNDA:1,conjure_oxide::solvers::kissat::tests::test_int
FNDA:0,<conjure_oxide::solvers::kissat::CNF>::as_expression
FNDA:0,<conjure_oxide::solvers::kissat::CNF>::get_variables
FNDA:0,<conjure_oxide::solvers::kissat::CNF as conjure_oxide::solvers::FromConjureModel>::from_conjure
FNDA:1,conjure_oxide::solvers::kissat::tests::test_and
FNDA:1,<conjure_oxide::solvers::kissat::CNF>::as_expression
FNDA:0,<conjure_oxide::solvers::kissat::CNF>::handle_and
FNDA:1,conjure_oxide::solvers::kissat::tests::test_single_var
FNDA:1,conjure_oxide::solvers::kissat::tests::test_single_or
FNDA:0,<conjure_oxide::solvers::kissat::CNF>::get_reference_index
FNDA:1,<conjure_oxide::solvers::kissat::CNF>::get_index
FNDA:1,<conjure_oxide::solvers::kissat::CNF>::add_expression
FNDA:1,conjure_oxide::solvers::kissat::tests::test_or_not
FNDA:0,<&conjure_core::ast::Name as conjure_oxide::solvers::kissat::HasVariable>::has_variable
FNDA:0,<conjure_oxide::solvers::kissat::CNF>::add_variable
FNDA:0,<conjure_oxide::solvers::kissat::CNF>::get_variables
FNDA:1,<conjure_oxide::solvers::kissat::CNF>::add_variable
FNDA:0,<i32 as conjure_oxide::solvers::kissat::HasVariable>::has_variable
FNDA:1,<conjure_oxide::solvers::kissat::CNF>::handle_not
FNDA:1,<conjure_oxide::solvers::kissat::CNF>::handle_reference
FNDA:0,<conjure_oxide::solvers::kissat::CNF>::add_expression
FNDA:0,<conjure_oxide::solvers::kissat::CNF>::handle_expression
FNDA:0,<conjure_oxide::solvers::kissat::CNF>::add_clause
FNDA:0,<conjure_oxide::solvers::kissat::CNFError as core::fmt::Display>::fmt
FNDA:1,<conjure_oxide::solvers::kissat::CNF>::get_name
FNDA:0,<&conjure_core::ast::Name as conjure_oxide::solvers::kissat::HasVariable>::has_variable
FNDA:0,<conjure_oxide::solvers::kissat::CNF>::get_name
FNDA:0,<conjure_oxide::solvers::kissat::CNF>::handle_and
FNDA:0,<conjure_oxide::solvers::kissat::CNF>::handle_reference
FNDA:1,conjure_oxide::solvers::kissat::tests::test_nested_ors
FNDA:0,<conjure_oxide::solvers::kissat::CNF>::has_variable::<i32>
FNDA:0,<conjure_oxide::solvers::kissat::CNF>::handle_not
FNDA:0,<conjure_oxide::solvers::kissat::CNF>::handle_flat_expression
FNDA:1,<i32 as conjure_oxide::solvers::kissat::HasVariable>::has_variable
FNDA:0,<conjure_oxide::solvers::kissat::CNFError as core::fmt::Display>::fmt
FNDA:0,<conjure_oxide::solvers::kissat::CNF>::new
FNDA:0,<conjure_oxide::solvers::kissat::CNF>::clause_to_expression
FNDA:1,conjure_oxide::solvers::kissat::tests::test_eq
FNDA:1,<conjure_oxide::solvers::kissat::CNF>::handle_flat_expression
FNDA:0,<conjure_oxide::solvers::kissat::CNF>::handle_or
FNDA:1,<conjure_oxide::solvers::kissat::CNF as conjure_oxide::solvers::FromConjureModel>::from_conjure
FNDA:1,<conjure_oxide::solvers::kissat::CNF>::handle_or
FNF:51
FNH:26
BRF:0
BRH:0
DA:22,0
DA:43,9
DA:44,9
DA:45,9
DA:46,9
DA:47,9
DA:48,9
DA:49,9
DA:54,0
DA:55,0
DA:57,0
DA:58,0
DA:59,0
DA:61,0
DA:62,0
DA:67,67
DA:68,67
DA:69,67
DA:74,27
DA:75,41
DA:76,41
DA:77,41
DA:78,27
DA:79,14
DA:82,0
DA:83,27
DA:88,16
DA:89,16
DA:90,16
DA:91,16
DA:96,13
DA:97,13
DA:98,13
DA:103,9
DA:104,22
DA:105,13
DA:106,0
DA:107,13
DA:109,9
DA:110,9
DA:111,9
DA:116,10
DA:117,10
DA:118,9
DA:120,9
DA:121,10
DA:126,6
DA:127,6
DA:129,14
DA:130,8
DA:133,6
DA:134,6
DA:139,8
DA:140,8
DA:142,20
DA:143,12
DA:144,0
DA:145,12
DA:146,12
DA:147,10
DA:149,2
DA:150,2
DA:151,2
DA:157,8
DA:158,8
DA:165,13
DA:166,13
DA:167,0
DA:168,13
DA:170,13
DA:177,11
DA:178,11
DA:179,11
DA:184,2
DA:185,2
DA:186,2
DA:188,2
DA:189,0
DA:191,2
DA:196,4
DA:197,4
DA:199,12
DA:200,8
DA:201,17
DA:202,9
DA:203,9
DA:206,4
DA:207,4
DA:212,18
DA:213,18
DA:214,11
DA:215,2
DA:216,4
DA:217,1
DA:219,18
DA:224,0
DA:225,0
DA:227,0
DA:228,0
DA:229,0
DA:230,0
DA:233,0
DA:238,0
DA:239,0
DA:244,10
DA:245,10
DA:246,0
DA:247,10
DA:249,10
DA:260,13
DA:261,13
DA:262,13
DA:266,0
DA:267,0
DA:268,0
DA:281,9
DA:282,9
DA:284,17
DA:286,17
DA:287,17
DA:288,1
DA:289,1
DA:290,1
DA:291,1
DA:292,16
DA:293,16
DA:294,16
DA:297,10
DA:298,10
DA:299,9
DA:300,1
DA:301,1
DA:302,1
DA:307,7
DA:308,9
DA:322,1
DA:323,1
DA:324,1
DA:325,1
DA:326,1
DA:327,1
DA:328,1
DA:329,1
DA:330,1
DA:331,1
DA:332,1
DA:334,1
DA:335,1
DA:336,1
DA:337,1
DA:338,1
DA:340,1
DA:341,1
DA:344,1
DA:345,1
DA:346,1
DA:347,1
DA:348,1
DA:349,1
DA:350,1
DA:351,1
DA:352,1
DA:353,1
DA:354,1
DA:355,1
DA:357,1
DA:358,1
DA:359,1
DA:360,1
DA:361,1
DA:364,1
DA:365,1
DA:366,1
DA:367,1
DA:368,1
DA:369,1
DA:370,1
DA:371,1
DA:372,1
DA:373,1
DA:374,1
DA:375,1
DA:376,1
DA:377,1
DA:378,1
DA:379,1
DA:380,1
DA:381,1
DA:382,1
DA:383,1
DA:384,1
DA:385,1
DA:386,1
DA:387,1
DA:390,1
DA:391,1
DA:392,1
DA:393,1
DA:394,1
DA:395,1
DA:396,1
DA:397,1
DA:398,1
DA:399,1
DA:400,1
DA:401,1
DA:402,1
DA:403,1
DA:404,1
DA:405,1
DA:406,1
DA:407,1
DA:408,1
DA:409,1
DA:410,1
DA:411,1
DA:412,1
DA:413,1
DA:414,1
DA:415,1
DA:416,1
DA:417,1
DA:418,1
DA:419,1
DA:422,1
DA:423,1
DA:424,1
DA:425,1
DA:426,1
DA:427,1
DA:428,1
DA:429,1
DA:430,1
DA:431,1
DA:432,1
DA:433,1
DA:434,1
DA:435,1
DA:436,1
DA:437,1
DA:438,1
DA:439,1
DA:440,1
DA:441,1
DA:442,1
DA:443,1
DA:444,1
DA:445,1
DA:446,1
DA:447,1
DA:448,1
DA:449,1
DA:452,1
DA:453,1
DA:454,1
DA:455,1
DA:456,1
DA:457,1
DA:458,1
DA:459,1
DA:460,1
DA:461,1
DA:462,1
DA:463,1
DA:464,1
DA:465,1
DA:466,1
DA:467,1
DA:468,1
DA:469,1
DA:470,1
DA:471,1
DA:472,1
DA:473,1
DA:474,1
DA:475,1
DA:476,1
DA:477,1
DA:478,1
DA:481,1
DA:482,1
DA:483,1
DA:484,1
DA:485,1
DA:486,1
DA:487,1
DA:488,1
DA:489,1
DA:490,1
DA:491,1
DA:492,1
DA:493,1
DA:494,1
DA:495,1
DA:496,1
DA:497,1
DA:498,1
DA:499,1
DA:500,1
DA:501,1
DA:502,1
DA:503,1
DA:504,1
DA:505,1
DA:506,1
DA:507,1
DA:508,1
DA:509,1
DA:510,1
DA:511,1
DA:512,1
DA:513,1
DA:514,1
DA:517,1
DA:518,1
DA:519,1
DA:520,1
DA:521,1
DA:522,1
DA:523,1
DA:524,1
DA:525,1
DA:526,1
DA:527,1
DA:528,1
DA:529,1
DA:530,1
DA:531,1
DA:532,1
DA:533,1
DA:534,1
DA:535,1
DA:536,1
DA:537,1
DA:538,1
DA:541,1
DA:542,1
DA:543,1
DA:544,1
DA:545,1
DA:546,1
DA:547,1
DA:548,1
DA:549,1
DA:550,1
DA:551,1
DA:552,1
DA:553,1
DA:554,1
DA:555,1
DA:556,1
DA:557,1
DA:558,1
DA:559,1
LF:354
LH:328
end_of_record
SF:solvers/chuffed/tests/chuffed_basic_run.rs
FN:42,chuffed_basic_run::run_basic_problem
FN:11,chuffed_basic_run::post_constraints
FN:35,callback
FNDA:1,chuffed_basic_run::run_basic_problem
FNDA:0,chuffed_basic_run::post_constraints
FNDA:0,callback
FNF:3
FNH:1
BRF:0
BRH:0
DA:11,0
DA:12,0
DA:13,0
DA:14,0
DA:15,0
DA:16,0
DA:17,0
DA:18,0
DA:19,0
DA:20,0
DA:21,0
DA:22,0
DA:23,0
DA:24,0
DA:25,0
DA:26,0
DA:27,0
DA:28,0
DA:29,0
DA:30,0
DA:31,0
DA:35,0
DA:36,0
DA:37,0
DA:42,1
DA:43,1
DA:44,1
DA:45,1
DA:46,1
DA:47,1
DA:48,0
DA:49,0
DA:50,0
DA:51,0
DA:52,0
DA:53,0
DA:54,0
DA:55,0
DA:56,0
DA:57,0
DA:58,0
DA:59,0
DA:60,0
DA:61,0
DA:62,0
DA:63,0
DA:64,0
DA:65,0
DA:67,1
LF:49
LH:7
end_of_record
SF:conjure_oxide/src/rewrite.rs
FN:71,conjure_oxide::rewrite::apply_all_rules
FN:40,conjure_oxide::rewrite::rewrite_iteration
FN:71,conjure_oxide::rewrite::apply_all_rules
FN:16,conjure_oxide::rewrite::rewrite_model
FN:94,conjure_oxide::rewrite::choose_rewrite
FN:16,conjure_oxide::rewrite::rewrite_model
FN:40,conjure_oxide::rewrite::rewrite_iteration
FN:94,conjure_oxide::rewrite::choose_rewrite
FNDA:0,conjure_oxide::rewrite::apply_all_rules
FNDA:1,conjure_oxide::rewrite::rewrite_iteration
FNDA:1,conjure_oxide::rewrite::apply_all_rules
FNDA:0,conjure_oxide::rewrite::rewrite_model
FNDA:0,conjure_oxide::rewrite::choose_rewrite
FNDA:1,conjure_oxide::rewrite::rewrite_model
FNDA:0,conjure_oxide::rewrite::rewrite_iteration
FNDA:1,conjure_oxide::rewrite::choose_rewrite
FNF:8
FNH:4
BRF:0
BRH:0
DA:16,24
DA:17,24
DA:18,24
DA:19,54
DA:20,30
DA:21,30
DA:22,30
DA:23,30
DA:24,0
DA:26,0
DA:27,0
DA:28,0
DA:30,0
DA:34,24
DA:35,24
DA:40,234
DA:41,234
DA:42,234
DA:43,234
DA:44,234
DA:45,234
DA:46,234
DA:47,30
DA:49,204
DA:50,132
DA:51,72
DA:52,180
DA:53,180
DA:54,30
DA:55,30
DA:56,30
DA:57,30
DA:58,30
DA:59,30
DA:60,150
DA:65,174
DA:66,234
DA:71,234
DA:72,234
DA:73,234
DA:74,234
DA:75,234
DA:76,234
DA:77,6318
DA:78,6084
DA:79,30
DA:80,30
DA:81,30
DA:82,30
DA:83,30
DA:84,30
DA:85,6054
DA:88,234
DA:89,234
DA:94,234
DA:95,234
DA:96,204
DA:97,30
DA:98,30
DA:99,30
DA:100,30
DA:101,234
LF:62
LH:57
end_of_record
SF:solvers/chuffed/tests/chuffed_cpp_run.rs
FN:4,chuffed_cpp_run::run_cpp_problem
FNDA:1,chuffed_cpp_run::run_cpp_problem
FNF:1
FNH:1
BRF:0
BRH:0
DA:4,1
DA:5,1
DA:6,1
DA:7,1
DA:8,1
DA:9,1
DA:10,1
DA:11,1
DA:12,1
DA:14,1
LF:10
LH:10
end_of_record
SF:crates/conjure_core/src/solvers.rs
FN:5,<conjure_core::solvers::SolverIter as core::iter::traits::iterator::Iterator>::size_hint
FN:5,<conjure_core::solvers::SolverIter as core::fmt::Debug>::fmt
FN:5,<conjure_core::solvers::SolverIter as core::iter::traits::iterator::Iterator>::nth
FN:5,<conjure_core::solvers::SolverIter as core::iter::traits::exact_size::ExactSizeIterator>::len
FN:5,<conjure_core::solvers::Solver as core::fmt::Display>::fmt
FN:5,<conjure_core::solvers::SolverIter>::get
FN:5,<conjure_core::solvers::Solver as strum::IntoEnumIterator>::iter
FN:5,<conjure_core::solvers::SolverIter as core::clone::Clone>::clone
FN:5,<conjure_core::solvers::SolverIter as core::iter::traits::double_ended::DoubleEndedIterator>::next_back
FN:5,<conjure_core::solvers::SolverIter as core::fmt::Debug>::fmt
FN:5,<conjure_core::solvers::Solver as core::str::traits::FromStr>::from_str
FN:5,<conjure_core::solvers::SolverIter as core::iter::traits::double_ended::DoubleEndedIterator>::next_back
FN:5,<conjure_core::solvers::SolverIter as core::clone::Clone>::clone
FN:5,<conjure_core::solvers::Solver as core::str::traits::FromStr>::from_str
FN:5,<conjure_core::solvers::Solver as core::convert::TryFrom<&str>>::try_from
FN:5,<conjure_core::solvers::Solver as strum::IntoEnumIterator>::iter
FN:5,<conjure_core::solvers::SolverIter as core::iter::traits::exact_size::ExactSizeIterator>::len
FN:5,<conjure_core::solvers::SolverIter as core::iter::traits::iterator::Iterator>::nth
FN:5,<conjure_core::solvers::SolverIter as core::iter::traits::iterator::Iterator>::next
FN:5,<conjure_core::solvers::SolverIter>::get
FN:5,<conjure_core::solvers::SolverIter as core::iter::traits::iterator::Iterator>::size_hint
FN:5,<conjure_core::solvers::SolverIter as core::iter::traits::iterator::Iterator>::next
FN:5,<conjure_core::solvers::Solver as core::fmt::Display>::fmt
FN:5,<conjure_core::solvers::Solver as core::convert::TryFrom<&str>>::try_from
FNDA:0,<conjure_core::solvers::SolverIter as core::iter::traits::iterator::Iterator>::size_hint
FNDA:0,<conjure_core::solvers::SolverIter as core::fmt::Debug>::fmt
FNDA:0,<conjure_core::solvers::SolverIter as core::iter::traits::iterator::Iterator>::nth
FNDA:0,<conjure_core::solvers::SolverIter as core::iter::traits::exact_size::ExactSizeIterator>::len
FNDA:0,<conjure_core::solvers::Solver as core::fmt::Display>::fmt
FNDA:0,<conjure_core::solvers::SolverIter>::get
FNDA:0,<conjure_core::solvers::Solver as strum::IntoEnumIterator>::iter
FNDA:0,<conjure_core::solvers::SolverIter as core::clone::Clone>::clone
FNDA:0,<conjure_core::solvers::SolverIter as core::iter::traits::double_ended::DoubleEndedIterator>::next_back
FNDA:0,<conjure_core::solvers::SolverIter as core::fmt::Debug>::fmt
FNDA:0,<conjure_core::solvers::Solver as core::str::traits::FromStr>::from_str
FNDA:0,<conjure_core::solvers::SolverIter as core::iter::traits::double_ended::DoubleEndedIterator>::next_back
FNDA:0,<conjure_core::solvers::SolverIter as core::clone::Clone>::clone
FNDA:0,<conjure_core::solvers::Solver as core::str::traits::FromStr>::from_str
FNDA:0,<conjure_core::solvers::Solver as core::convert::TryFrom<&str>>::try_from
FNDA:0,<conjure_core::solvers::Solver as strum::IntoEnumIterator>::iter
FNDA:0,<conjure_core::solvers::SolverIter as core::iter::traits::exact_size::ExactSizeIterator>::len
FNDA:0,<conjure_core::solvers::SolverIter as core::iter::traits::iterator::Iterator>::nth
FNDA:0,<conjure_core::solvers::SolverIter as core::iter::traits::iterator::Iterator>::next
FNDA:0,<conjure_core::solvers::SolverIter>::get
FNDA:0,<conjure_core::solvers::SolverIter as core::iter::traits::iterator::Iterator>::size_hint
FNDA:0,<conjure_core::solvers::SolverIter as core::iter::traits::iterator::Iterator>::next
FNDA:0,<conjure_core::solvers::Solver as core::fmt::Display>::fmt
FNDA:0,<conjure_core::solvers::Solver as core::convert::TryFrom<&str>>::try_from
FNF:24
FNH:0
BRF:0
BRH:0
DA:5,0
LF:1
LH:0
end_of_record
SF:conjure_oxide/src/find_conjure.rs
FN:9,conjure_oxide::find_conjure::conjure_executable
FN:9,conjure_oxide::find_conjure::conjure_executable
FN:25,conjure_oxide::find_conjure::conjure_executable::{closure#0}
FN:25,conjure_oxide::find_conjure::conjure_executable::{closure#0}
FNDA:1,conjure_oxide::find_conjure::conjure_executable
FNDA:0,conjure_oxide::find_conjure::conjure_executable
FNDA:0,conjure_oxide::find_conjure::conjure_executable::{closure#0}
FNDA:0,conjure_oxide::find_conjure::conjure_executable::{closure#0}
FNF:4
FNH:1
BRF:0
BRH:0
DA:9,6
DA:10,6
DA:11,6
DA:12,6
DA:13,6
DA:15,6
DA:16,0
DA:17,6
DA:18,6
DA:19,6
DA:20,6
DA:21,6
DA:22,6
DA:23,0
DA:24,0
DA:25,0
DA:26,0
DA:27,0
DA:28,0
DA:29,0
DA:30,0
DA:32,0
DA:34,6
DA:35,6
DA:36,6
DA:37,6
DA:38,6
DA:39,6
DA:40,6
DA:41,6
DA:42,0
DA:43,0
DA:44,0
DA:45,0
DA:46,0
DA:47,6
DA:48,6
DA:49,6
LF:38
LH:23
end_of_record
SF:conjure_oxide/src/solvers/minion.rs
FN:129,conjure_oxide::solvers::minion::parse_expr
FN:194,conjure_oxide::solvers::minion::read_const
FN:105,conjure_oxide::solvers::minion::_try_add_var
FN:97,conjure_oxide::solvers::minion::_parse_booldomain_var
FN:223,conjure_oxide::solvers::minion::tests::flat_xyz_model
FN:119,conjure_oxide::solvers::minion::parse_exprs
FN:48,conjure_oxide::solvers::minion::parse_var
FN:256,conjure_oxide::solvers::minion::tests::xyz_callback
FN:48,conjure_oxide::solvers::minion::parse_var
FN:129,conjure_oxide::solvers::minion::parse_expr
FN:23,<minion_rs::ast::Model as conjure_oxide::solvers::FromConjureModel>::from_conjure
FN:204,conjure_oxide::solvers::minion::_name_to_string
FN:194,conjure_oxide::solvers::minion::read_const
FN:105,conjure_oxide::solvers::minion::_try_add_var
FN:204,conjure_oxide::solvers::minion::_name_to_string
FN:60,conjure_oxide::solvers::minion::_parse_intdomain_var
FN:97,conjure_oxide::solvers::minion::_parse_booldomain_var
FN:170,conjure_oxide::solvers::minion::read_var
FN:119,conjure_oxide::solvers::minion::parse_exprs
FN:35,conjure_oxide::solvers::minion::parse_vars
FN:35,conjure_oxide::solvers::minion::parse_vars
FN:161,conjure_oxide::solvers::minion::read_vars
FN:181,conjure_oxide::solvers::minion::_read_ref
FN:170,conjure_oxide::solvers::minion::read_var
FN:161,conjure_oxide::solvers::minion::read_vars
FN:181,conjure_oxide::solvers::minion::_read_ref
FN:60,conjure_oxide::solvers::minion::_parse_intdomain_var
FN:279,conjure_oxide::solvers::minion::tests::add_int_with_range
FN:23,<minion_rs::ast::Model as conjure_oxide::solvers::FromConjureModel>::from_conjure
FNDA:1,conjure_oxide::solvers::minion::parse_expr
FNDA:1,conjure_oxide::solvers::minion::read_const
FNDA:1,conjure_oxide::solvers::minion::_try_add_var
FNDA:1,conjure_oxide::solvers::minion::_parse_booldomain_var
FNDA:1,conjure_oxide::solvers::minion::tests::flat_xyz_model
FNDA:1,conjure_oxide::solvers::minion::parse_exprs
FNDA:1,conjure_oxide::solvers::minion::parse_var
FNDA:1,conjure_oxide::solvers::minion::tests::xyz_callback
FNDA:1,conjure_oxide::solvers::minion::parse_var
FNDA:1,conjure_oxide::solvers::minion::parse_expr
FNDA:1,<minion_rs::ast::Model as conjure_oxide::solvers::FromConjureModel>::from_conjure
FNDA:1,conjure_oxide::solvers::minion::_name_to_string
FNDA:1,conjure_oxide::solvers::minion::read_const
FNDA:1,conjure_oxide::solvers::minion::_try_add_var
FNDA:1,conjure_oxide::solvers::minion::_name_to_string
FNDA:1,conjure_oxide::solvers::minion::_parse_intdomain_var
FNDA:0,conjure_oxide::solvers::minion::_parse_booldomain_var
FNDA:1,conjure_oxide::solvers::minion::read_var
FNDA:1,conjure_oxide::solvers::minion::parse_exprs
FNDA:1,conjure_oxide::solvers::minion::parse_vars
FNDA:1,conjure_oxide::solvers::minion::parse_vars
FNDA:1,conjure_oxide::solvers::minion::read_vars
FNDA:1,conjure_oxide::solvers::minion::_read_ref
FNDA:1,conjure_oxide::solvers::minion::read_var
FNDA:1,conjure_oxide::solvers::minion::read_vars
FNDA:1,conjure_oxide::solvers::minion::_read_ref
FNDA:1,conjure_oxide::solvers::minion::_parse_intdomain_var
FNDA:1,conjure_oxide::solvers::minion::tests::add_int_with_range
FNDA:1,<minion_rs::ast::Model as conjure_oxide::solvers::FromConjureModel>::from_conjure
FNF:29
FNH:28
BRF:0
BRH:0
DA:23,25
DA:24,25
DA:25,25
DA:26,25
DA:27,25
DA:28,25
DA:29,25
DA:31,25
DA:32,25
DA:35,25
DA:36,25
DA:37,25
DA:38,25
DA:42,51
DA:43,51
DA:45,25
DA:46,25
DA:48,51
DA:49,51
DA:50,51
DA:51,51
DA:52,51
DA:53,51
DA:54,21
DA:55,30
DA:56,0
DA:58,51
DA:60,21
DA:61,21
DA:62,21
DA:63,21
DA:64,21
DA:65,21
DA:66,21
DA:67,21
DA:68,0
DA:69,0
DA:70,0
DA:71,0
DA:72,0
DA:73,0
DA:74,0
DA:75,0
DA:76,21
DA:78,21
DA:79,21
DA:80,21
DA:81,21
DA:83,21
DA:84,21
DA:85,0
DA:87,0
DA:88,0
DA:90,21
DA:91,21
DA:92,21
DA:93,21
DA:94,21
DA:95,21
DA:97,30
DA:98,30
DA:99,30
DA:100,30
DA:101,30
DA:102,30
DA:103,30
DA:105,51
DA:106,51
DA:107,51
DA:108,51
DA:109,51
DA:110,51
DA:111,51
DA:112,51
DA:113,51
DA:114,51
DA:115,51
DA:116,51
DA:117,51
DA:119,25
DA:120,25
DA:121,25
DA:122,25
DA:123,27
DA:124,27
DA:126,25
DA:127,25
DA:129,27
DA:130,27
DA:131,7
DA:132,7
DA:133,7
DA:134,7
DA:135,7
DA:137,7
DA:138,7
DA:139,7
DA:140,7
DA:141,7
DA:143,7
DA:144,7
DA:145,7
DA:146,7
DA:147,7
DA:149,7
DA:151,6
DA:152,6
DA:153,6
DA:154,6
DA:155,6
DA:157,0
DA:159,27
DA:161,14
DA:162,14
DA:163,56
DA:164,42
DA:165,42
DA:167,14
DA:168,14
DA:170,82
DA:171,82
DA:172,82
DA:173,68
DA:174,14
DA:175,14
DA:176,0
DA:179,82
DA:181,82
DA:182,82
DA:183,68
DA:184,14
DA:185,14
DA:186,14
DA:187,14
DA:188,14
DA:190,68
DA:191,68
DA:192,82
DA:194,21
DA:195,21
DA:196,21
DA:197,0
DA:198,0
DA:199,0
DA:200,0
DA:202,21
DA:204,119
DA:205,119
DA:206,119
DA:207,0
DA:209,119
DA:223,1
DA:224,1
DA:225,1
DA:226,1
DA:227,1
DA:228,1
DA:229,1
DA:230,1
DA:231,1
DA:232,1
DA:234,1
DA:235,1
DA:236,1
DA:237,1
DA:238,1
DA:239,1
DA:240,1
DA:241,1
DA:242,1
DA:243,1
DA:244,1
DA:245,1
DA:246,1
DA:247,1
DA:248,1
DA:249,1
DA:251,1
DA:252,1
DA:253,1
DA:256,1
DA:257,1
DA:258,1
DA:259,0
DA:262,1
DA:263,1
DA:264,0
DA:267,1
DA:268,1
DA:269,0
DA:272,1
DA:273,1
DA:274,1
DA:276,1
DA:277,1
DA:279,3
DA:280,3
DA:281,3
DA:282,3
DA:283,3
DA:284,3
DA:285,3
DA:286,3
DA:287,3
DA:288,3
DA:289,3
DA:290,3
DA:291,3
DA:292,3
DA:293,3
DA:294,3
DA:295,3
DA:296,0
DA:297,0
DA:298,0
DA:299,0
DA:300,3
DA:301,3
DA:302,3
DA:303,3
LF:220
LH:194
end_of_record
SF:solvers/minion/src/error.rs
FN:10,<minion_rs::error::MinionError as core::convert::From<anyhow::Error>>::from
FN:10,<minion_rs::error::MinionError as core::fmt::Display>::fmt
FN:10,<minion_rs::error::MinionError as core::error::Error>::source
FN:10,<minion_rs::error::MinionError as core::convert::From<minion_rs::error::RuntimeError>>::from
FN:42,<minion_rs::error::RuntimeError as core::convert::From<u32>>::from
FN:10,<minion_rs::error::MinionError as core::convert::From<minion_rs::error::RuntimeError>>::from
FN:27,<minion_rs::error::RuntimeError as core::fmt::Display>::fmt
FN:27,<minion_rs::error::RuntimeError as core::fmt::Display>::fmt
FN:10,<minion_rs::error::MinionError as core::convert::From<anyhow::Error>>::from
FN:42,<minion_rs::error::RuntimeError as core::convert::From<u32>>::from
FN:10,<minion_rs::error::MinionError as core::fmt::Display>::fmt
FN:10,<minion_rs::error::MinionError as core::error::Error>::source
FNDA:0,<minion_rs::error::MinionError as core::convert::From<anyhow::Error>>::from
FNDA:0,<minion_rs::error::MinionError as core::fmt::Display>::fmt
FNDA:0,<minion_rs::error::MinionError as core::error::Error>::source
FNDA:0,<minion_rs::error::MinionError as core::convert::From<minion_rs::error::RuntimeError>>::from
FNDA:0,<minion_rs::error::RuntimeError as core::convert::From<u32>>::from
FNDA:0,<minion_rs::error::MinionError as core::convert::From<minion_rs::error::RuntimeError>>::from
FNDA:0,<minion_rs::error::RuntimeError as core::fmt::Display>::fmt
FNDA:0,<minion_rs::error::RuntimeError as core::fmt::Display>::fmt
FNDA:0,<minion_rs::error::MinionError as core::convert::From<anyhow::Error>>::from
FNDA:0,<minion_rs::error::RuntimeError as core::convert::From<u32>>::from
FNDA:0,<minion_rs::error::MinionError as core::fmt::Display>::fmt
FNDA:0,<minion_rs::error::MinionError as core::error::Error>::source
FNF:12
FNH:0
BRF:0
BRH:0
DA:10,0
DA:27,0
DA:42,0
DA:43,0
DA:45,0
DA:46,0
DA:48,0
LF:7
LH:0
end_of_record
SF:crates/conjure_rules/src/lib.rs
FN:67,conjure_rules::get_rule_by_name
FN:63,conjure_rules::get_rules
FN:68,conjure_rules::get_rule_by_name::{closure#0}
FN:63,conjure_rules::get_rules
FN:68,conjure_rules::get_rule_by_name::{closure#0}
FN:67,conjure_rules::get_rule_by_name
FNDA:0,conjure_rules::get_rule_by_name
FNDA:1,conjure_rules::get_rules
FNDA:0,conjure_rules::get_rule_by_name::{closure#0}
FNDA:0,conjure_rules::get_rules
FNDA:0,conjure_rules::get_rule_by_name::{closure#0}
FNDA:0,conjure_rules::get_rule_by_name
FNF:6
FNH:1
BRF:0
BRH:0
DA:63,28
DA:64,28
DA:65,28
DA:67,0
DA:68,0
DA:69,0
LF:6
LH:3
end_of_record
SF:crates/conjure_core/src/rule.rs
FN:82,<conjure_core::rule::Rule as core::fmt::Display>::fmt
FN:56,<conjure_core::rule::Reduction>::with_top
FN:38,<conjure_core::rule::Reduction>::pure
FN:76,<conjure_core::rule::Rule>::apply
FN:47,<conjure_core::rule::Reduction>::with_symbols
FN:76,<conjure_core::rule::Rule>::apply
FN:7,<conjure_core::rule::ApplicationError as core::fmt::Display>::fmt
FN:82,<conjure_core::rule::Rule as core::fmt::Display>::fmt
FN:72,<conjure_core::rule::Rule>::new
FN:7,<conjure_core::rule::ApplicationError as core::fmt::Display>::fmt
FN:72,<conjure_core::rule::Rule>::new
FN:47,<conjure_core::rule::Reduction>::with_symbols
FN:38,<conjure_core::rule::Reduction>::pure
FN:56,<conjure_core::rule::Reduction>::with_top
FN:29,<conjure_core::rule::Reduction>::new
FN:29,<conjure_core::rule::Reduction>::new
FNDA:0,<conjure_core::rule::Rule as core::fmt::Display>::fmt
FNDA:0,<conjure_core::rule::Reduction>::with_top
FNDA:1,<conjure_core::rule::Reduction>::pure
FNDA:1,<conjure_core::rule::Rule>::apply
FNDA:0,<conjure_core::rule::Reduction>::with_symbols
FNDA:0,<conjure_core::rule::Rule>::apply
FNDA:0,<conjure_core::rule::ApplicationError as core::fmt::Display>::fmt
FNDA:0,<conjure_core::rule::Rule as core::fmt::Display>::fmt
FNDA:0,<conjure_core::rule::Rule>::new
FNDA:0,<conjure_core::rule::ApplicationError as core::fmt::Display>::fmt
FNDA:0,<conjure_core::rule::Rule>::new
FNDA:0,<conjure_core::rule::Reduction>::with_symbols
FNDA:0,<conjure_core::rule::Reduction>::pure
FNDA:0,<conjure_core::rule::Reduction>::with_top
FNDA:0,<conjure_core::rule::Reduction>::new
FNDA:1,<conjure_core::rule::Reduction>::new
FNF:16
FNH:3
BRF:0
BRH:0
DA:7,0
DA:29,35
DA:30,35
DA:31,35
DA:32,35
DA:33,35
DA:34,35
DA:35,35
DA:38,35
DA:39,35
DA:40,35
DA:41,35
DA:42,35
DA:43,35
DA:44,35
DA:47,0
DA:48,0
DA:49,0
DA:50,0
DA:51,0
DA:52,0
DA:53,0
DA:56,0
DA:57,0
DA:58,0
DA:59,0
DA:60,0
DA:61,0
DA:62,0
DA:72,0
DA:73,0
DA:74,0
DA:76,7098
DA:77,7098
DA:78,7098
DA:82,0
DA:83,0
DA:84,0
LF:38
LH:17
end_of_record
SF:solvers/minion/src/scoped_ptr.rs
FN:23,<minion_rs::scoped_ptr::Scoped<minion_rs::ffi::ProbSpec_SearchOrder> as core::ops::drop::Drop>::drop
FN:23,<minion_rs::scoped_ptr::Scoped<[u64; 3]> as core::ops::drop::Drop>::drop
FN:23,<minion_rs::scoped_ptr::Scoped<minion_rs::ffi::ProbSpec_ConstraintBlob> as core::ops::drop::Drop>::drop
FN:16,<minion_rs::scoped_ptr::Scoped<[u64; 3]>>::new
FN:16,<minion_rs::scoped_ptr::Scoped<minion_rs::ffi::ProbSpec_SearchOrder>>::new
FN:23,<minion_rs::scoped_ptr::Scoped<_> as core::ops::drop::Drop>::drop
FN:16,<minion_rs::scoped_ptr::Scoped<minion_rs::ffi::ProbSpec_ConstraintBlob>>::new
FN:16,<minion_rs::scoped_ptr::Scoped<_>>::new
FNDA:1,<minion_rs::scoped_ptr::Scoped<minion_rs::ffi::ProbSpec_SearchOrder> as core::ops::drop::Drop>::drop
FNDA:1,<minion_rs::scoped_ptr::Scoped<[u64; 3]> as core::ops::drop::Drop>::drop
FNDA:1,<minion_rs::scoped_ptr::Scoped<minion_rs::ffi::ProbSpec_ConstraintBlob> as core::ops::drop::Drop>::drop
FNDA:1,<minion_rs::scoped_ptr::Scoped<[u64; 3]>>::new
FNDA:1,<minion_rs::scoped_ptr::Scoped<minion_rs::ffi::ProbSpec_SearchOrder>>::new
FNDA:0,<minion_rs::scoped_ptr::Scoped<_> as core::ops::drop::Drop>::drop
FNDA:1,<minion_rs::scoped_ptr::Scoped<minion_rs::ffi::ProbSpec_ConstraintBlob>>::new
FNDA:0,<minion_rs::scoped_ptr::Scoped<_>>::new
FNF:8
FNH:6
BRF:0
BRH:0
DA:16,248
DA:17,248
DA:18,248
DA:23,248
DA:24,248
DA:25,248
LF:6
LH:6
end_of_record
SF:solvers/minion/src/ffi.rs
FN:16,hello_from_rust
FN:26,minion_rs::ffi::tests::xyz_raw
FNDA:0,hello_from_rust
FNDA:0,minion_rs::ffi::tests::xyz_raw
FNF:2
FNH:0
BRF:0
BRH:0
DA:16,0
DA:17,0
DA:18,0
DA:19,0
DA:20,0
DA:21,0
DA:22,0
DA:23,0
DA:26,0
DA:27,0
DA:28,0
DA:29,0
DA:30,0
DA:31,0
DA:32,0
DA:33,0
DA:34,0
DA:35,0
DA:36,0
DA:37,0
DA:38,0
DA:39,0
DA:40,0
DA:41,0
DA:42,0
DA:43,0
DA:44,0
DA:45,0
DA:46,0
DA:47,0
DA:48,0
DA:49,0
DA:50,0
DA:51,0
DA:52,0
DA:53,0
DA:54,0
DA:55,0
DA:56,0
DA:57,0
DA:58,0
DA:59,0
DA:60,0
DA:61,0
DA:62,0
DA:63,0
DA:64,0
DA:65,0
DA:66,0
DA:67,0
DA:68,0
DA:69,0
DA:70,0
DA:71,0
DA:72,0
DA:73,0
DA:74,0
DA:75,0
DA:76,0
DA:77,0
DA:78,0
DA:79,0
DA:80,0
DA:81,0
DA:82,0
DA:83,0
DA:84,0
DA:85,0
DA:86,0
DA:87,0
DA:88,0
DA:89,0
DA:90,0
DA:91,0
DA:92,0
DA:93,0
DA:94,0
DA:95,0
DA:96,0
DA:97,0
DA:100,0
DA:101,0
DA:102,0
DA:104,0
LF:84
LH:0
end_of_record
SF:solvers/chuffed/src/lib.rs
FN:65,chuffed_rs::wrappers::int_plus_wrapper
FN:15,chuffed_rs::wrappers::create_var
FN:65,chuffed_rs::wrappers::int_plus_wrapper
FN:59,chuffed_rs::wrappers::var_sym_break_wrapper
FN:52,chuffed_rs::wrappers::output_vars_wrapper
FN:25,chuffed_rs::wrappers::create_vars
FN:35,chuffed_rs::wrappers::all_different_wrapper
FN:42,chuffed_rs::wrappers::branch_wrapper
FN:52,chuffed_rs::wrappers::output_vars_wrapper
FN:15,chuffed_rs::wrappers::create_var
FN:42,chuffed_rs::wrappers::branch_wrapper
FN:59,chuffed_rs::wrappers::var_sym_break_wrapper
FN:35,chuffed_rs::wrappers::all_different_wrapper
FN:25,chuffed_rs::wrappers::create_vars
FNDA:0,chuffed_rs::wrappers::int_plus_wrapper
FNDA:0,chuffed_rs::wrappers::create_var
FNDA:0,chuffed_rs::wrappers::int_plus_wrapper
FNDA:0,chuffed_rs::wrappers::var_sym_break_wrapper
FNDA:0,chuffed_rs::wrappers::output_vars_wrapper
FNDA:0,chuffed_rs::wrappers::create_vars
FNDA:0,chuffed_rs::wrappers::all_different_wrapper
FNDA:0,chuffed_rs::wrappers::branch_wrapper
FNDA:0,chuffed_rs::wrappers::output_vars_wrapper
FNDA:0,chuffed_rs::wrappers::create_var
FNDA:0,chuffed_rs::wrappers::branch_wrapper
FNDA:0,chuffed_rs::wrappers::var_sym_break_wrapper
FNDA:0,chuffed_rs::wrappers::all_different_wrapper
FNDA:0,chuffed_rs::wrappers::create_vars
FNF:14
FNH:0
BRF:0
BRH:0
DA:15,0
DA:16,0
DA:17,0
DA:18,0
DA:19,0
DA:20,0
DA:21,0
DA:22,0
DA:25,0
DA:26,0
DA:27,0
DA:28,0
DA:29,0
DA:30,0
DA:31,0
DA:32,0
DA:35,0
DA:36,0
DA:37,0
DA:38,0
DA:39,0
DA:42,0
DA:43,0
DA:44,0
DA:45,0
DA:46,0
DA:47,0
DA:48,0
DA:49,0
DA:50,0
DA:52,0
DA:53,0
DA:54,0
DA:55,0
DA:56,0
DA:57,0
DA:59,0
DA:60,0
DA:61,0
DA:62,0
DA:63,0
DA:65,0
DA:66,0
DA:67,0
DA:68,0
DA:69,0
LF:46
LH:0
end_of_record
SF:crates/doc_solver_support/src/lib.rs
FN:16,<doc_solver_support::RemoveSolverAttrs as syn::gen::visit_mut::VisitMut>::visit_variant_mut
FN:48,<doc_solver_support::RemoveSolverAttrs as syn::gen::visit_mut::VisitMut>::visit_variant_mut::{closure#1}
FN:176,doc_solver_support::doc_solver_support::{closure#0}
FN:124,doc_solver_support::doc_solver_support
FN:176,doc_solver_support::doc_solver_support::{closure#0}
FN:124,doc_solver_support::doc_solver_support
FN:48,<doc_solver_support::RemoveSolverAttrs as syn::gen::visit_mut::VisitMut>::visit_variant_mut::{closure#1}
FN:16,<doc_solver_support::RemoveSolverAttrs as syn::gen::visit_mut::VisitMut>::visit_variant_mut
FN:48,<doc_solver_support::RemoveSolverAttrs as syn::gen::visit_mut::VisitMut>::visit_variant_mut::{closure#1}
FN:16,<doc_solver_support::RemoveSolverAttrs as syn::gen::visit_mut::VisitMut>::visit_variant_mut
FN:176,doc_solver_support::doc_solver_support::{closure#0}
FN:47,<doc_solver_support::RemoveSolverAttrs as syn::gen::visit_mut::VisitMut>::visit_variant_mut::{closure#0}
FN:47,<doc_solver_support::RemoveSolverAttrs as syn::gen::visit_mut::VisitMut>::visit_variant_mut::{closure#0}
FN:47,<doc_solver_support::RemoveSolverAttrs as syn::gen::visit_mut::VisitMut>::visit_variant_mut::{closure#0}
FN:124,doc_solver_support::doc_solver_support
FNDA:1,<doc_solver_support::RemoveSolverAttrs as syn::gen::visit_mut::VisitMut>::visit_variant_mut
FNDA:0,<doc_solver_support::RemoveSolverAttrs as syn::gen::visit_mut::VisitMut>::visit_variant_mut::{closure#1}
FNDA:1,doc_solver_support::doc_solver_support::{closure#0}
FNDA:0,doc_solver_support::doc_solver_support
FNDA:0,doc_solver_support::doc_solver_support::{closure#0}
FNDA:0,doc_solver_support::doc_solver_support
FNDA:0,<doc_solver_support::RemoveSolverAttrs as syn::gen::visit_mut::VisitMut>::visit_variant_mut::{closure#1}
FNDA:0,<doc_solver_support::RemoveSolverAttrs as syn::gen::visit_mut::VisitMut>::visit_variant_mut
FNDA:1,<doc_solver_support::RemoveSolverAttrs as syn::gen::visit_mut::VisitMut>::visit_variant_mut::{closure#1}
FNDA:0,<doc_solver_support::RemoveSolverAttrs as syn::gen::visit_mut::VisitMut>::visit_variant_mut
FNDA:0,doc_solver_support::doc_solver_support::{closure#0}
FNDA:0,<doc_solver_support::RemoveSolverAttrs as syn::gen::visit_mut::VisitMut>::visit_variant_mut::{closure#0}
FNDA:0,<doc_solver_support::RemoveSolverAttrs as syn::gen::visit_mut::VisitMut>::visit_variant_mut::{closure#0}
FNDA:1,<doc_solver_support::RemoveSolverAttrs as syn::gen::visit_mut::VisitMut>::visit_variant_mut::{closure#0}
FNDA:1,doc_solver_support::doc_solver_support
FNF:15
FNH:5
BRF:0
BRH:0
DA:16,95
DA:17,95
DA:18,95
DA:19,95
DA:20,95
DA:21,95
DA:22,95
DA:23,95
DA:24,55
DA:25,15
DA:26,40
DA:27,40
DA:28,40
DA:29,40
DA:30,85
DA:31,45
DA:32,45
DA:33,45
DA:34,45
DA:37,95
DA:38,40
DA:39,40
DA:40,40
DA:41,40
DA:42,55
DA:44,95
DA:45,95
DA:46,95
DA:47,95
DA:48,95
DA:49,95
DA:50,95
DA:51,95
DA:52,95
DA:124,5
DA:126,5
DA:127,5
DA:130,95
DA:131,95
DA:132,95
DA:133,55
DA:134,15
DA:135,40
DA:136,40
DA:137,40
DA:138,40
DA:139,40
DA:140,85
DA:141,45
DA:142,45
DA:143,45
DA:145,10
DA:146,10
DA:148,35
DA:149,35
DA:150,35
DA:159,5
DA:160,5
DA:161,5
DA:162,5
DA:163,5
DA:164,5
DA:165,5
DA:166,5
DA:167,10
DA:169,10
DA:172,45
DA:173,10
DA:174,10
DA:175,10
DA:176,45
DA:177,10
DA:178,45
DA:179,45
DA:180,45
DA:183,10
DA:186,5
DA:187,5
DA:188,5
DA:189,5
DA:190,5
DA:191,5
DA:192,5
LF:83
LH:83
end_of_record
SF:crates/conjure_core/src/ast.rs
FN:77,<<conjure_core::ast::Name as serde::de::Deserialize>::deserialize::__Visitor as serde::de::Visitor>::visit_enum::<serde_json::de::UnitVariantAccess<serde_json::read::StrRead>>
FN:92,<<conjure_core::ast::DecisionVariable as serde::de::Deserialize>::deserialize::__Visitor as serde::de::Visitor>::visit_seq::<_>
FN:13,<<conjure_core::ast::Model as serde::de::Deserialize>::deserialize::__FieldVisitor as serde::de::Visitor>::expecting
FN:160,<<<conjure_core::ast::Expression as serde::de::Deserialize>::deserialize::__Visitor as serde::de::Visitor>::visit_enum::__Visitor as serde::de::Visitor>::visit_seq::<_>
FN:13,<<conjure_core::ast::Model as serde::ser::Serialize>::serialize::__SerializeWith as serde::ser::Serialize>::serialize::<serde_json::value::ser::Serializer>
FN:120,<<conjure_core::ast::Domain as serde::de::Deserialize>::deserialize::__FieldVisitor as serde::de::Visitor>::visit_u64::<_>
FN:13,<<conjure_core::ast::Model as serde::de::Deserialize>::deserialize::__Visitor as serde::de::Visitor>::visit_seq::<serde_json::de::SeqAccess<serde_json::read::StrRead>>::{closure#0}
FN:160,<conjure_core::ast::Expression>::is_safe_div
FN:160,<<<conjure_core::ast::Expression as serde::de::Deserialize>::deserialize::__Visitor as serde::de::Visitor>::visit_enum::__Visitor as serde::de::Visitor>::visit_seq::<_>
FN:160,<<conjure_core::ast::Expression as serde::de::Deserialize>::deserialize::__FieldVisitor as serde::de::Visitor>::expecting
FN:13,<<conjure_core::ast::Model as serde::de::Deserialize>::deserialize::__Visitor as serde::de::Visitor>::visit_seq::<_>
FN:316,conjure_core::ast::display_expressions::{closure#0}
FN:13,<<conjure_core::ast::Model as serde::ser::Serialize>::serialize::__SerializeWith as serde::ser::Serialize>::serialize::<_>
FN:77,<<conjure_core::ast::Name as serde::de::Deserialize>::deserialize::__Visitor as serde::de::Visitor>::visit_enum::<_>
FN:160,<conjure_core::ast::Expression>::is_nothing
FN:160,<<<conjure_core::ast::Expression as serde::de::Deserialize>::deserialize::__Visitor as serde::de::Visitor>::visit_enum::__Visitor as serde::de::Visitor>::visit_seq::<_>
FN:28,<conjure_core::ast::Model>::update_domain
FN:160,<<<conjure_core::ast::Expression as serde::de::Deserialize>::deserialize::__Visitor as serde::de::Visitor>::visit_enum::__Visitor as serde::de::Visitor>::expecting
FN:132,<<conjure_core::ast::Constant as serde::de::Deserialize>::deserialize::__FieldVisitor as serde::de::Visitor>::visit_bytes::<_>
FN:92,<<conjure_core::ast::DecisionVariable as serde::de::Deserialize>::deserialize::__FieldVisitor as serde::de::Visitor>::visit_str::<_>
FN:13,<<conjure_core::ast::Model as serde::de::Deserialize>::deserialize::__FieldVisitor as serde::de::Visitor>::visit_str::<_>
FN:72,<conjure_core::ast::Model as core::default::Default>::default
FN:160,<<<conjure_core::ast::Expression as serde::de::Deserialize>::deserialize::__Visitor as serde::de::Visitor>::visit_enum::__Visitor as serde::de::Visitor>::expecting
FN:13,<<conjure_core::ast::Model as serde::de::Deserialize>::deserialize::__Visitor as serde::de::Visitor>::visit_seq::<_>::{closure#0}
FN:13,<<conjure_core::ast::Model as serde::de::Deserialize>::deserialize::__Visitor as serde::de::Visitor>::visit_seq::<_>
FN:13,<<<conjure_core::ast::Model as serde::de::Deserialize>::deserialize::__Visitor as serde::de::Visitor>::visit_map::__DeserializeWith as serde::de::Deserialize>::deserialize::<_>
FN:151,<bool as core::convert::TryFrom<conjure_core::ast::Constant>>::try_from
FN:34,<conjure_core::ast::Model>::add_variable
FN:141,<i32 as core::convert::TryFrom<conjure_core::ast::Constant>>::try_from
FN:160,<conjure_core::ast::Expression>::is_leq
FN:160,<<<conjure_core::ast::Expression as serde::de::Deserialize>::deserialize::__Visitor as serde::de::Visitor>::visit_enum::__Visitor as serde::de::Visitor>::visit_seq::<serde_json::de::SeqAccess<serde_json::read::StrRead>>
FN:160,<<<conjure_core::ast::Expression as serde::de::Deserialize>::deserialize::__Visitor as serde::de::Visitor>::visit_enum::__Visitor as serde::de::Visitor>::visit_seq::<serde_json::de::SeqAccess<serde_json::read::StrRead>>
FN:160,<<<conjure_core::ast::Expression as serde::de::Deserialize>::deserialize::__Visitor as serde::de::Visitor>::visit_enum::__Visitor as serde::de::Visitor>::visit_seq::<_>
FN:151,<bool as core::convert::TryFrom<conjure_core::ast::Constant>>::try_from
FN:92,<<conjure_core::ast::DecisionVariable as serde::de::Deserialize>::deserialize::__Visitor as serde::de::Visitor>::visit_map::<_>
FN:120,<<conjure_core::ast::Domain as serde::de::Deserialize>::deserialize::__Visitor as serde::de::Visitor>::visit_enum::<serde_json::de::VariantAccess<serde_json::read::StrRead>>
FN:160,<<<conjure_core::ast::Expression as serde::de::Deserialize>::deserialize::__Visitor as serde::de::Visitor>::visit_enum::__Visitor as serde::de::Visitor>::visit_seq::<serde_json::de::SeqAccess<serde_json::read::StrRead>>
FN:160,<<<conjure_core::ast::Expression as serde::de::Deserialize>::deserialize::__Visitor as serde::de::Visitor>::visit_enum::__Visitor as serde::de::Visitor>::visit_seq::<_>
FN:126,<<conjure_core::ast::Range<_> as serde::de::Deserialize>::deserialize::__Visitor<_> as serde::de::Visitor>::visit_enum::<_>
FN:160,<conjure_core::ast::Expression>::is_and
FN:160,<conjure_core::ast::Expression>::is_nothing
FN:310,conjure_core::ast::display_expressions
FN:160,<conjure_core::ast::Expression>::is_eq
FN:126,<<conjure_core::ast::Range<_> as serde::de::Deserialize>::deserialize::__FieldVisitor as serde::de::Visitor>::expecting
FN:160,<<<conjure_core::ast::Expression as serde::de::Deserialize>::deserialize::__Visitor as serde::de::Visitor>::visit_enum::__Visitor as serde::de::Visitor>::expecting
FN:126,<<conjure_core::ast::Range<_> as serde::de::Deserialize>::deserialize::__Visitor<_> as serde::de::Visitor>::visit_enum::<_>
FN:120,<<conjure_core::ast::Domain as serde::de::Deserialize>::deserialize::__FieldVisitor as serde::de::Visitor>::visit_str::<serde_json::error::Error>
FN:160,<conjure_core::ast::Expression>::is_eq
FN:13,<<<conjure_core::ast::Model as serde::de::Deserialize>::deserialize::__Visitor as serde::de::Visitor>::visit_map::__DeserializeWith as serde::de::Deserialize>::deserialize::<_>
FN:92,<<conjure_core::ast::DecisionVariable as serde::de::Deserialize>::deserialize::__Visitor as serde::de::Visitor>::visit_map::<_>
FN:126,<<conjure_core::ast::Range<_> as serde::de::Deserialize>::deserialize::__FieldVisitor as serde::de::Visitor>::visit_bytes::<_>
FN:160,<<<conjure_core::ast::Expression as serde::de::Deserialize>::deserialize::__Visitor as serde::de::Visitor>::visit_enum::__Visitor as serde::de::Visitor>::visit_seq::<_>
FN:160,<conjure_core::ast::Expression>::is_geq
FN:132,<<conjure_core::ast::Constant as serde::de::Deserialize>::deserialize::__FieldVisitor as serde::de::Visitor>::visit_str::<_>
FN:120,<<conjure_core::ast::Domain as serde::de::Deserialize>::deserialize::__Visitor as serde::de::Visitor>::visit_enum::<serde_json::de::UnitVariantAccess<serde_json::read::StrRead>>
FN:160,<<conjure_core::ast::Expression as serde::de::Deserialize>::deserialize::__FieldVisitor as serde::de::Visitor>::visit_bytes::<_>
FN:339,<conjure_core::ast::Expression as core::fmt::Display>::fmt
FN:160,<<<conjure_core::ast::Expression as serde::de::Deserialize>::deserialize::__Visitor as serde::de::Visitor>::visit_enum::__Visitor as serde::de::Visitor>::expecting
FN:160,<<conjure_core::ast::Expression as serde::de::Deserialize>::deserialize::__FieldVisitor as serde::de::Visitor>::visit_u64::<_>
FN:160,<<<conjure_core::ast::Expression as serde::de::Deserialize>::deserialize::__Visitor as serde::de::Visitor>::visit_enum::__Visitor as serde::de::Visitor>::expecting
FN:160,<<<conjure_core::ast::Expression as serde::de::Deserialize>::deserialize::__Visitor as serde::de::Visitor>::visit_enum::__Visitor as serde::de::Visitor>::visit_seq::<serde_json::de::SeqAccess<serde_json::read::StrRead>>
FN:13,<<conjure_core::ast::Model as serde::de::Deserialize>::deserialize::__FieldVisitor as serde::de::Visitor>::visit_str::<_>
FN:64,<conjure_core::ast::Model>::add_constraints
FN:13,<<<conjure_core::ast::Model as serde::de::Deserialize>::deserialize::__Visitor as serde::de::Visitor>::visit_seq::__DeserializeWith as serde::de::Deserialize>::deserialize::<_>
FN:92,<<conjure_core::ast::DecisionVariable as serde::de::Deserialize>::deserialize::__Visitor as serde::de::Visitor>::expecting
FN:160,<conjure_core::ast::Expression>::is_geq
FN:160,<conjure_core::ast::Expression>::is_neq
FN:160,<<conjure_core::ast::Expression as serde::de::Deserialize>::deserialize::__FieldVisitor as serde::de::Visitor>::visit_str::<serde_json::error::Error>
FN:126,<<conjure_core::ast::Range<_> as serde::de::Deserialize>::deserialize::__FieldVisitor as serde::de::Visitor>::visit_str::<_>
FN:160,<<<conjure_core::ast::Expression as serde::de::Deserialize>::deserialize::__Visitor as serde::de::Visitor>::visit_enum::__Visitor as serde::de::Visitor>::visit_seq::<_>
FN:13,<<<conjure_core::ast::Model as serde::de::Deserialize>::deserialize::__Visitor as serde::de::Visitor>::visit_seq::__DeserializeWith as serde::de::Deserialize>::deserialize::<_>
FN:132,<<conjure_core::ast::Constant as serde::de::Deserialize>::deserialize::__FieldVisitor as serde::de::Visitor>::visit_str::<serde_json::error::Error>
FN:126,<<<conjure_core::ast::Range<_> as serde::de::Deserialize>::deserialize::__Visitor<_> as serde::de::Visitor>::visit_enum::__Visitor<_> as serde::de::Visitor>::visit_seq::<_>
FN:77,<<conjure_core::ast::Name as serde::de::Deserialize>::deserialize::__Field as serde::de::Deserialize>::deserialize::<_>
FN:92,<<conjure_core::ast::DecisionVariable as serde::de::Deserialize>::deserialize::__FieldVisitor as serde::de::Visitor>::expecting
FN:160,<<conjure_core::ast::Expression as serde::de::Deserialize>::deserialize::__Visitor as serde::de::Visitor>::expecting
FN:132,<<conjure_core::ast::Constant as serde::de::Deserialize>::deserialize::__FieldVisitor as serde::de::Visitor>::expecting
FN:160,<<<conjure_core::ast::Expression as serde::de::Deserialize>::deserialize::__Visitor as serde::de::Visitor>::visit_enum::__Visitor as serde::de::Visitor>::visit_seq::<_>
FN:126,<<conjure_core::ast::Range<_> as serde::de::Deserialize>::deserialize::__Visitor<i32> as serde::de::Visitor>::visit_enum::<serde_json::de::UnitVariantAccess<serde_json::read::StrRead>>
FN:222,<conjure_core::ast::Expression>::sub_expressions
FN:160,<<<conjure_core::ast::Expression as serde::de::Deserialize>::deserialize::__Visitor as serde::de::Visitor>::visit_enum::__Visitor as serde::de::Visitor>::visit_seq::<_>
FN:13,<<conjure_core::ast::Model as serde::ser::Serialize>::serialize::__SerializeWith as serde::ser::Serialize>::serialize::<_>
FN:160,<<<conjure_core::ast::Expression as serde::de::Deserialize>::deserialize::__Visitor as serde::de::Visitor>::visit_enum::__Visitor as serde::de::Visitor>::visit_seq::<_>
FN:13,<<conjure_core::ast::Model as serde::de::Deserialize>::deserialize::__Visitor as serde::de::Visitor>::visit_map::<_>
FN:160,<<<conjure_core::ast::Expression as serde::de::Deserialize>::deserialize::__Visitor as serde::de::Visitor>::visit_enum::__Visitor as serde::de::Visitor>::visit_seq::<serde_json::de::SeqAccess<serde_json::read::StrRead>>
FN:160,<<<conjure_core::ast::Expression as serde::de::Deserialize>::deserialize::__Visitor as serde::de::Visitor>::visit_enum::__Visitor as serde::de::Visitor>::visit_seq::<_>
FN:120,<<conjure_core::ast::Domain as serde::de::Deserialize>::deserialize::__Field as serde::de::Deserialize>::deserialize::<_>
FN:120,<<conjure_core::ast::Domain as serde::de::Deserialize>::deserialize::__Visitor as serde::de::Visitor>::expecting
FN:13,<<conjure_core::ast::Model as serde::de::Deserialize>::deserialize::__Visitor as serde::de::Visitor>::expecting
FN:160,<<<conjure_core::ast::Expression as serde::de::Deserialize>::deserialize::__Visitor as serde::de::Visitor>::visit_enum::__Visitor as serde::de::Visitor>::expecting
FN:84,<conjure_core::ast::Name as core::fmt::Display>::fmt
FN:160,<<<conjure_core::ast::Expression as serde::de::Deserialize>::deserialize::__Visitor as serde::de::Visitor>::visit_enum::__Visitor as serde::de::Visitor>::expecting
FN:160,<<conjure_core::ast::Expression as serde::de::Deserialize>::deserialize::__FieldVisitor as serde::de::Visitor>::visit_str::<_>
FN:120,<<conjure_core::ast::Domain as serde::de::Deserialize>::deserialize::__Visitor as serde::de::Visitor>::expecting
FN:98,<conjure_core::ast::DecisionVariable as core::fmt::Display>::fmt
FN:160,<<<conjure_core::ast::Expression as serde::de::Deserialize>::deserialize::__Visitor as serde::de::Visitor>::visit_enum::__Visitor as serde::de::Visitor>::expecting
FN:160,<<<conjure_core::ast::Expression as serde::de::Deserialize>::deserialize::__Visitor as serde::de::Visitor>::visit_enum::__Visitor as serde::de::Visitor>::expecting
FN:13,<<conjure_core::ast::Model as serde::de::Deserialize>::deserialize::__Visitor as serde::de::Visitor>::expecting
FN:132,<<conjure_core::ast::Constant as serde::de::Deserialize>::deserialize::__Visitor as serde::de::Visitor>::visit_enum::<serde_json::de::UnitVariantAccess<serde_json::read::StrRead>>
FN:132,<<conjure_core::ast::Constant as serde::de::Deserialize>::deserialize::__Visitor as serde::de::Visitor>::expecting
FN:92,<<conjure_core::ast::DecisionVariable as serde::de::Deserialize>::deserialize::__FieldVisitor as serde::de::Visitor>::visit_str::<serde_json::error::Error>
FN:126,<<<conjure_core::ast::Range<_> as serde::de::Deserialize>::deserialize::__Visitor<_> as serde::de::Visitor>::visit_enum::__Visitor<i32> as serde::de::Visitor>::visit_seq::<serde_json::de::SeqAccess<serde_json::read::StrRead>>
FN:92,<<conjure_core::ast::DecisionVariable as serde::de::Deserialize>::deserialize::__Visitor as serde::de::Visitor>::visit_map::<serde_json::de::MapAccess<serde_json::read::StrRead>>
FN:72,<conjure_core::ast::Model as core::default::Default>::default
FN:28,<conjure_core::ast::Model>::update_domain
FN:160,<<conjure_core::ast::Expression as serde::de::Deserialize>::deserialize::__Field as serde::de::Deserialize>::deserialize::<_>
FN:256,<conjure_core::ast::Expression>::with_sub_expressions
FN:160,<conjure_core::ast::Expression>::is_gt
FN:160,<<<conjure_core::ast::Expression as serde::de::Deserialize>::deserialize::__Visitor as serde::de::Visitor>::visit_enum::__Visitor as serde::de::Visitor>::visit_seq::<_>
FN:160,<conjure_core::ast::Expression>::is_constant
FN:223,<conjure_core::ast::Expression>::sub_expressions::unwrap_flat_expression
FN:160,<conjure_core::ast::Expression>::is_sum_eq
FN:132,<<conjure_core::ast::Constant as serde::de::Deserialize>::deserialize::__Visitor as serde::de::Visitor>::visit_enum::<_>
FN:77,<<conjure_core::ast::Name as serde::de::Deserialize>::deserialize::__Field as serde::de::Deserialize>::deserialize::<_>
FN:160,<<<conjure_core::ast::Expression as serde::de::Deserialize>::deserialize::__Visitor as serde::de::Visitor>::visit_enum::__Visitor as serde::de::Visitor>::visit_seq::<serde_json::de::SeqAccess<serde_json::read::StrRead>>
FN:160,<<conjure_core::ast::Expression as serde::de::Deserialize>::deserialize::__Field as serde::de::Deserialize>::deserialize::<_>
FN:64,<conjure_core::ast::Model>::add_constraints
FN:160,<<conjure_core::ast::Expression as serde::de::Deserialize>::deserialize::__Visitor as serde::de::Visitor>::visit_enum::<_>
FN:160,<<<conjure_core::ast::Expression as serde::de::Deserialize>::deserialize::__Visitor as serde::de::Visitor>::visit_enum::__Visitor as serde::de::Visitor>::expecting
FN:92,<<conjure_core::ast::DecisionVariable as serde::de::Deserialize>::deserialize::__FieldVisitor as serde::de::Visitor>::visit_bytes::<_>
FN:160,<<<conjure_core::ast::Expression as serde::de::Deserialize>::deserialize::__Visitor as serde::de::Visitor>::visit_enum::__Visitor as serde::de::Visitor>::expecting
FN:92,<<conjure_core::ast::DecisionVariable as serde::de::Deserialize>::deserialize::__FieldVisitor as serde::de::Visitor>::visit_u64::<_>
FN:160,<<<conjure_core::ast::Expression as serde::de::Deserialize>::deserialize::__Visitor as serde::de::Visitor>::visit_enum::__Visitor as serde::de::Visitor>::visit_seq::<_>
FN:160,<<<conjure_core::ast::Expression as serde::de::Deserialize>::deserialize::__Visitor as serde::de::Visitor>::visit_enum::__Visitor as serde::de::Visitor>::expecting
FN:120,<<conjure_core::ast::Domain as serde::de::Deserialize>::deserialize::__FieldVisitor as serde::de::Visitor>::visit_bytes::<_>
FN:160,<<<conjure_core::ast::Expression as serde::de::Deserialize>::deserialize::__Visitor as serde::de::Visitor>::visit_enum::__Visitor as serde::de::Visitor>::visit_seq::<_>
FN:160,<<conjure_core::ast::Expression as serde::de::Deserialize>::deserialize::__Visitor as serde::de::Visitor>::visit_enum::<_>
FN:160,<conjure_core::ast::Expression>::is_and
FN:126,<<<conjure_core::ast::Range<_> as serde::de::Deserialize>::deserialize::__Visitor<_> as serde::de::Visitor>::visit_enum::__Visitor<_> as serde::de::Visitor>::expecting
[...]
DA:235,234
DA:244,0
DA:245,234
DA:246,234
DA:247,0
DA:248,0
DA:249,0
DA:251,234
DA:253,234
DA:261,0
DA:262,234
DA:263,234
DA:264,36
DA:265,36
DA:266,0
DA:267,36
DA:268,36
DA:270,198
DA:272,234
DA:280,0
DA:281,234
DA:282,234
DA:283,0
DA:284,0
DA:285,0
DA:286,0
DA:287,0
DA:289,234
DA:291,234
DA:300,0
DA:301,234
DA:302,234
DA:303,0
DA:304,0
DA:305,0
DA:306,0
DA:307,0
DA:308,0
DA:309,0
DA:311,0
DA:312,0
DA:313,0
DA:314,0
DA:315,0
DA:316,0
DA:317,0
DA:318,0
DA:320,0
DA:323,0
DA:324,0
DA:325,0
DA:326,0
DA:328,234
DA:330,234
DA:339,0
DA:340,234
DA:341,234
DA:342,36
DA:343,36
DA:344,36
DA:345,120
DA:346,0
DA:347,0
DA:348,0
DA:350,0
DA:351,0
DA:352,0
DA:353,0
DA:354,0
DA:355,0
DA:356,0
DA:357,0
DA:359,84
DA:362,36
DA:363,36
DA:364,0
DA:365,0
DA:367,198
DA:369,234
DA:378,0
DA:379,234
DA:380,234
DA:381,0
DA:382,0
DA:383,0
DA:384,0
DA:385,0
DA:386,0
DA:388,234
DA:390,234
DA:393,0
DA:394,234
DA:395,234
DA:396,0
DA:397,0
DA:398,0
DA:399,0
DA:400,0
DA:401,0
DA:402,0
DA:403,234
DA:405,234
LF:239
LH:134
end_of_record
SF:conjure_oxide/src/solvers/error.rs
FN:4,<conjure_oxide::solvers::error::SolverError as core::convert::From<anyhow::Error>>::from
FN:4,<conjure_oxide::solvers::error::SolverError as core::error::Error>::source
FN:4,<conjure_oxide::solvers::error::SolverError as core::convert::From<anyhow::Error>>::from
FN:4,<conjure_oxide::solvers::error::SolverError as core::fmt::Display>::fmt
FN:4,<conjure_oxide::solvers::error::SolverError as core::error::Error>::source
FN:4,<conjure_oxide::solvers::error::SolverError as core::fmt::Display>::fmt
FNDA:0,<conjure_oxide::solvers::error::SolverError as core::convert::From<anyhow::Error>>::from
FNDA:0,<conjure_oxide::solvers::error::SolverError as core::error::Error>::source
FNDA:0,<conjure_oxide::solvers::error::SolverError as core::convert::From<anyhow::Error>>::from
FNDA:0,<conjure_oxide::solvers::error::SolverError as core::fmt::Display>::fmt
FNDA:0,<conjure_oxide::solvers::error::SolverError as core::error::Error>::source
FNDA:0,<conjure_oxide::solvers::error::SolverError as core::fmt::Display>::fmt
FNF:6
FNH:0
BRF:0
BRH:0
DA:4,0
LF:1
LH:0
end_of_record
SF:conjure_oxide/tests/rewrite_tests.rs
FN:880,rewrite_tests::eval_const_sum_xyz
FN:503,rewrite_tests::rule_distribute_not_over_and
FN:570,rewrite_tests::rule_distribute_not_over_or_not_changed
FN:158,rewrite_tests::rule_sum_geq
FN:475,rewrite_tests::remove_constants_from_or_not_changed
FN:860,rewrite_tests::eval_const_eq_mixed
FN:40,rewrite_tests::evaluate_sum_of_constants
FN:530,rewrite_tests::rule_distribute_not_over_or
FN:583,rewrite_tests::rule_distribute_or_over_and
FN:12,rewrite_tests::rules_present
FN:433,rewrite_tests::rule_remove_constants_from_or
FN:489,rewrite_tests::remove_constants_from_and_not_changed
FN:86,rewrite_tests::simplify_expression
FN:726,rewrite_tests::is_simple
FN:557,rewrite_tests::rule_distribute_not_over_and_not_changed
FN:108,rewrite_tests::rule_sum_constants
FN:649,rewrite_tests::rewrite_solve_xyz
FN:318,rewrite_tests::rule_unwrap_nested_or
FN:820,rewrite_tests::eval_const_ref
FN:345,rewrite_tests::rule_unwrap_nested_and
FN:400,rewrite_tests::remove_trivial_and_or
FN:59,rewrite_tests::recursive_sum_of_constants
FN:796,rewrite_tests::eval_const_int
FN:900,rewrite_tests::eval_const_or
FN:850,rewrite_tests::eval_const_eq_bool
FN:612,rewrite_tests::rule_ensure_div
FN:810,rewrite_tests::eval_const_and
FN:803,rewrite_tests::eval_const_bool
FN:764,rewrite_tests::apply_all_rules
FN:870,rewrite_tests::eval_const_sum_mixed
FN:386,rewrite_tests::unwrap_nested_and_not_changed
FN:186,rewrite_tests::callback
FN:372,rewrite_tests::unwrap_nested_or_not_changed
FN:134,rewrite_tests::rule_sum_mixed
FN:18,rewrite_tests::sum_of_constants
FN:454,rewrite_tests::rule_remove_constants_from_and
FN:738,rewrite_tests::is_simple_iteration
FN:199,rewrite_tests::reduce_solve_xyz
FN:298,rewrite_tests::rule_remove_double_negation
FN:827,rewrite_tests::eval_const_nested_ref
FN:840,rewrite_tests::eval_const_eq_int
FN:786,rewrite_tests::choose_rewrite
FNDA:0,rewrite_tests::eval_const_sum_xyz
FNDA:0,rewrite_tests::rule_distribute_not_over_and
FNDA:0,rewrite_tests::rule_distribute_not_over_or_not_changed
FNDA:0,rewrite_tests::rule_sum_geq
FNDA:0,rewrite_tests::remove_constants_from_or_not_changed
FNDA:0,rewrite_tests::eval_const_eq_mixed
FNDA:0,rewrite_tests::evaluate_sum_of_constants
FNDA:0,rewrite_tests::rule_distribute_not_over_or
FNDA:0,rewrite_tests::rule_distribute_or_over_and
FNDA:0,rewrite_tests::rules_present
FNDA:0,rewrite_tests::rule_remove_constants_from_or
FNDA:0,rewrite_tests::remove_constants_from_and_not_changed
FNDA:0,rewrite_tests::simplify_expression
FNDA:0,rewrite_tests::is_simple
FNDA:0,rewrite_tests::rule_distribute_not_over_and_not_changed
FNDA:0,rewrite_tests::rule_sum_constants
FNDA:0,rewrite_tests::rewrite_solve_xyz
FNDA:0,rewrite_tests::rule_unwrap_nested_or
FNDA:0,rewrite_tests::eval_const_ref
FNDA:0,rewrite_tests::rule_unwrap_nested_and
FNDA:0,rewrite_tests::remove_trivial_and_or
FNDA:0,rewrite_tests::recursive_sum_of_constants
FNDA:0,rewrite_tests::eval_const_int
FNDA:0,rewrite_tests::eval_const_or
FNDA:0,rewrite_tests::eval_const_eq_bool
FNDA:0,rewrite_tests::rule_ensure_div
FNDA:0,rewrite_tests::eval_const_and
FNDA:0,rewrite_tests::eval_const_bool
FNDA:0,rewrite_tests::apply_all_rules
FNDA:0,rewrite_tests::eval_const_sum_mixed
FNDA:0,rewrite_tests::unwrap_nested_and_not_changed
FNDA:0,rewrite_tests::callback
FNDA:0,rewrite_tests::unwrap_nested_or_not_changed
FNDA:0,rewrite_tests::rule_sum_mixed
FNDA:0,rewrite_tests::sum_of_constants
FNDA:0,rewrite_tests::rule_remove_constants_from_and
FNDA:0,rewrite_tests::is_simple_iteration
FNDA:0,rewrite_tests::reduce_solve_xyz
FNDA:0,rewrite_tests::rule_remove_double_negation
FNDA:0,rewrite_tests::eval_const_nested_ref
FNDA:0,rewrite_tests::eval_const_eq_int
FNDA:0,rewrite_tests::choose_rewrite
FNF:42
FNH:0
BRF:0
BRH:0
DA:12,0
DA:13,0
DA:14,0
DA:15,0
DA:18,0
DA:19,0
DA:20,0
DA:21,0
DA:22,0
DA:23,0
DA:24,0
DA:25,0
DA:26,0
DA:27,0
DA:28,0
DA:29,0
DA:30,0
DA:31,0
DA:32,0
DA:35,0
DA:36,0
DA:37,0
DA:38,0
DA:40,0
DA:41,0
DA:42,0
DA:43,0
DA:44,0
DA:45,0
DA:46,0
DA:47,0
DA:48,0
DA:49,0
DA:52,0
DA:54,0
DA:56,0
DA:59,0
DA:60,0
DA:61,0
DA:62,0
DA:63,0
DA:64,0
DA:65,0
DA:66,0
DA:67,0
DA:68,0
DA:69,0
DA:70,0
DA:71,0
DA:72,0
DA:73,0
DA:74,0
DA:75,0
DA:76,0
DA:77,0
DA:78,0
DA:79,0
DA:80,0
DA:81,0
DA:82,0
DA:83,0
DA:84,0
DA:86,0
DA:87,0
DA:88,0
DA:89,0
DA:90,0
DA:92,0
DA:95,0
DA:96,0
DA:97,0
DA:98,0
DA:99,0
DA:100,0
DA:101,0
DA:102,0
DA:103,0
DA:105,0
DA:108,0
DA:109,0
DA:110,0
DA:111,0
DA:112,0
DA:113,0
DA:114,0
DA:115,0
DA:116,0
DA:117,0
DA:118,0
DA:119,0
DA:120,0
DA:121,0
DA:122,0
DA:123,0
DA:124,0
DA:125,0
DA:126,0
DA:127,0
DA:128,0
DA:129,0
DA:130,0
DA:131,0
DA:134,0
DA:135,0
DA:136,0
DA:137,0
DA:138,0
DA:139,0
DA:140,0
DA:141,0
DA:142,0
DA:143,0
DA:144,0
DA:145,0
DA:146,0
DA:147,0
DA:148,0
DA:149,0
DA:150,0
DA:151,0
DA:152,0
DA:153,0
DA:154,0
DA:155,0
DA:158,0
DA:159,0
DA:160,0
DA:161,0
DA:162,0
DA:163,0
DA:164,0
DA:165,0
DA:166,0
DA:167,0
DA:168,0
DA:169,0
DA:170,0
DA:171,0
DA:172,0
DA:173,0
DA:174,0
DA:175,0
DA:176,0
DA:177,0
DA:178,0
DA:179,0
DA:180,0
DA:181,0
DA:182,0
DA:183,0
DA:184,0
DA:186,0
DA:187,0
DA:188,0
DA:189,0
DA:199,0
DA:200,0
DA:201,0
DA:202,0
DA:203,0
DA:204,0
DA:205,0
DA:206,0
DA:207,0
DA:208,0
DA:209,0
DA:210,0
DA:211,0
DA:212,0
DA:213,0
DA:214,0
DA:215,0
DA:216,0
DA:217,0
DA:218,0
DA:219,0
DA:220,0
DA:221,0
DA:222,0
DA:223,0
DA:224,0
DA:227,0
DA:228,0
DA:229,0
DA:230,0
DA:231,0
DA:232,0
DA:233,0
DA:234,0
DA:235,0
DA:236,0
DA:237,0
DA:238,0
DA:239,0
DA:240,0
DA:241,0
DA:242,0
DA:243,0
DA:244,0
DA:245,0
DA:246,0
DA:247,0
DA:248,0
DA:249,0
DA:252,0
DA:253,0
DA:254,0
DA:255,0
DA:256,0
DA:257,0
DA:258,0
DA:259,0
DA:260,0
DA:261,0
DA:262,0
DA:263,0
DA:264,0
DA:265,0
DA:266,0
DA:267,0
DA:269,0
DA:270,0
DA:271,0
DA:272,0
DA:273,0
DA:274,0
DA:275,0
DA:276,0
DA:277,0
DA:278,0
DA:279,0
DA:280,0
DA:281,0
DA:282,0
DA:283,0
DA:284,0
DA:285,0
DA:286,0
DA:287,0
DA:288,0
DA:289,0
DA:290,0
DA:291,0
DA:292,0
DA:293,0
DA:294,0
DA:295,0
DA:298,0
DA:299,0
DA:300,0
DA:301,0
DA:302,0
DA:303,0
DA:304,0
DA:305,0
DA:306,0
DA:307,0
DA:308,0
DA:309,0
DA:310,0
DA:311,0
DA:312,0
DA:313,0
DA:314,0
DA:315,0
DA:318,0
DA:319,0
DA:320,0
DA:321,0
DA:322,0
DA:323,0
DA:324,0
DA:325,0
DA:326,0
DA:327,0
DA:328,0
DA:329,0
DA:330,0
DA:331,0
DA:332,0
DA:333,0
DA:334,0
DA:335,0
DA:336,0
DA:337,0
DA:338,0
DA:339,0
DA:340,0
DA:341,0
DA:342,0
DA:345,0
DA:346,0
DA:347,0
DA:348,0
DA:349,0
DA:350,0
DA:351,0
DA:352,0
DA:353,0
DA:354,0
DA:355,0
DA:356,0
DA:357,0
DA:358,0
DA:359,0
DA:360,0
DA:361,0
DA:362,0
DA:363,0
DA:364,0
DA:365,0
DA:366,0
DA:367,0
DA:368,0
DA:369,0
DA:372,0
DA:373,0
DA:374,0
DA:375,0
DA:376,0
DA:377,0
DA:378,0
DA:379,0
DA:380,0
DA:381,0
DA:382,0
DA:383,0
DA:386,0
DA:387,0
DA:388,0
DA:389,0
DA:390,0
DA:391,0
DA:392,0
DA:393,0
DA:394,0
DA:395,0
DA:396,0
DA:397,0
DA:400,0
DA:401,0
DA:402,0
DA:403,0
DA:404,0
DA:405,0
DA:406,0
DA:407,0
DA:408,0
DA:409,0
DA:410,0
DA:411,0
DA:412,0
DA:413,0
DA:414,0
DA:415,0
DA:416,0
DA:417,0
DA:418,0
DA:419,0
DA:420,0
DA:421,0
DA:422,0
DA:423,0
DA:424,0
DA:425,0
DA:426,0
DA:427,0
DA:428,0
DA:429,0
DA:430,0
DA:433,0
DA:434,0
DA:435,0
DA:436,0
DA:437,0
DA:438,0
DA:439,0
DA:440,0
DA:441,0
DA:442,0
DA:443,0
DA:444,0
DA:445,0
DA:446,0
DA:447,0
DA:448,0
DA:449,0
DA:450,0
DA:451,0
DA:454,0
DA:455,0
DA:456,0
DA:457,0
DA:458,0
DA:459,0
DA:460,0
DA:461,0
DA:462,0
DA:463,0
DA:464,0
DA:465,0
DA:466,0
DA:467,0
DA:468,0
DA:469,0
DA:470,0
DA:471,0
DA:472,0
DA:475,0
DA:476,0
DA:477,0
DA:478,0
DA:479,0
DA:480,0
DA:481,0
DA:482,0
DA:483,0
DA:484,0
DA:485,0
DA:486,0
DA:489,0
DA:490,0
DA:491,0
DA:492,0
DA:493,0
DA:494,0
DA:495,0
DA:496,0
DA:497,0
DA:498,0
DA:499,0
DA:500,0
DA:503,0
DA:504,0
DA:505,0
DA:506,0
DA:507,0
DA:508,0
DA:509,0
DA:510,0
DA:511,0
DA:512,0
DA:513,0
DA:514,0
DA:515,0
DA:516,0
DA:517,0
DA:518,0
DA:519,0
DA:520,0
DA:521,0
DA:522,0
DA:523,0
DA:524,0
DA:525,0
DA:526,0
DA:527,0
DA:530,0
DA:531,0
DA:532,0
DA:533,0
DA:534,0
DA:535,0
DA:536,0
DA:537,0
DA:538,0
DA:539,0
DA:540,0
DA:541,0
DA:542,0
DA:543,0
DA:544,0
DA:545,0
DA:546,0
DA:547,0
DA:548,0
DA:549,0
DA:550,0
DA:551,0
DA:552,0
DA:553,0
DA:554,0
DA:557,0
DA:558,0
DA:559,0
DA:560,0
DA:561,0
DA:562,0
DA:563,0
DA:564,0
DA:565,0
DA:566,0
DA:567,0
DA:570,0
DA:571,0
DA:572,0
DA:573,0
DA:574,0
DA:575,0
DA:576,0
DA:577,0
DA:578,0
DA:579,0
DA:580,0
DA:583,0
DA:584,0
DA:585,0
DA:586,0
DA:587,0
DA:588,0
DA:589,0
DA:590,0
DA:591,0
DA:592,0
DA:593,0
DA:594,0
DA:595,0
DA:596,0
DA:597,0
DA:598,0
DA:599,0
DA:600,0
DA:601,0
DA:602,0
DA:603,0
DA:604,0
DA:605,0
DA:606,0
DA:607,0
DA:608,0
DA:609,0
DA:612,0
DA:613,0
DA:614,0
DA:615,0
DA:616,0
DA:617,0
DA:618,0
DA:619,0
DA:620,0
DA:621,0
DA:622,0
DA:623,0
DA:624,0
DA:625,0
DA:626,0
DA:627,0
DA:628,0
DA:629,0
DA:630,0
DA:631,0
DA:632,0
DA:633,0
DA:634,0
DA:635,0
DA:636,0
DA:649,0
DA:650,0
DA:651,0
DA:652,0
DA:653,0
DA:654,0
DA:655,0
DA:656,0
DA:657,0
DA:658,0
DA:659,0
DA:660,0
DA:661,0
DA:662,0
DA:663,0
DA:664,0
DA:665,0
DA:666,0
DA:667,0
DA:668,0
DA:669,0
DA:670,0
DA:671,0
DA:672,0
DA:673,0
DA:674,0
DA:675,0
DA:676,0
DA:677,0
DA:678,0
DA:679,0
DA:680,0
DA:681,0
DA:682,0
DA:683,0
DA:686,0
DA:687,0
DA:688,0
DA:689,0
DA:690,0
DA:691,0
DA:692,0
DA:693,0
DA:694,0
DA:695,0
DA:696,0
DA:697,0
DA:698,0
DA:699,0
DA:700,0
DA:701,0
DA:702,0
DA:703,0
DA:704,0
DA:705,0
DA:706,0
DA:707,0
DA:708,0
DA:709,0
DA:710,0
DA:711,0
DA:712,0
DA:713,0
DA:714,0
DA:715,0
DA:716,0
DA:726,0
DA:727,0
DA:728,0
DA:729,0
DA:730,0
DA:731,0
DA:732,0
DA:733,0
DA:738,0
DA:739,0
DA:740,0
DA:741,0
DA:742,0
DA:743,0
DA:744,0
DA:746,0
DA:747,0
DA:748,0
DA:749,0
DA:750,0
DA:751,0
DA:752,0
DA:753,0
DA:758,0
DA:759,0
DA:764,0
DA:765,0
DA:766,0
DA:767,0
DA:768,0
DA:769,0
DA:770,0
DA:771,0
DA:772,0
DA:773,0
DA:774,0
DA:775,0
DA:776,0
DA:777,0
DA:780,0
DA:781,0
DA:786,0
DA:787,0
DA:788,0
DA:789,0
DA:790,0
DA:791,0
DA:792,0
DA:793,0
DA:796,0
DA:797,0
DA:798,0
DA:799,0
DA:800,0
DA:803,0
DA:804,0
DA:805,0
DA:806,0
DA:807,0
DA:810,0
DA:811,0
DA:812,0
DA:813,0
DA:814,0
DA:815,0
DA:816,0
DA:817,0
DA:820,0
DA:821,0
DA:822,0
DA:823,0
DA:824,0
DA:827,0
DA:828,0
DA:829,0
DA:830,0
DA:831,0
DA:832,0
DA:833,0
DA:834,0
DA:835,0
DA:836,0
DA:837,0
DA:840,0
DA:841,0
DA:842,0
DA:843,0
DA:844,0
DA:845,0
DA:846,0
DA:847,0
DA:850,0
DA:851,0
DA:852,0
DA:853,0
DA:854,0
DA:855,0
DA:856,0
DA:857,0
DA:860,0
DA:861,0
DA:862,0
DA:863,0
DA:864,0
DA:865,0
DA:866,0
DA:867,0
DA:870,0
DA:871,0
DA:872,0
DA:873,0
DA:874,0
DA:875,0
DA:876,0
DA:877,0
DA:880,0
DA:881,0
DA:882,0
DA:883,0
DA:884,0
DA:885,0
DA:886,0
DA:887,0
DA:888,0
DA:889,0
DA:890,0
DA:891,0
DA:892,0
DA:893,0
DA:894,0
DA:895,0
DA:896,0
DA:897,0
DA:900,0
DA:901,0
DA:902,0
DA:903,0
DA:904,0
DA:905,0
DA:906,0
DA:907,0
LF:763
LH:0
end_of_record
SF:crates/uniplate/src/uniplate.rs
FN:18,<_ as uniplate::uniplate::Uniplate>::children
FN:60,<_ as uniplate::uniplate::Uniplate>::fold::<_>
FN:9,<_ as uniplate::uniplate::Uniplate>::universe
FN:63,<_ as uniplate::uniplate::Uniplate>::fold::<_>::{closure#0}
FN:89,<_ as uniplate::uniplate::Uniplate>::one_holed_context
FN:26,<_ as uniplate::uniplate::Uniplate>::transform::{closure#0}
FN:31,<_ as uniplate::uniplate::Uniplate>::rewrite
FN:33,<_ as uniplate::uniplate::Uniplate>::rewrite::{closure#0}
FN:23,<_ as uniplate::uniplate::Uniplate>::transform
FN:97,<_ as uniplate::uniplate::Uniplate>::one_holed_context::{closure#0}
FN:40,<_ as uniplate::uniplate::Uniplate>::descend
FNDA:0,<_ as uniplate::uniplate::Uniplate>::children
FNDA:0,<_ as uniplate::uniplate::Uniplate>::fold::<_>
FNDA:0,<_ as uniplate::uniplate::Uniplate>::universe
FNDA:0,<_ as uniplate::uniplate::Uniplate>::fold::<_>::{closure#0}
FNDA:0,<_ as uniplate::uniplate::Uniplate>::one_holed_context
FNDA:0,<_ as uniplate::uniplate::Uniplate>::transform::{closure#0}
FNDA:0,<_ as uniplate::uniplate::Uniplate>::rewrite
FNDA:0,<_ as uniplate::uniplate::Uniplate>::rewrite::{closure#0}
FNDA:0,<_ as uniplate::uniplate::Uniplate>::transform
FNDA:0,<_ as uniplate::uniplate::Uniplate>::one_holed_context::{closure#0}
FNDA:0,<_ as uniplate::uniplate::Uniplate>::descend
FNF:11
FNH:0
BRF:0
BRH:0
DA:9,0
DA:10,0
DA:11,0
DA:12,0
DA:13,0
DA:14,0
DA:15,0
DA:18,0
DA:19,0
DA:20,0
DA:23,0
DA:24,0
DA:25,0
DA:26,0
DA:27,0
DA:28,0
DA:31,0
DA:32,0
DA:33,0
DA:34,0
DA:35,0
DA:36,0
DA:40,0
DA:41,0
DA:42,0
DA:43,0
DA:44,0
DA:45,0
DA:60,0
DA:61,0
DA:62,0
DA:63,0
DA:64,0
DA:65,0
DA:89,0
DA:90,0
DA:91,0
DA:92,0
DA:93,0
DA:94,0
DA:95,0
DA:96,0
DA:97,0
DA:98,0
DA:99,0
DA:100,0
DA:101,0
DA:102,0
LF:48
LH:0
end_of_record
SF:conjure_oxide/src/rules/minion.rs
FN:60,conjure_oxide::rules::minion::CONJURE_GEN_RULE_SUM_LEQ_TO_SUMLEQ::__typecheck
FN:159,conjure_oxide::rules::minion::CONJURE_GEN_RULE_GEQ_TO_INEQ::__typecheck
FN:12,conjure_oxide::rules::minion::is_nested_sum
FN:61,conjure_oxide::rules::minion::sum_leq_to_sumleq
FN:141,conjure_oxide::rules::minion::gt_to_ineq
FN:179,conjure_oxide::rules::minion::leq_to_ineq
FN:179,conjure_oxide::rules::minion::leq_to_ineq
FN:44,conjure_oxide::rules::minion::flatten_sum_geq
FN:121,conjure_oxide::rules::minion::CONJURE_GEN_RULE_LT_TO_INEQ::__typecheck
FN:104,conjure_oxide::rules::minion::sumeq_to_minion
FN:160,conjure_oxide::rules::minion::geq_to_ineq
FN:60,conjure_oxide::rules::minion::CONJURE_GEN_RULE_SUM_LEQ_TO_SUMLEQ::__typecheck
FN:159,conjure_oxide::rules::minion::CONJURE_GEN_RULE_GEQ_TO_INEQ::__typecheck
FN:121,conjure_oxide::rules::minion::CONJURE_GEN_RULE_LT_TO_INEQ::__typecheck
FN:78,conjure_oxide::rules::minion::sum_eq_to_sumeq
FN:140,conjure_oxide::rules::minion::CONJURE_GEN_RULE_GT_TO_INEQ::__typecheck
FN:103,conjure_oxide::rules::minion::CONJURE_GEN_RULE_SUMEQ_TO_MINION::__typecheck
FN:103,conjure_oxide::rules::minion::CONJURE_GEN_RULE_SUMEQ_TO_MINION::__typecheck
FN:24,conjure_oxide::rules::minion::sum_to_vector
FN:122,conjure_oxide::rules::minion::lt_to_ineq
FN:24,conjure_oxide::rules::minion::sum_to_vector
FN:78,conjure_oxide::rules::minion::sum_eq_to_sumeq
FN:44,conjure_oxide::rules::minion::flatten_sum_geq
FN:104,conjure_oxide::rules::minion::sumeq_to_minion
FN:61,conjure_oxide::rules::minion::sum_leq_to_sumleq
FN:160,conjure_oxide::rules::minion::geq_to_ineq
FN:122,conjure_oxide::rules::minion::lt_to_ineq
FN:178,conjure_oxide::rules::minion::CONJURE_GEN_RULE_LEQ_TO_INEQ::__typecheck
FN:77,conjure_oxide::rules::minion::CONJURE_GEN_RULE_SUM_EQ_TO_SUMEQ::__typecheck
FN:178,conjure_oxide::rules::minion::CONJURE_GEN_RULE_LEQ_TO_INEQ::__typecheck
FN:43,conjure_oxide::rules::minion::CONJURE_GEN_RULE_FLATTEN_SUM_GEQ::__typecheck
FN:140,conjure_oxide::rules::minion::CONJURE_GEN_RULE_GT_TO_INEQ::__typecheck
FN:77,conjure_oxide::rules::minion::CONJURE_GEN_RULE_SUM_EQ_TO_SUMEQ::__typecheck
FN:141,conjure_oxide::rules::minion::gt_to_ineq
FN:43,conjure_oxide::rules::minion::CONJURE_GEN_RULE_FLATTEN_SUM_GEQ::__typecheck
FN:12,conjure_oxide::rules::minion::is_nested_sum
FNDA:0,conjure_oxide::rules::minion::CONJURE_GEN_RULE_SUM_LEQ_TO_SUMLEQ::__typecheck
FNDA:0,conjure_oxide::rules::minion::CONJURE_GEN_RULE_GEQ_TO_INEQ::__typecheck
FNDA:0,conjure_oxide::rules::minion::is_nested_sum
FNDA:1,conjure_oxide::rules::minion::sum_leq_to_sumleq
FNDA:1,conjure_oxide::rules::minion::gt_to_ineq
FNDA:0,conjure_oxide::rules::minion::leq_to_ineq
FNDA:1,conjure_oxide::rules::minion::leq_to_ineq
FNDA:1,conjure_oxide::rules::minion::flatten_sum_geq
FNDA:0,conjure_oxide::rules::minion::CONJURE_GEN_RULE_LT_TO_INEQ::__typecheck
FNDA:1,conjure_oxide::rules::minion::sumeq_to_minion
FNDA:0,conjure_oxide::rules::minion::geq_to_ineq
FNDA:0,conjure_oxide::rules::minion::CONJURE_GEN_RULE_SUM_LEQ_TO_SUMLEQ::__typecheck
FNDA:0,conjure_oxide::rules::minion::CONJURE_GEN_RULE_GEQ_TO_INEQ::__typecheck
FNDA:0,conjure_oxide::rules::minion::CONJURE_GEN_RULE_LT_TO_INEQ::__typecheck
FNDA:1,conjure_oxide::rules::minion::sum_eq_to_sumeq
FNDA:0,conjure_oxide::rules::minion::CONJURE_GEN_RULE_GT_TO_INEQ::__typecheck
FNDA:0,conjure_oxide::rules::minion::CONJURE_GEN_RULE_SUMEQ_TO_MINION::__typecheck
FNDA:0,conjure_oxide::rules::minion::CONJURE_GEN_RULE_SUMEQ_TO_MINION::__typecheck
FNDA:0,conjure_oxide::rules::minion::sum_to_vector
FNDA:1,conjure_oxide::rules::minion::lt_to_ineq
FNDA:1,conjure_oxide::rules::minion::sum_to_vector
FNDA:0,conjure_oxide::rules::minion::sum_eq_to_sumeq
FNDA:0,conjure_oxide::rules::minion::flatten_sum_geq
FNDA:0,conjure_oxide::rules::minion::sumeq_to_minion
FNDA:0,conjure_oxide::rules::minion::sum_leq_to_sumleq
FNDA:1,conjure_oxide::rules::minion::geq_to_ineq
FNDA:0,conjure_oxide::rules::minion::lt_to_ineq
FNDA:0,conjure_oxide::rules::minion::CONJURE_GEN_RULE_LEQ_TO_INEQ::__typecheck
FNDA:0,conjure_oxide::rules::minion::CONJURE_GEN_RULE_SUM_EQ_TO_SUMEQ::__typecheck
FNDA:0,conjure_oxide::rules::minion::CONJURE_GEN_RULE_LEQ_TO_INEQ::__typecheck
FNDA:0,conjure_oxide::rules::minion::CONJURE_GEN_RULE_FLATTEN_SUM_GEQ::__typecheck
FNDA:0,conjure_oxide::rules::minion::CONJURE_GEN_RULE_GT_TO_INEQ::__typecheck
FNDA:0,conjure_oxide::rules::minion::CONJURE_GEN_RULE_SUM_EQ_TO_SUMEQ::__typecheck
FNDA:0,conjure_oxide::rules::minion::gt_to_ineq
FNDA:0,conjure_oxide::rules::minion::CONJURE_GEN_RULE_FLATTEN_SUM_GEQ::__typecheck
FNDA:1,conjure_oxide::rules::minion::is_nested_sum
FNF:36
FNH:10
BRF:0
BRH:0
DA:12,12
DA:13,30
DA:14,24
DA:15,6
DA:16,18
DA:18,6
DA:19,12
DA:24,18
DA:25,18
DA:26,12
DA:27,12
DA:28,6
DA:30,6
DA:33,6
DA:35,18
DA:43,0
DA:44,234
DA:45,234
DA:46,6
DA:47,6
DA:48,0
DA:50,228
DA:52,234
DA:60,0
DA:61,234
DA:62,234
DA:63,0
DA:64,0
DA:65,0
DA:67,234
DA:69,234
DA:77,0
DA:78,234
DA:79,234
DA:80,12
DA:81,12
DA:82,6
DA:84,222
DA:86,234
DA:103,0
DA:104,234
DA:105,234
DA:106,6
DA:107,6
DA:108,6
DA:109,6
DA:110,228
DA:112,234
DA:121,0
DA:122,234
DA:123,234
DA:124,0
DA:125,0
DA:126,0
DA:127,0
DA:128,0
DA:129,234
DA:131,234
DA:140,0
DA:141,234
DA:142,234
DA:143,0
DA:144,0
DA:145,0
DA:146,0
DA:147,0
DA:148,234
DA:150,234
DA:159,0
DA:160,234
DA:161,234
DA:162,6
DA:163,6
DA:164,6
DA:165,6
DA:166,6
DA:167,228
DA:169,234
DA:178,0
DA:179,234
DA:180,234
DA:181,0
DA:182,0
DA:183,0
DA:184,0
DA:185,0
DA:186,234
DA:188,234
LF:88
LH:61
end_of_record
