TN:
SF:conjure_oxide/tests/model_tests.rs
FN:7,model_tests::modify_domain
FNDA:1,model_tests::modify_domain
FNF:1
FNH:1
BRF:0
BRH:0
DA:7,1
DA:8,1
DA:9,1
DA:10,1
DA:11,1
DA:12,1
DA:13,1
DA:14,1
DA:15,1
DA:16,1
DA:17,1
DA:18,1
DA:19,1
DA:20,1
DA:21,1
DA:23,1
DA:24,1
DA:25,1
DA:26,1
LF:19
LH:19
end_of_record
SF:conjure_oxide/src/error.rs
FN:8,<conjure_oxide::error::Error as core::fmt::Display>::fmt
FN:8,<conjure_oxide::error::Error as core::error::Error>::source
FN:8,<conjure_oxide::error::Error as core::convert::From<serde_json::error::Error>>::from
FN:8,<conjure_oxide::error::Error as core::fmt::Display>::fmt
FN:8,<conjure_oxide::error::Error as core::convert::From<anyhow::Error>>::from
FN:8,<conjure_oxide::error::Error as core::error::Error>::source
FN:8,<conjure_oxide::error::Error as core::convert::From<serde_json::error::Error>>::from
FN:8,<conjure_oxide::error::Error as core::convert::From<anyhow::Error>>::from
FNDA:0,<conjure_oxide::error::Error as core::fmt::Display>::fmt
FNDA:0,<conjure_oxide::error::Error as core::error::Error>::source
FNDA:0,<conjure_oxide::error::Error as core::convert::From<serde_json::error::Error>>::from
FNDA:0,<conjure_oxide::error::Error as core::fmt::Display>::fmt
FNDA:0,<conjure_oxide::error::Error as core::convert::From<anyhow::Error>>::from
FNDA:0,<conjure_oxide::error::Error as core::error::Error>::source
FNDA:0,<conjure_oxide::error::Error as core::convert::From<serde_json::error::Error>>::from
FNDA:0,<conjure_oxide::error::Error as core::convert::From<anyhow::Error>>::from
FNF:8
FNH:0
BRF:0
BRH:0
DA:8,0
LF:1
LH:0
end_of_record
SF:conjure_oxide/src/rules/cnf.rs
FN:66,conjure_oxide::rules::cnf::distribute_or_over_and
FN:41,conjure_oxide::rules::cnf::CONJURE_GEN_RULE_DISTRIBUTE_NOT_OVER_OR::__typecheck
FN:14,rust_out::main
FN:38,rust_out::main::_doctest_main_conjure_oxide_src_rules_cnf_rs_38_0
FN:8,conjure_oxide::rules::cnf::CONJURE_GEN_RULE_SET_CNF::__typecheck
FN:66,conjure_oxide::rules::cnf::distribute_or_over_and
FN:62,rust_out::main::_doctest_main_conjure_oxide_src_rules_cnf_rs_62_0
FN:18,conjure_oxide::rules::cnf::distribute_not_over_and
FN:67,conjure_oxide::rules::cnf::distribute_or_over_and::find_and
FN:14,rust_out::main::_doctest_main_conjure_oxide_src_rules_cnf_rs_14_0
FN:67,conjure_oxide::rules::cnf::distribute_or_over_and::find_and
FN:17,conjure_oxide::rules::cnf::CONJURE_GEN_RULE_DISTRIBUTE_NOT_OVER_AND::__typecheck
FN:42,conjure_oxide::rules::cnf::distribute_not_over_or
FN:8,conjure_oxide::rules::cnf::CONJURE_GEN_RULE_SET_CNF::__typecheck
FN:17,conjure_oxide::rules::cnf::CONJURE_GEN_RULE_DISTRIBUTE_NOT_OVER_AND::__typecheck
FN:18,conjure_oxide::rules::cnf::distribute_not_over_and
FN:65,conjure_oxide::rules::cnf::CONJURE_GEN_RULE_DISTRIBUTE_OR_OVER_AND::__typecheck
FN:65,conjure_oxide::rules::cnf::CONJURE_GEN_RULE_DISTRIBUTE_OR_OVER_AND::__typecheck
FN:42,conjure_oxide::rules::cnf::distribute_not_over_or
FN:41,conjure_oxide::rules::cnf::CONJURE_GEN_RULE_DISTRIBUTE_NOT_OVER_OR::__typecheck
FNDA:0,conjure_oxide::rules::cnf::distribute_or_over_and
FNDA:0,conjure_oxide::rules::cnf::CONJURE_GEN_RULE_DISTRIBUTE_NOT_OVER_OR::__typecheck
FNDA:1,rust_out::main
FNDA:1,rust_out::main::_doctest_main_conjure_oxide_src_rules_cnf_rs_38_0
FNDA:0,conjure_oxide::rules::cnf::CONJURE_GEN_RULE_SET_CNF::__typecheck
FNDA:1,conjure_oxide::rules::cnf::distribute_or_over_and
FNDA:1,rust_out::main::_doctest_main_conjure_oxide_src_rules_cnf_rs_62_0
FNDA:1,conjure_oxide::rules::cnf::distribute_not_over_and
FNDA:0,conjure_oxide::rules::cnf::distribute_or_over_and::find_and
FNDA:1,rust_out::main::_doctest_main_conjure_oxide_src_rules_cnf_rs_14_0
FNDA:1,conjure_oxide::rules::cnf::distribute_or_over_and::find_and
FNDA:0,conjure_oxide::rules::cnf::CONJURE_GEN_RULE_DISTRIBUTE_NOT_OVER_AND::__typecheck
FNDA:1,conjure_oxide::rules::cnf::distribute_not_over_or
FNDA:0,conjure_oxide::rules::cnf::CONJURE_GEN_RULE_SET_CNF::__typecheck
FNDA:0,conjure_oxide::rules::cnf::CONJURE_GEN_RULE_DISTRIBUTE_NOT_OVER_AND::__typecheck
FNDA:0,conjure_oxide::rules::cnf::distribute_not_over_and
FNDA:0,conjure_oxide::rules::cnf::CONJURE_GEN_RULE_DISTRIBUTE_OR_OVER_AND::__typecheck
FNDA:0,conjure_oxide::rules::cnf::CONJURE_GEN_RULE_DISTRIBUTE_OR_OVER_AND::__typecheck
FNDA:0,conjure_oxide::rules::cnf::distribute_not_over_or
FNDA:0,conjure_oxide::rules::cnf::CONJURE_GEN_RULE_DISTRIBUTE_NOT_OVER_OR::__typecheck
FNF:20
FNH:8
BRF:0
BRH:0
DA:8,0
DA:14,1
DA:15,1
DA:16,1
DA:17,0
DA:18,96
DA:19,96
DA:20,12
DA:21,6
DA:22,6
DA:23,18
DA:24,12
DA:25,12
DA:26,6
DA:28,6
DA:30,84
DA:32,96
DA:38,1
DA:39,1
DA:40,1
DA:41,0
DA:42,96
DA:43,96
DA:44,12
DA:45,6
DA:46,6
DA:47,18
DA:48,12
DA:49,12
DA:50,6
DA:52,6
DA:54,84
DA:56,96
DA:62,1
DA:63,1
DA:64,1
DA:65,0
DA:66,90
DA:67,90
DA:68,90
DA:69,90
DA:70,90
DA:71,90
DA:72,90
DA:73,90
DA:74,90
DA:75,90
DA:76,90
DA:77,90
DA:78,6
DA:79,6
DA:80,6
DA:81,6
DA:82,6
DA:83,6
DA:84,6
DA:85,6
DA:87,18
DA:89,12
DA:90,12
DA:91,12
DA:94,6
DA:96,0
DA:99,0
DA:101,84
DA:103,90
LF:66
LH:60
end_of_record
SF:conjure_oxide/src/parse.rs
FN:233,conjure_oxide::parse::parse_vec_op
FN:10,conjure_oxide::parse::model_from_json
FN:176,conjure_oxide::parse::parse_expression::{closure#0}
FN:177,conjure_oxide::parse::parse_expression::{closure#1}
FN:222,conjure_oxide::parse::parse_unary_op
FN:177,conjure_oxide::parse::parse_expression::{closure#1}
FN:124,conjure_oxide::parse::parse_int_domain::{closure#1}
FN:79,conjure_oxide::parse::parse_int_domain
FN:178,conjure_oxide::parse::parse_expression::{closure#2}
FN:110,conjure_oxide::parse::parse_int_domain::{closure#0}
FN:222,conjure_oxide::parse::parse_unary_op
FN:110,conjure_oxide::parse::parse_int_domain::{closure#0}
FN:233,conjure_oxide::parse::parse_vec_op
FN:185,conjure_oxide::parse::parse_expression::{closure#4}
FN:79,conjure_oxide::parse::parse_int_domain
FN:188,conjure_oxide::parse::parse_expression::{closure#5}
FN:202,conjure_oxide::parse::parse_bin_op
FN:248,conjure_oxide::parse::parse_constant
FN:188,conjure_oxide::parse::parse_expression::{closure#5}
FN:202,conjure_oxide::parse::parse_bin_op
FN:49,conjure_oxide::parse::parse_variable
FN:176,conjure_oxide::parse::parse_expression::{closure#0}
FN:182,conjure_oxide::parse::parse_expression::{closure#3}
FN:49,conjure_oxide::parse::parse_variable
FN:178,conjure_oxide::parse::parse_expression::{closure#2}
FN:182,conjure_oxide::parse::parse_expression::{closure#3}
FN:142,conjure_oxide::parse::parse_expression
FN:185,conjure_oxide::parse::parse_expression::{closure#4}
FN:243,conjure_oxide::parse::parse_vec_op::{closure#0}
FN:248,conjure_oxide::parse::parse_constant
FN:10,conjure_oxide::parse::model_from_json
FN:243,conjure_oxide::parse::parse_vec_op::{closure#0}
FN:142,conjure_oxide::parse::parse_expression
FN:124,conjure_oxide::parse::parse_int_domain::{closure#1}
FNDA:0,conjure_oxide::parse::parse_vec_op
FNDA:1,conjure_oxide::parse::model_from_json
FNDA:1,conjure_oxide::parse::parse_expression::{closure#0}
FNDA:1,conjure_oxide::parse::parse_expression::{closure#1}
FNDA:0,conjure_oxide::parse::parse_unary_op
FNDA:0,conjure_oxide::parse::parse_expression::{closure#1}
FNDA:0,conjure_oxide::parse::parse_int_domain::{closure#1}
FNDA:1,conjure_oxide::parse::parse_int_domain
FNDA:0,conjure_oxide::parse::parse_expression::{closure#2}
FNDA:0,conjure_oxide::parse::parse_int_domain::{closure#0}
FNDA:0,conjure_oxide::parse::parse_unary_op
FNDA:0,conjure_oxide::parse::parse_int_domain::{closure#0}
FNDA:1,conjure_oxide::parse::parse_vec_op
FNDA:0,conjure_oxide::parse::parse_expression::{closure#4}
FNDA:0,conjure_oxide::parse::parse_int_domain
FNDA:1,conjure_oxide::parse::parse_expression::{closure#5}
FNDA:0,conjure_oxide::parse::parse_bin_op
FNDA:0,conjure_oxide::parse::parse_constant
FNDA:0,conjure_oxide::parse::parse_expression::{closure#5}
FNDA:1,conjure_oxide::parse::parse_bin_op
FNDA:1,conjure_oxide::parse::parse_variable
FNDA:0,conjure_oxide::parse::parse_expression::{closure#0}
FNDA:0,conjure_oxide::parse::parse_expression::{closure#3}
FNDA:0,conjure_oxide::parse::parse_variable
FNDA:1,conjure_oxide::parse::parse_expression::{closure#2}
FNDA:1,conjure_oxide::parse::parse_expression::{closure#3}
FNDA:1,conjure_oxide::parse::parse_expression
FNDA:1,conjure_oxide::parse::parse_expression::{closure#4}
FNDA:1,conjure_oxide::parse::parse_vec_op::{closure#0}
FNDA:1,conjure_oxide::parse::parse_constant
FNDA:0,conjure_oxide::parse::model_from_json
FNDA:0,conjure_oxide::parse::parse_vec_op::{closure#0}
FNDA:0,conjure_oxide::parse::parse_expression
FNDA:0,conjure_oxide::parse::parse_int_domain::{closure#1}
FNF:34
FNH:14
BRF:0
BRH:0
DA:10,6
DA:11,6
DA:12,6
DA:13,6
DA:14,6
DA:15,6
DA:17,36
DA:18,30
DA:19,30
DA:20,30
DA:21,30
DA:22,30
DA:23,30
DA:24,30
DA:25,30
DA:26,30
DA:27,30
DA:28,18
DA:29,18
DA:31,12
DA:32,12
DA:33,12
DA:34,12
DA:35,12
DA:36,12
DA:37,12
DA:38,12
DA:39,12
DA:40,12
DA:41,12
DA:42,0
DA:46,6
DA:47,6
DA:49,18
DA:50,18
DA:51,18
DA:52,18
DA:53,18
DA:54,18
DA:55,18
DA:56,18
DA:57,18
DA:58,18
DA:59,18
DA:60,18
DA:61,18
DA:62,18
DA:63,18
DA:64,18
DA:65,18
DA:66,18
DA:67,18
DA:68,18
DA:69,18
DA:70,18
DA:71,0
DA:72,0
DA:73,0
DA:74,0
DA:75,0
DA:76,18
DA:77,18
DA:79,18
DA:80,18
DA:81,18
DA:82,18
DA:83,18
DA:84,18
DA:85,18
DA:86,36
DA:87,18
DA:88,18
DA:89,18
DA:90,18
DA:91,18
DA:92,18
DA:93,18
DA:94,18
DA:95,18
DA:96,18
DA:97,18
DA:98,18
DA:99,18
DA:100,18
DA:101,18
DA:102,18
DA:103,18
DA:104,36
DA:105,36
DA:106,36
DA:107,36
DA:108,36
DA:109,36
DA:110,36
DA:111,0
DA:112,36
DA:113,36
DA:115,18
DA:117,0
DA:118,0
DA:119,0
DA:120,0
DA:121,0
DA:122,0
DA:123,0
DA:124,0
DA:125,0
DA:128,0
DA:129,0
DA:130,0
DA:134,18
DA:135,18
DA:142,60
DA:143,60
DA:144,60
DA:145,60
DA:146,60
DA:147,60
DA:148,60
DA:149,60
DA:150,60
DA:151,60
DA:152,60
DA:153,60
DA:154,60
DA:155,60
DA:156,60
DA:157,60
DA:158,60
DA:159,60
DA:160,60
DA:161,60
DA:162,60
DA:163,60
DA:164,60
DA:165,60
DA:166,60
DA:167,60
DA:168,60
DA:169,60
DA:170,60
DA:171,60
DA:172,60
DA:173,60
DA:174,60
DA:175,60
DA:176,108
DA:177,60
DA:178,60
DA:180,6
DA:181,60
DA:182,108
DA:183,12
DA:185,12
DA:186,0
DA:188,24
DA:189,12
DA:191,0
DA:193,36
DA:194,30
DA:195,30
DA:197,6
DA:198,0
DA:200,60
DA:202,12
DA:203,12
DA:204,12
DA:205,12
DA:208,12
DA:210,12
DA:212,12
DA:213,12
DA:214,12
DA:215,12
DA:216,12
DA:218,0
DA:220,12
DA:222,0
DA:223,0
DA:224,0
DA:225,0
DA:226,0
DA:227,0
DA:229,0
DA:230,0
DA:231,0
DA:233,12
DA:234,12
DA:235,12
DA:236,12
DA:237,12
DA:238,12
DA:240,12
DA:241,12
DA:242,12
DA:243,24
DA:244,12
DA:245,12
DA:246,12
DA:248,6
DA:249,6
DA:250,6
DA:251,6
DA:252,6
DA:253,6
DA:254,6
DA:255,6
DA:256,6
DA:259,0
DA:261,6
LF:210
LH:177
end_of_record
SF:conjure_oxide/tests/generated_tests.rs
FN:12,generated_tests::main
FN:80,generated_tests::assert_conjure_present
FN:22,generated_tests::integration_test
FN:14,generated_tests::main::{closure#0}
FNDA:0,generated_tests::main
FNDA:1,generated_tests::assert_conjure_present
FNDA:1,generated_tests::integration_test
FNDA:0,generated_tests::main::{closure#0}
FNF:4
FNH:2
BRF:0
BRH:0
DA:12,0
DA:13,0
DA:14,0
DA:15,0
DA:16,0
DA:17,0
DA:18,0
DA:20,0
DA:22,1
DA:23,1
DA:24,1
DA:25,1
DA:26,1
DA:27,0
DA:28,0
DA:29,0
DA:30,0
DA:31,1
DA:34,1
DA:35,1
DA:36,0
DA:37,1
DA:39,1
DA:40,1
DA:41,1
DA:42,0
DA:43,1
DA:45,1
DA:48,1
DA:49,1
DA:50,1
DA:51,0
DA:52,1
DA:54,1
DA:55,1
DA:56,1
DA:57,0
DA:58,1
DA:60,1
DA:63,1
DA:64,1
DA:65,0
DA:66,1
DA:68,1
DA:69,1
DA:70,1
DA:71,0
DA:72,1
DA:74,1
DA:76,1
DA:77,1
DA:80,1
DA:81,1
DA:82,1
LF:54
LH:36
end_of_record
SF:conjure_oxide/src/utils/conjure.rs
FN:24,<conjure_oxide::utils::conjure::EssenceParseError as core::convert::From<conjure_oxide::error::Error>>::from
FN:24,<conjure_oxide::utils::conjure::EssenceParseError as core::convert::From<conjure_oxide::error::Error>>::from
FN:61,conjure_oxide::utils::conjure::get_minion_solutions
FN:104,conjure_oxide::utils::conjure::minion_solutions_to_json
FN:29,conjure_oxide::utils::conjure::parse_essence_file
FN:15,<conjure_oxide::utils::conjure::EssenceParseError as core::fmt::Display>::fmt
FN:15,<conjure_oxide::utils::conjure::EssenceParseError as core::fmt::Display>::fmt
FN:66,conjure_oxide::utils::conjure::get_minion_solutions::callback
FN:61,conjure_oxide::utils::conjure::get_minion_solutions
FN:29,conjure_oxide::utils::conjure::parse_essence_file
FN:66,conjure_oxide::utils::conjure::get_minion_solutions::callback
FN:104,conjure_oxide::utils::conjure::minion_solutions_to_json
FNDA:0,<conjure_oxide::utils::conjure::EssenceParseError as core::convert::From<conjure_oxide::error::Error>>::from
FNDA:0,<conjure_oxide::utils::conjure::EssenceParseError as core::convert::From<conjure_oxide::error::Error>>::from
FNDA:1,conjure_oxide::utils::conjure::get_minion_solutions
FNDA:1,conjure_oxide::utils::conjure::minion_solutions_to_json
FNDA:1,conjure_oxide::utils::conjure::parse_essence_file
FNDA:0,<conjure_oxide::utils::conjure::EssenceParseError as core::fmt::Display>::fmt
FNDA:0,<conjure_oxide::utils::conjure::EssenceParseError as core::fmt::Display>::fmt
FNDA:1,conjure_oxide::utils::conjure::get_minion_solutions::callback
FNDA:0,conjure_oxide::utils::conjure::get_minion_solutions
FNDA:0,conjure_oxide::utils::conjure::parse_essence_file
FNDA:0,conjure_oxide::utils::conjure::get_minion_solutions::callback
FNDA:0,conjure_oxide::utils::conjure::minion_solutions_to_json
FNF:12
FNH:4
BRF:0
BRH:0
DA:15,0
DA:24,0
DA:25,0
DA:26,0
DA:29,6
DA:30,6
DA:31,6
DA:32,6
DA:33,6
DA:34,6
DA:35,6
DA:37,6
DA:38,0
DA:41,6
DA:42,0
DA:43,0
DA:44,0
DA:45,6
DA:47,6
DA:48,6
DA:49,0
DA:50,0
DA:51,0
DA:52,0
DA:53,0
DA:57,6
DA:58,6
DA:59,6
DA:61,6
DA:62,6
DA:63,6
DA:64,6
DA:65,6
DA:66,6
DA:67,6
DA:68,6
DA:69,6
DA:70,0
DA:71,0
DA:72,6
DA:73,6
DA:74,6
DA:75,6
DA:76,6
DA:77,6
DA:78,6
DA:79,6
DA:80,6
DA:82,6
DA:83,6
DA:84,6
DA:85,0
DA:86,0
DA:87,0
DA:91,6
DA:92,6
DA:93,0
DA:94,0
DA:95,0
DA:96,0
DA:97,0
DA:98,0
DA:101,6
DA:102,6
DA:104,6
DA:105,6
DA:106,12
DA:107,6
DA:108,24
DA:109,18
DA:110,18
DA:111,0
DA:113,18
DA:115,6
DA:117,6
DA:118,6
DA:119,6
LF:77
LH:52
end_of_record
SF:solvers/chuffed/tests/dummy_test.rs
FN:4,dummy_test::dummy
FNDA:1,dummy_test::dummy
FNF:1
FNH:1
BRF:0
BRH:0
DA:4,1
DA:5,1
DA:6,1
LF:3
LH:3
end_of_record
SF:conjure_oxide/src/utils/json.rs
FN:53,conjure_oxide::utils::json::sort_json_object::{closure#0}
FN:62,conjure_oxide::utils::json::sort_json_object::{closure#1}
FN:7,conjure_oxide::utils::json::json_value_cmp
FN:7,conjure_oxide::utils::json::json_value_cmp
FN:62,conjure_oxide::utils::json::sort_json_object::{closure#1}
FN:32,conjure_oxide::utils::json::sort_json_variables
FN:48,conjure_oxide::utils::json::sort_json_object
FN:53,conjure_oxide::utils::json::sort_json_object::{closure#0}
FN:32,conjure_oxide::utils::json::sort_json_variables
FN:48,conjure_oxide::utils::json::sort_json_object
FNDA:0,conjure_oxide::utils::json::sort_json_object::{closure#0}
FNDA:1,conjure_oxide::utils::json::sort_json_object::{closure#1}
FNDA:0,conjure_oxide::utils::json::json_value_cmp
FNDA:1,conjure_oxide::utils::json::json_value_cmp
FNDA:0,conjure_oxide::utils::json::sort_json_object::{closure#1}
FNDA:0,conjure_oxide::utils::json::sort_json_variables
FNDA:0,conjure_oxide::utils::json::sort_json_object
FNDA:1,conjure_oxide::utils::json::sort_json_object::{closure#0}
FNDA:1,conjure_oxide::utils::json::sort_json_variables
FNDA:1,conjure_oxide::utils::json::sort_json_object
FNF:10
FNH:5
BRF:0
BRH:0
DA:7,72
DA:8,72
DA:9,0
DA:10,0
DA:11,0
DA:12,0
DA:13,0
DA:14,0
DA:15,0
DA:17,36
DA:18,36
DA:19,36
DA:20,36
DA:21,36
DA:22,0
DA:24,0
DA:26,36
DA:28,72
DA:32,12
DA:33,12
DA:34,12
DA:35,12
DA:36,12
DA:37,12
DA:39,0
DA:41,12
DA:48,540
DA:49,540
DA:50,300
DA:51,300
DA:52,300
DA:53,324
DA:54,324
DA:55,12
DA:57,312
DA:59,324
DA:60,300
DA:61,300
DA:62,300
DA:63,300
DA:65,96
DA:66,96
DA:67,96
DA:68,96
DA:70,144
DA:72,540
LF:46
LH:36
end_of_record
SF:conjure_oxide/src/rules/constant.rs
FN:34,conjure_oxide::rules::constant::eval_constant::{closure#5}
FN:61,conjure_oxide::rules::constant::un_op::<bool, bool>
FN:78,conjure_oxide::rules::constant::tern_op::<i32, bool>
FN:29,conjure_oxide::rules::constant::eval_constant::{closure#1}::{closure#0}
FN:35,conjure_oxide::rules::constant::eval_constant::{closure#6}
FN:49,conjure_oxide::rules::constant::eval_constant::{closure#12}
FN:42,conjure_oxide::rules::constant::eval_constant::{closure#10}
FN:88,conjure_oxide::rules::constant::vec_op::<i32, i32>
FN:49,conjure_oxide::rules::constant::eval_constant::{closure#12}
FN:88,conjure_oxide::rules::constant::vec_op::<i32, i32>
FN:9,conjure_oxide::rules::constant::apply_eval_constant
FN:39,conjure_oxide::rules::constant::eval_constant::{closure#8}::{closure#0}
FN:40,conjure_oxide::rules::constant::eval_constant::{closure#9}::{closure#0}
FN:69,conjure_oxide::rules::constant::bin_op::<bool, bool>
FN:88,conjure_oxide::rules::constant::vec_op::<bool, bool>
FN:31,conjure_oxide::rules::constant::eval_constant::{closure#2}
FN:88,conjure_oxide::rules::constant::vec_op::<bool, bool>
FN:28,conjure_oxide::rules::constant::eval_constant::{closure#0}
FN:9,conjure_oxide::rules::constant::apply_eval_constant
FN:15,conjure_oxide::rules::constant::apply_eval_constant::{closure#0}
FN:35,conjure_oxide::rules::constant::eval_constant::{closure#6}
FN:69,conjure_oxide::rules::constant::bin_op::<i32, bool>
FN:39,conjure_oxide::rules::constant::eval_constant::{closure#8}
FN:37,conjure_oxide::rules::constant::eval_constant::{closure#7}
FN:69,conjure_oxide::rules::constant::bin_op::<i32, bool>
FN:96,conjure_oxide::rules::constant::flat_op::<i32, bool>
FN:23,conjure_oxide::rules::constant::eval_constant
FN:105,conjure_oxide::rules::constant::unwrap_expr::<i32>
FN:40,conjure_oxide::rules::constant::eval_constant::{closure#9}::{closure#0}
FN:32,conjure_oxide::rules::constant::eval_constant::{closure#3}
FN:39,conjure_oxide::rules::constant::eval_constant::{closure#8}::{closure#0}
FN:45,conjure_oxide::rules::constant::eval_constant::{closure#11}
FN:33,conjure_oxide::rules::constant::eval_constant::{closure#4}
FN:34,conjure_oxide::rules::constant::eval_constant::{closure#5}
FN:105,conjure_oxide::rules::constant::unwrap_expr::<bool>
FN:105,conjure_oxide::rules::constant::unwrap_expr::<i32>
FN:52,conjure_oxide::rules::constant::eval_constant::{closure#13}
FN:40,conjure_oxide::rules::constant::eval_constant::{closure#9}
FN:29,conjure_oxide::rules::constant::eval_constant::{closure#1}
FN:61,conjure_oxide::rules::constant::un_op::<bool, bool>
FN:8,conjure_oxide::rules::constant::CONJURE_GEN_RULE_APPLY_EVAL_CONSTANT::__typecheck
FN:29,conjure_oxide::rules::constant::eval_constant::{closure#1}
FN:23,conjure_oxide::rules::constant::eval_constant
FN:15,conjure_oxide::rules::constant::apply_eval_constant::{closure#0}
FN:8,conjure_oxide::rules::constant::CONJURE_GEN_RULE_APPLY_EVAL_CONSTANT::__typecheck
FN:6,conjure_oxide::rules::constant::CONJURE_GEN_RULE_SET_CONSTANT::__typecheck
FN:78,conjure_oxide::rules::constant::tern_op::<i32, bool>
FN:52,conjure_oxide::rules::constant::eval_constant::{closure#13}
FN:29,conjure_oxide::rules::constant::eval_constant::{closure#1}::{closure#0}
FN:96,conjure_oxide::rules::constant::flat_op::<i32, bool>
FN:6,conjure_oxide::rules::constant::CONJURE_GEN_RULE_SET_CONSTANT::__typecheck
FN:32,conjure_oxide::rules::constant::eval_constant::{closure#3}
FN:28,conjure_oxide::rules::constant::eval_constant::{closure#0}
FN:42,conjure_oxide::rules::constant::eval_constant::{closure#10}
FN:45,conjure_oxide::rules::constant::eval_constant::{closure#11}
FN:69,conjure_oxide::rules::constant::bin_op::<bool, bool>
FN:37,conjure_oxide::rules::constant::eval_constant::{closure#7}
FN:31,conjure_oxide::rules::constant::eval_constant::{closure#2}
FN:40,conjure_oxide::rules::constant::eval_constant::{closure#9}
FN:39,conjure_oxide::rules::constant::eval_constant::{closure#8}
FN:105,conjure_oxide::rules::constant::unwrap_expr::<bool>
FN:33,conjure_oxide::rules::constant::eval_constant::{closure#4}
FNDA:0,conjure_oxide::rules::constant::eval_constant::{closure#5}
FNDA:0,conjure_oxide::rules::constant::un_op::<bool, bool>
FNDA:0,conjure_oxide::rules::constant::tern_op::<i32, bool>
FNDA:1,conjure_oxide::rules::constant::eval_constant::{closure#1}::{closure#0}
FNDA:0,conjure_oxide::rules::constant::eval_constant::{closure#6}
FNDA:0,conjure_oxide::rules::constant::eval_constant::{closure#12}
FNDA:0,conjure_oxide::rules::constant::eval_constant::{closure#10}
FNDA:1,conjure_oxide::rules::constant::vec_op::<i32, i32>
FNDA:0,conjure_oxide::rules::constant::eval_constant::{closure#12}
FNDA:0,conjure_oxide::rules::constant::vec_op::<i32, i32>
FNDA:1,conjure_oxide::rules::constant::apply_eval_constant
FNDA:0,conjure_oxide::rules::constant::eval_constant::{closure#8}::{closure#0}
FNDA:0,conjure_oxide::rules::constant::eval_constant::{closure#9}::{closure#0}
FNDA:1,conjure_oxide::rules::constant::bin_op::<bool, bool>
FNDA:1,conjure_oxide::rules::constant::vec_op::<bool, bool>
FNDA:0,conjure_oxide::rules::constant::eval_constant::{closure#2}
FNDA:0,conjure_oxide::rules::constant::vec_op::<bool, bool>
FNDA:1,conjure_oxide::rules::constant::eval_constant::{closure#0}
FNDA:0,conjure_oxide::rules::constant::apply_eval_constant
FNDA:0,conjure_oxide::rules::constant::apply_eval_constant::{closure#0}
FNDA:0,conjure_oxide::rules::constant::eval_constant::{closure#6}
FNDA:1,conjure_oxide::rules::constant::bin_op::<i32, bool>
FNDA:0,conjure_oxide::rules::constant::eval_constant::{closure#8}
FNDA:0,conjure_oxide::rules::constant::eval_constant::{closure#7}
FNDA:0,conjure_oxide::rules::constant::bin_op::<i32, bool>
FNDA:0,conjure_oxide::rules::constant::flat_op::<i32, bool>
FNDA:1,conjure_oxide::rules::constant::eval_constant
FNDA:1,conjure_oxide::rules::constant::unwrap_expr::<i32>
FNDA:1,conjure_oxide::rules::constant::eval_constant::{closure#9}::{closure#0}
FNDA:0,conjure_oxide::rules::constant::eval_constant::{closure#3}
FNDA:1,conjure_oxide::rules::constant::eval_constant::{closure#8}::{closure#0}
FNDA:0,conjure_oxide::rules::constant::eval_constant::{closure#11}
FNDA:0,conjure_oxide::rules::constant::eval_constant::{closure#4}
FNDA:0,conjure_oxide::rules::constant::eval_constant::{closure#5}
FNDA:0,conjure_oxide::rules::constant::unwrap_expr::<bool>
FNDA:0,conjure_oxide::rules::constant::unwrap_expr::<i32>
FNDA:0,conjure_oxide::rules::constant::eval_constant::{closure#13}
FNDA:1,conjure_oxide::rules::constant::eval_constant::{closure#9}
FNDA:1,conjure_oxide::rules::constant::eval_constant::{closure#1}
FNDA:0,conjure_oxide::rules::constant::un_op::<bool, bool>
FNDA:0,conjure_oxide::rules::constant::CONJURE_GEN_RULE_APPLY_EVAL_CONSTANT::__typecheck
FNDA:0,conjure_oxide::rules::constant::eval_constant::{closure#1}
FNDA:0,conjure_oxide::rules::constant::eval_constant
FNDA:0,conjure_oxide::rules::constant::apply_eval_constant::{closure#0}
FNDA:0,conjure_oxide::rules::constant::CONJURE_GEN_RULE_APPLY_EVAL_CONSTANT::__typecheck
FNDA:0,conjure_oxide::rules::constant::CONJURE_GEN_RULE_SET_CONSTANT::__typecheck
FNDA:1,conjure_oxide::rules::constant::tern_op::<i32, bool>
FNDA:0,conjure_oxide::rules::constant::eval_constant::{closure#13}
FNDA:0,conjure_oxide::rules::constant::eval_constant::{closure#1}::{closure#0}
FNDA:1,conjure_oxide::rules::constant::flat_op::<i32, bool>
FNDA:0,conjure_oxide::rules::constant::CONJURE_GEN_RULE_SET_CONSTANT::__typecheck
FNDA:0,conjure_oxide::rules::constant::eval_constant::{closure#3}
FNDA:0,conjure_oxide::rules::constant::eval_constant::{closure#0}
FNDA:0,conjure_oxide::rules::constant::eval_constant::{closure#10}
FNDA:0,conjure_oxide::rules::constant::eval_constant::{closure#11}
FNDA:0,conjure_oxide::rules::constant::bin_op::<bool, bool>
FNDA:0,conjure_oxide::rules::constant::eval_constant::{closure#7}
FNDA:0,conjure_oxide::rules::constant::eval_constant::{closure#2}
FNDA:0,conjure_oxide::rules::constant::eval_constant::{closure#9}
FNDA:1,conjure_oxide::rules::constant::eval_constant::{closure#8}
FNDA:1,conjure_oxide::rules::constant::unwrap_expr::<bool>
FNDA:0,conjure_oxide::rules::constant::eval_constant::{closure#4}
FNF:62
FNH:17
BRF:0
BRH:0
DA:6,0
DA:8,0
DA:9,474
DA:10,474
DA:11,60
DA:12,414
DA:13,414
DA:14,414
DA:15,414
DA:16,414
DA:17,474
DA:23,1014
DA:24,1014
DA:25,108
DA:26,450
DA:28,60
DA:29,60
DA:30,60
DA:31,0
DA:32,6
DA:33,0
DA:34,0
DA:35,6
DA:37,0
DA:39,102
DA:40,12
DA:42,132
DA:44,18
DA:45,18
DA:48,72
DA:49,72
DA:51,30
DA:52,30
DA:55,24
DA:56,24
DA:59,1014
DA:61,0
DA:62,0
DA:63,0
DA:64,0
DA:65,0
DA:66,0
DA:67,0
DA:69,126
DA:70,126
DA:71,126
DA:72,126
DA:73,126
DA:74,18
DA:75,12
DA:76,126
DA:78,18
DA:79,18
DA:80,18
DA:81,18
DA:82,18
DA:83,0
DA:84,0
DA:85,0
DA:86,18
DA:88,240
DA:89,240
DA:90,240
DA:91,240
DA:92,240
DA:93,12
DA:94,240
DA:96,102
DA:97,102
DA:98,102
DA:99,102
DA:100,102
DA:101,0
DA:102,0
DA:103,102
DA:105,534
DA:106,534
DA:107,96
DA:108,534
LF:79
LH:61
end_of_record
SF:crates/conjure_core/src/metadata.rs
FN:16,<conjure_core::metadata::Metadata>::new
FN:4,<<conjure_core::metadata::Metadata as serde::de::Deserialize>::deserialize::__FieldVisitor as serde::de::Visitor>::visit_bytes::<_>
FN:4,<<conjure_core::metadata::Metadata as serde::de::Deserialize>::deserialize::__Field as serde::de::Deserialize>::deserialize::<serde_json::de::MapKey<serde_json::read::StrRead>>
FN:4,<<conjure_core::metadata::Metadata as serde::de::Deserialize>::deserialize::__Field as serde::de::Deserialize>::deserialize::<_>
FN:4,<<conjure_core::metadata::Metadata as serde::de::Deserialize>::deserialize::__Visitor as serde::de::Visitor>::visit_map::<_>
FN:4,<<conjure_core::metadata::Metadata as serde::de::Deserialize>::deserialize::__FieldVisitor as serde::de::Visitor>::visit_u64::<_>
FN:4,<<conjure_core::metadata::Metadata as serde::de::Deserialize>::deserialize::__Visitor as serde::de::Visitor>::expecting
FN:4,<<conjure_core::metadata::Metadata as serde::de::Deserialize>::deserialize::__Visitor as serde::de::Visitor>::visit_seq::<serde_json::de::SeqAccess<serde_json::read::StrRead>>
FN:4,<<conjure_core::metadata::Metadata as serde::de::Deserialize>::deserialize::__Visitor as serde::de::Visitor>::visit_seq::<_>
FN:4,<<conjure_core::metadata::Metadata as serde::de::Deserialize>::deserialize::__FieldVisitor as serde::de::Visitor>::expecting
FN:4,<<conjure_core::metadata::Metadata as serde::de::Deserialize>::deserialize::__Visitor as serde::de::Visitor>::visit_map::<serde_json::de::MapAccess<serde_json::read::StrRead>>
FN:4,<<conjure_core::metadata::Metadata as serde::de::Deserialize>::deserialize::__FieldVisitor as serde::de::Visitor>::expecting
FN:4,<<conjure_core::metadata::Metadata as serde::de::Deserialize>::deserialize::__Field as serde::de::Deserialize>::deserialize::<_>
FN:16,<conjure_core::metadata::Metadata>::new
FN:4,<<conjure_core::metadata::Metadata as serde::de::Deserialize>::deserialize::__FieldVisitor as serde::de::Visitor>::visit_bytes::<_>
FN:4,<<conjure_core::metadata::Metadata as serde::de::Deserialize>::deserialize::__Visitor as serde::de::Visitor>::visit_seq::<_>
FN:10,<conjure_core::metadata::Metadata as core::default::Default>::default
FN:4,<<conjure_core::metadata::Metadata as serde::de::Deserialize>::deserialize::__FieldVisitor as serde::de::Visitor>::visit_str::<serde_json::error::Error>
FN:22,<conjure_core::metadata::Metadata as core::fmt::Display>::fmt
FN:4,<<conjure_core::metadata::Metadata as serde::de::Deserialize>::deserialize::__FieldVisitor as serde::de::Visitor>::visit_u64::<_>
FN:4,<<conjure_core::metadata::Metadata as serde::de::Deserialize>::deserialize::__Visitor as serde::de::Visitor>::visit_map::<_>
FN:10,<conjure_core::metadata::Metadata as core::default::Default>::default
FN:4,<<conjure_core::metadata::Metadata as serde::de::Deserialize>::deserialize::__FieldVisitor as serde::de::Visitor>::visit_str::<_>
FN:22,<conjure_core::metadata::Metadata as core::fmt::Display>::fmt
FN:4,<<conjure_core::metadata::Metadata as serde::de::Deserialize>::deserialize::__Visitor as serde::de::Visitor>::expecting
FN:4,<<conjure_core::metadata::Metadata as serde::de::Deserialize>::deserialize::__FieldVisitor as serde::de::Visitor>::visit_str::<_>
FNDA:1,<conjure_core::metadata::Metadata>::new
FNDA:0,<<conjure_core::metadata::Metadata as serde::de::Deserialize>::deserialize::__FieldVisitor as serde::de::Visitor>::visit_bytes::<_>
FNDA:1,<<conjure_core::metadata::Metadata as serde::de::Deserialize>::deserialize::__Field as serde::de::Deserialize>::deserialize::<serde_json::de::MapKey<serde_json::read::StrRead>>
FNDA:0,<<conjure_core::metadata::Metadata as serde::de::Deserialize>::deserialize::__Field as serde::de::Deserialize>::deserialize::<_>
FNDA:0,<<conjure_core::metadata::Metadata as serde::de::Deserialize>::deserialize::__Visitor as serde::de::Visitor>::visit_map::<_>
FNDA:0,<<conjure_core::metadata::Metadata as serde::de::Deserialize>::deserialize::__FieldVisitor as serde::de::Visitor>::visit_u64::<_>
FNDA:0,<<conjure_core::metadata::Metadata as serde::de::Deserialize>::deserialize::__Visitor as serde::de::Visitor>::expecting
FNDA:0,<<conjure_core::metadata::Metadata as serde::de::Deserialize>::deserialize::__Visitor as serde::de::Visitor>::visit_seq::<serde_json::de::SeqAccess<serde_json::read::StrRead>>
FNDA:0,<<conjure_core::metadata::Metadata as serde::de::Deserialize>::deserialize::__Visitor as serde::de::Visitor>::visit_seq::<_>
FNDA:0,<<conjure_core::metadata::Metadata as serde::de::Deserialize>::deserialize::__FieldVisitor as serde::de::Visitor>::expecting
FNDA:1,<<conjure_core::metadata::Metadata as serde::de::Deserialize>::deserialize::__Visitor as serde::de::Visitor>::visit_map::<serde_json::de::MapAccess<serde_json::read::StrRead>>
FNDA:0,<<conjure_core::metadata::Metadata as serde::de::Deserialize>::deserialize::__FieldVisitor as serde::de::Visitor>::expecting
FNDA:0,<<conjure_core::metadata::Metadata as serde::de::Deserialize>::deserialize::__Field as serde::de::Deserialize>::deserialize::<_>
FNDA:0,<conjure_core::metadata::Metadata>::new
FNDA:0,<<conjure_core::metadata::Metadata as serde::de::Deserialize>::deserialize::__FieldVisitor as serde::de::Visitor>::visit_bytes::<_>
FNDA:0,<<conjure_core::metadata::Metadata as serde::de::Deserialize>::deserialize::__Visitor as serde::de::Visitor>::visit_seq::<_>
FNDA:0,<conjure_core::metadata::Metadata as core::default::Default>::default
FNDA:1,<<conjure_core::metadata::Metadata as serde::de::Deserialize>::deserialize::__FieldVisitor as serde::de::Visitor>::visit_str::<serde_json::error::Error>
FNDA:0,<conjure_core::metadata::Metadata as core::fmt::Display>::fmt
FNDA:0,<<conjure_core::metadata::Metadata as serde::de::Deserialize>::deserialize::__FieldVisitor as serde::de::Visitor>::visit_u64::<_>
FNDA:0,<<conjure_core::metadata::Metadata as serde::de::Deserialize>::deserialize::__Visitor as serde::de::Visitor>::visit_map::<_>
FNDA:0,<conjure_core::metadata::Metadata as core::default::Default>::default
FNDA:0,<<conjure_core::metadata::Metadata as serde::de::Deserialize>::deserialize::__FieldVisitor as serde::de::Visitor>::visit_str::<_>
FNDA:0,<conjure_core::metadata::Metadata as core::fmt::Display>::fmt
FNDA:0,<<conjure_core::metadata::Metadata as serde::de::Deserialize>::deserialize::__Visitor as serde::de::Visitor>::expecting
FNDA:0,<<conjure_core::metadata::Metadata as serde::de::Deserialize>::deserialize::__FieldVisitor as serde::de::Visitor>::visit_str::<_>
FNF:26
FNH:4
BRF:0
BRH:0
DA:4,72
DA:10,0
DA:11,0
DA:12,0
DA:16,1131
DA:17,1131
DA:18,1131
DA:22,0
DA:23,0
DA:24,0
LF:10
LH:4
end_of_record
SF:conjure_oxide/src/solvers/kissat.rs
FN:518,conjure_oxide::solvers::kissat::tests::test_int
FN:212,<conjure_oxide::solvers::kissat::CNF>::handle_flat_expression
FN:54,<conjure_oxide::solvers::kissat::CNF>::get_variables
FN:244,<conjure_oxide::solvers::kissat::CNF>::handle_expression
FN:22,<conjure_oxide::solvers::kissat::CNFError as core::fmt::Display>::fmt
FN:103,<conjure_oxide::solvers::kissat::CNF>::add_clause
FN:266,<&conjure_core::ast::Name as conjure_oxide::solvers::kissat::HasVariable>::has_variable
FN:139,<conjure_oxide::solvers::kissat::CNF>::clause_to_expression
FN:103,<conjure_oxide::solvers::kissat::CNF>::add_clause
FN:224,<conjure_oxide::solvers::kissat::CNF>::handle_and
FN:212,<conjure_oxide::solvers::kissat::CNF>::handle_flat_expression
FN:74,<conjure_oxide::solvers::kissat::CNF>::get_name
FN:184,<conjure_oxide::solvers::kissat::CNF>::handle_not
FN:96,<conjure_oxide::solvers::kissat::CNF>::has_variable::<i32>
FN:423,conjure_oxide::solvers::kissat::tests::test_multiple
FN:260,<i32 as conjure_oxide::solvers::kissat::HasVariable>::has_variable
FN:74,<conjure_oxide::solvers::kissat::CNF>::get_name
FN:165,<conjure_oxide::solvers::kissat::CNF>::get_reference_index
FN:281,<conjure_oxide::solvers::kissat::CNF as conjure_oxide::solvers::FromConjureModel>::from_conjure
FN:96,<conjure_oxide::solvers::kissat::CNF>::has_variable::<i32>
FN:482,conjure_oxide::solvers::kissat::tests::test_nested_ors
FN:453,conjure_oxide::solvers::kissat::tests::test_and
FN:244,<conjure_oxide::solvers::kissat::CNF>::handle_expression
FN:116,<conjure_oxide::solvers::kissat::CNF>::add_expression
FN:116,<conjure_oxide::solvers::kissat::CNF>::add_expression
FN:266,<&conjure_core::ast::Name as conjure_oxide::solvers::kissat::HasVariable>::has_variable
FN:126,<conjure_oxide::solvers::kissat::CNF>::as_expression
FN:196,<conjure_oxide::solvers::kissat::CNF>::handle_or
FN:260,<i32 as conjure_oxide::solvers::kissat::HasVariable>::has_variable
FN:139,<conjure_oxide::solvers::kissat::CNF>::clause_to_expression
FN:88,<conjure_oxide::solvers::kissat::CNF>::add_variable
FN:224,<conjure_oxide::solvers::kissat::CNF>::handle_and
FN:542,conjure_oxide::solvers::kissat::tests::test_eq
FN:67,<conjure_oxide::solvers::kissat::CNF>::get_index
FN:54,<conjure_oxide::solvers::kissat::CNF>::get_variables
FN:365,conjure_oxide::solvers::kissat::tests::test_single_or
FN:177,<conjure_oxide::solvers::kissat::CNF>::handle_reference
FN:43,<conjure_oxide::solvers::kissat::CNF>::new
FN:67,<conjure_oxide::solvers::kissat::CNF>::get_index
FN:323,conjure_oxide::solvers::kissat::tests::test_single_var
FN:22,<conjure_oxide::solvers::kissat::CNFError as core::fmt::Display>::fmt
FN:165,<conjure_oxide::solvers::kissat::CNF>::get_reference_index
FN:281,<conjure_oxide::solvers::kissat::CNF as conjure_oxide::solvers::FromConjureModel>::from_conjure
FN:345,conjure_oxide::solvers::kissat::tests::test_single_not
FN:88,<conjure_oxide::solvers::kissat::CNF>::add_variable
FN:184,<conjure_oxide::solvers::kissat::CNF>::handle_not
FN:391,conjure_oxide::solvers::kissat::tests::test_or_not
FN:196,<conjure_oxide::solvers::kissat::CNF>::handle_or
FN:126,<conjure_oxide::solvers::kissat::CNF>::as_expression
FN:177,<conjure_oxide::solvers::kissat::CNF>::handle_reference
FN:43,<conjure_oxide::solvers::kissat::CNF>::new
FNDA:1,conjure_oxide::solvers::kissat::tests::test_int
FNDA:1,<conjure_oxide::solvers::kissat::CNF>::handle_flat_expression
FNDA:0,<conjure_oxide::solvers::kissat::CNF>::get_variables
FNDA:0,<conjure_oxide::solvers::kissat::CNF>::handle_expression
FNDA:0,<conjure_oxide::solvers::kissat::CNFError as core::fmt::Display>::fmt
FNDA:0,<conjure_oxide::solvers::kissat::CNF>::add_clause
FNDA:0,<&conjure_core::ast::Name as conjure_oxide::solvers::kissat::HasVariable>::has_variable
FNDA:1,<conjure_oxide::solvers::kissat::CNF>::clause_to_expression
FNDA:1,<conjure_oxide::solvers::kissat::CNF>::add_clause
FNDA:0,<conjure_oxide::solvers::kissat::CNF>::handle_and
FNDA:0,<conjure_oxide::solvers::kissat::CNF>::handle_flat_expression
FNDA:1,<conjure_oxide::solvers::kissat::CNF>::get_name
FNDA:1,<conjure_oxide::solvers::kissat::CNF>::handle_not
FNDA:0,<conjure_oxide::solvers::kissat::CNF>::has_variable::<i32>
FNDA:1,conjure_oxide::solvers::kissat::tests::test_multiple
FNDA:1,<i32 as conjure_oxide::solvers::kissat::HasVariable>::has_variable
FNDA:0,<conjure_oxide::solvers::kissat::CNF>::get_name
FNDA:0,<conjure_oxide::solvers::kissat::CNF>::get_reference_index
FNDA:0,<conjure_oxide::solvers::kissat::CNF as conjure_oxide::solvers::FromConjureModel>::from_conjure
FNDA:1,<conjure_oxide::solvers::kissat::CNF>::has_variable::<i32>
FNDA:1,conjure_oxide::solvers::kissat::tests::test_nested_ors
FNDA:1,conjure_oxide::solvers::kissat::tests::test_and
FNDA:1,<conjure_oxide::solvers::kissat::CNF>::handle_expression
FNDA:1,<conjure_oxide::solvers::kissat::CNF>::add_expression
FNDA:0,<conjure_oxide::solvers::kissat::CNF>::add_expression
FNDA:0,<&conjure_core::ast::Name as conjure_oxide::solvers::kissat::HasVariable>::has_variable
FNDA:0,<conjure_oxide::solvers::kissat::CNF>::as_expression
FNDA:0,<conjure_oxide::solvers::kissat::CNF>::handle_or
FNDA:0,<i32 as conjure_oxide::solvers::kissat::HasVariable>::has_variable
FNDA:0,<conjure_oxide::solvers::kissat::CNF>::clause_to_expression
FNDA:0,<conjure_oxide::solvers::kissat::CNF>::add_variable
FNDA:0,<conjure_oxide::solvers::kissat::CNF>::handle_and
FNDA:1,conjure_oxide::solvers::kissat::tests::test_eq
FNDA:0,<conjure_oxide::solvers::kissat::CNF>::get_index
FNDA:0,<conjure_oxide::solvers::kissat::CNF>::get_variables
FNDA:1,conjure_oxide::solvers::kissat::tests::test_single_or
FNDA:0,<conjure_oxide::solvers::kissat::CNF>::handle_reference
FNDA:1,<conjure_oxide::solvers::kissat::CNF>::new
FNDA:1,<conjure_oxide::solvers::kissat::CNF>::get_index
FNDA:1,conjure_oxide::solvers::kissat::tests::test_single_var
FNDA:0,<conjure_oxide::solvers::kissat::CNFError as core::fmt::Display>::fmt
FNDA:1,<conjure_oxide::solvers::kissat::CNF>::get_reference_index
FNDA:1,<conjure_oxide::solvers::kissat::CNF as conjure_oxide::solvers::FromConjureModel>::from_conjure
FNDA:1,conjure_oxide::solvers::kissat::tests::test_single_not
FNDA:1,<conjure_oxide::solvers::kissat::CNF>::add_variable
FNDA:0,<conjure_oxide::solvers::kissat::CNF>::handle_not
FNDA:1,conjure_oxide::solvers::kissat::tests::test_or_not
FNDA:1,<conjure_oxide::solvers::kissat::CNF>::handle_or
FNDA:1,<conjure_oxide::solvers::kissat::CNF>::as_expression
FNDA:1,<conjure_oxide::solvers::kissat::CNF>::handle_reference
FNDA:0,<conjure_oxide::solvers::kissat::CNF>::new
FNF:51
FNH:26
BRF:0
BRH:0
DA:22,0
DA:43,9
DA:44,9
DA:45,9
DA:46,9
DA:47,9
DA:48,9
DA:49,9
DA:54,0
DA:55,0
DA:57,0
DA:58,0
DA:59,0
DA:61,0
DA:62,0
DA:67,67
DA:68,67
DA:69,67
DA:74,27
DA:75,41
DA:76,41
DA:77,41
DA:78,27
DA:79,14
DA:82,0
DA:83,27
DA:88,15
DA:89,15
DA:90,15
DA:91,15
DA:96,13
DA:97,13
DA:98,13
DA:103,9
DA:104,22
DA:105,13
DA:106,0
DA:107,13
DA:109,9
DA:110,9
DA:111,9
DA:116,10
DA:117,10
DA:118,9
DA:120,9
DA:121,10
DA:126,6
DA:127,6
DA:129,14
DA:130,8
DA:133,6
DA:134,6
DA:139,8
DA:140,8
DA:142,20
DA:143,12
DA:144,0
DA:145,12
DA:146,12
DA:147,10
DA:149,2
DA:150,2
DA:151,2
DA:157,8
DA:158,8
DA:165,13
DA:166,13
DA:167,0
DA:168,13
DA:170,13
DA:177,11
DA:178,11
DA:179,11
DA:184,2
DA:185,2
DA:186,2
DA:188,2
DA:189,0
DA:191,2
DA:196,4
DA:197,4
DA:199,12
DA:200,8
DA:201,17
DA:202,9
DA:203,9
DA:206,4
DA:207,4
DA:212,18
DA:213,18
DA:214,11
DA:215,2
DA:216,4
DA:217,1
DA:219,18
DA:224,0
DA:225,0
DA:227,0
DA:228,0
DA:229,0
DA:230,0
DA:233,0
DA:238,0
DA:239,0
DA:244,10
DA:245,10
DA:246,0
DA:247,10
DA:249,10
DA:260,13
DA:261,13
DA:262,13
DA:266,0
DA:267,0
DA:268,0
DA:281,9
DA:282,9
DA:284,16
DA:286,16
DA:287,16
DA:288,1
DA:289,1
DA:290,1
DA:291,1
DA:292,15
DA:293,15
DA:294,15
DA:297,10
DA:298,10
DA:299,9
DA:300,1
DA:301,1
DA:302,1
DA:307,7
DA:308,9
DA:323,1
DA:324,1
DA:325,1
DA:326,1
DA:327,1
DA:328,1
DA:329,1
DA:330,1
DA:331,1
DA:332,1
DA:333,1
DA:335,1
DA:336,1
DA:337,1
DA:338,1
DA:339,1
DA:341,1
DA:342,1
DA:345,1
DA:346,1
DA:347,1
DA:348,1
DA:349,1
DA:350,1
DA:351,1
DA:352,1
DA:353,1
DA:354,1
DA:355,1
DA:356,1
DA:358,1
DA:359,1
DA:360,1
DA:361,1
DA:362,1
DA:365,1
DA:366,1
DA:367,1
DA:368,1
DA:369,1
DA:370,1
DA:371,1
DA:372,1
DA:373,1
DA:374,1
DA:375,1
DA:376,1
DA:377,1
DA:378,1
DA:379,1
DA:380,1
DA:381,1
DA:382,1
DA:383,1
DA:384,1
DA:385,1
DA:386,1
DA:387,1
DA:388,1
DA:391,1
DA:392,1
DA:393,1
DA:394,1
DA:395,1
DA:396,1
DA:397,1
DA:398,1
DA:399,1
DA:400,1
DA:401,1
DA:402,1
DA:403,1
DA:404,1
DA:405,1
DA:406,1
DA:407,1
DA:408,1
DA:409,1
DA:410,1
DA:411,1
DA:412,1
DA:413,1
DA:414,1
DA:415,1
DA:416,1
DA:417,1
DA:418,1
DA:419,1
DA:420,1
DA:423,1
DA:424,1
DA:425,1
DA:426,1
DA:427,1
DA:428,1
DA:429,1
DA:430,1
DA:431,1
DA:432,1
DA:433,1
DA:434,1
DA:435,1
DA:436,1
DA:437,1
DA:438,1
DA:439,1
DA:440,1
DA:441,1
DA:442,1
DA:443,1
DA:444,1
DA:445,1
DA:446,1
DA:447,1
DA:448,1
DA:449,1
DA:450,1
DA:453,1
DA:454,1
DA:455,1
DA:456,1
DA:457,1
DA:458,1
DA:459,1
DA:460,1
DA:461,1
DA:462,1
DA:463,1
DA:464,1
DA:465,1
DA:466,1
DA:467,1
DA:468,1
DA:469,1
DA:470,1
DA:471,1
DA:472,1
DA:473,1
DA:474,1
DA:475,1
DA:476,1
DA:477,1
DA:478,1
DA:479,1
DA:482,1
DA:483,1
DA:484,1
DA:485,1
DA:486,1
DA:487,1
DA:488,1
DA:489,1
DA:490,1
DA:491,1
DA:492,1
DA:493,1
DA:494,1
DA:495,1
DA:496,1
DA:497,1
DA:498,1
DA:499,1
DA:500,1
DA:501,1
DA:502,1
DA:503,1
DA:504,1
DA:505,1
DA:506,1
DA:507,1
DA:508,1
DA:509,1
DA:510,1
DA:511,1
DA:512,1
DA:513,1
DA:514,1
DA:515,1
DA:518,1
DA:519,1
DA:520,1
DA:521,1
DA:522,1
DA:523,1
DA:524,1
DA:525,1
DA:526,1
DA:527,1
DA:528,1
DA:529,1
DA:530,1
DA:531,1
DA:532,1
DA:533,1
DA:534,1
DA:535,1
DA:536,1
DA:537,1
DA:538,1
DA:539,1
DA:542,1
DA:543,1
DA:544,1
DA:545,1
DA:546,1
DA:547,1
DA:548,1
DA:549,1
DA:550,1
DA:551,1
DA:552,1
DA:553,1
DA:554,1
DA:555,1
DA:556,1
DA:557,1
DA:558,1
DA:559,1
DA:560,1
LF:354
LH:328
end_of_record
SF:solvers/chuffed/tests/chuffed_basic_run.rs
FN:42,chuffed_basic_run::run_basic_problem
FN:11,chuffed_basic_run::post_constraints
FN:35,callback
FNDA:1,chuffed_basic_run::run_basic_problem
FNDA:0,chuffed_basic_run::post_constraints
FNDA:0,callback
FNF:3
FNH:1
BRF:0
BRH:0
DA:11,0
DA:12,0
DA:13,0
DA:14,0
DA:15,0
DA:16,0
DA:17,0
DA:18,0
DA:19,0
DA:20,0
DA:21,0
DA:22,0
DA:23,0
DA:24,0
DA:25,0
DA:26,0
DA:27,0
DA:28,0
DA:29,0
DA:30,0
DA:31,0
DA:35,0
DA:36,0
DA:37,0
DA:42,1
DA:43,1
DA:44,1
DA:45,1
DA:46,1
DA:47,1
DA:48,0
DA:49,0
DA:50,0
DA:51,0
DA:52,0
DA:53,0
DA:54,0
DA:55,0
DA:56,0
DA:57,0
DA:58,0
DA:59,0
DA:60,0
DA:61,0
DA:62,0
DA:63,0
DA:64,0
DA:65,0
DA:67,1
LF:49
LH:7
end_of_record
SF:conjure_oxide/src/rule_engine/rewrite.rs
FN:24,<conjure_oxide::rule_engine::rewrite::RewriteError as core::convert::From<conjure_oxide::rule_engine::resolve_rules::ResolveRulesError>>::from
FN:81,conjure_oxide::rule_engine::rewrite::apply_all_rules
FN:103,conjure_oxide::rule_engine::rewrite::choose_rewrite
FN:37,conjure_oxide::rule_engine::rewrite::rewrite
FN:81,conjure_oxide::rule_engine::rewrite::apply_all_rules
FN:24,<conjure_oxide::rule_engine::rewrite::RewriteError as core::convert::From<conjure_oxide::rule_engine::resolve_rules::ResolveRulesError>>::from
FN:16,<conjure_oxide::rule_engine::rewrite::RewriteError as core::fmt::Display>::fmt
FN:116,conjure_oxide::rule_engine::rewrite::rewrite_model
FN:16,<conjure_oxide::rule_engine::rewrite::RewriteError as core::fmt::Display>::fmt
FN:103,conjure_oxide::rule_engine::rewrite::choose_rewrite
FN:55,conjure_oxide::rule_engine::rewrite::rewrite_iteration
FN:116,conjure_oxide::rule_engine::rewrite::rewrite_model
FN:37,conjure_oxide::rule_engine::rewrite::rewrite
FN:55,conjure_oxide::rule_engine::rewrite::rewrite_iteration
FNDA:0,<conjure_oxide::rule_engine::rewrite::RewriteError as core::convert::From<conjure_oxide::rule_engine::resolve_rules::ResolveRulesError>>::from
FNDA:0,conjure_oxide::rule_engine::rewrite::apply_all_rules
FNDA:0,conjure_oxide::rule_engine::rewrite::choose_rewrite
FNDA:0,conjure_oxide::rule_engine::rewrite::rewrite
FNDA:1,conjure_oxide::rule_engine::rewrite::apply_all_rules
FNDA:0,<conjure_oxide::rule_engine::rewrite::RewriteError as core::convert::From<conjure_oxide::rule_engine::resolve_rules::ResolveRulesError>>::from
FNDA:0,<conjure_oxide::rule_engine::rewrite::RewriteError as core::fmt::Display>::fmt
FNDA:0,conjure_oxide::rule_engine::rewrite::rewrite_model
FNDA:0,<conjure_oxide::rule_engine::rewrite::RewriteError as core::fmt::Display>::fmt
FNDA:1,conjure_oxide::rule_engine::rewrite::choose_rewrite
FNDA:0,conjure_oxide::rule_engine::rewrite::rewrite_iteration
FNDA:1,conjure_oxide::rule_engine::rewrite::rewrite_model
FNDA:1,conjure_oxide::rule_engine::rewrite::rewrite
FNDA:1,conjure_oxide::rule_engine::rewrite::rewrite_iteration
FNF:14
FNH:5
BRF:0
BRH:0
DA:16,0
DA:17,0
DA:18,0
DA:19,0
DA:20,0
DA:24,0
DA:25,0
DA:26,0
DA:37,12
DA:38,12
DA:39,12
DA:40,12
DA:41,12
DA:42,12
DA:43,12
DA:44,12
DA:45,66
DA:46,54
DA:47,54
DA:49,12
DA:50,12
DA:55,390
DA:56,390
DA:57,390
DA:58,390
DA:59,390
DA:60,390
DA:61,54
DA:63,336
DA:64,216
DA:65,120
DA:66,324
DA:67,324
DA:68,48
DA:69,48
DA:70,276
DA:75,288
DA:76,390
DA:81,390
DA:82,390
DA:83,390
DA:84,390
DA:85,390
DA:86,8580
DA:87,8190
DA:88,54
DA:89,54
DA:90,54
DA:91,54
DA:92,54
DA:93,54
DA:94,8136
DA:97,390
DA:98,390
DA:103,390
DA:104,390
DA:105,336
DA:106,54
DA:107,54
DA:108,54
DA:109,54
DA:110,390
DA:116,6
DA:117,6
DA:118,6
DA:119,6
DA:120,6
DA:122,6
DA:124,6
DA:125,6
LF:70
LH:62
end_of_record
SF:solvers/chuffed/tests/chuffed_cpp_run.rs
FN:4,chuffed_cpp_run::run_cpp_problem
FNDA:1,chuffed_cpp_run::run_cpp_problem
FNF:1
FNH:1
BRF:0
BRH:0
DA:4,1
DA:5,1
DA:6,1
DA:7,1
DA:8,1
DA:9,1
DA:10,1
DA:11,1
DA:12,1
DA:14,1
LF:10
LH:10
end_of_record
SF:crates/conjure_core/src/solvers.rs
FN:5,<conjure_core::solvers::SolverIter as core::clone::Clone>::clone
FN:5,<conjure_core::solvers::SolverIter as core::iter::traits::iterator::Iterator>::next
FN:5,<conjure_core::solvers::SolverIter as core::iter::traits::iterator::Iterator>::next
FN:5,<conjure_core::solvers::SolverIter as core::iter::traits::exact_size::ExactSizeIterator>::len
FN:5,<conjure_core::solvers::Solver as core::str::traits::FromStr>::from_str
FN:5,<conjure_core::solvers::Solver as core::fmt::Display>::fmt
FN:5,<conjure_core::solvers::SolverIter>::get
FN:5,<conjure_core::solvers::SolverIter as core::clone::Clone>::clone
FN:5,<conjure_core::solvers::SolverIter as core::iter::traits::double_ended::DoubleEndedIterator>::next_back
FN:5,<conjure_core::solvers::SolverIter as core::iter::traits::iterator::Iterator>::size_hint
FN:5,<conjure_core::solvers::Solver as strum::IntoEnumIterator>::iter
FN:5,<conjure_core::solvers::SolverIter as core::fmt::Debug>::fmt
FN:5,<conjure_core::solvers::Solver as core::fmt::Display>::fmt
FN:5,<conjure_core::solvers::Solver as core::convert::TryFrom<&str>>::try_from
FN:5,<conjure_core::solvers::Solver as core::convert::TryFrom<&str>>::try_from
FN:5,<conjure_core::solvers::SolverIter as core::fmt::Debug>::fmt
FN:5,<conjure_core::solvers::Solver as strum::IntoEnumIterator>::iter
FN:5,<conjure_core::solvers::SolverIter as core::iter::traits::iterator::Iterator>::size_hint
FN:5,<conjure_core::solvers::SolverIter as core::iter::traits::iterator::Iterator>::nth
FN:5,<conjure_core::solvers::SolverIter>::get
FN:5,<conjure_core::solvers::SolverIter as core::iter::traits::iterator::Iterator>::nth
FN:5,<conjure_core::solvers::Solver as core::str::traits::FromStr>::from_str
FN:5,<conjure_core::solvers::SolverIter as core::iter::traits::exact_size::ExactSizeIterator>::len
FN:5,<conjure_core::solvers::SolverIter as core::iter::traits::double_ended::DoubleEndedIterator>::next_back
FNDA:0,<conjure_core::solvers::SolverIter as core::clone::Clone>::clone
FNDA:0,<conjure_core::solvers::SolverIter as core::iter::traits::iterator::Iterator>::next
FNDA:0,<conjure_core::solvers::SolverIter as core::iter::traits::iterator::Iterator>::next
FNDA:0,<conjure_core::solvers::SolverIter as core::iter::traits::exact_size::ExactSizeIterator>::len
FNDA:0,<conjure_core::solvers::Solver as core::str::traits::FromStr>::from_str
FNDA:0,<conjure_core::solvers::Solver as core::fmt::Display>::fmt
FNDA:0,<conjure_core::solvers::SolverIter>::get
FNDA:0,<conjure_core::solvers::SolverIter as core::clone::Clone>::clone
FNDA:0,<conjure_core::solvers::SolverIter as core::iter::traits::double_ended::DoubleEndedIterator>::next_back
FNDA:0,<conjure_core::solvers::SolverIter as core::iter::traits::iterator::Iterator>::size_hint
FNDA:0,<conjure_core::solvers::Solver as strum::IntoEnumIterator>::iter
FNDA:0,<conjure_core::solvers::SolverIter as core::fmt::Debug>::fmt
FNDA:0,<conjure_core::solvers::Solver as core::fmt::Display>::fmt
FNDA:0,<conjure_core::solvers::Solver as core::convert::TryFrom<&str>>::try_from
FNDA:0,<conjure_core::solvers::Solver as core::convert::TryFrom<&str>>::try_from
FNDA:0,<conjure_core::solvers::SolverIter as core::fmt::Debug>::fmt
FNDA:0,<conjure_core::solvers::Solver as strum::IntoEnumIterator>::iter
FNDA:0,<conjure_core::solvers::SolverIter as core::iter::traits::iterator::Iterator>::size_hint
FNDA:0,<conjure_core::solvers::SolverIter as core::iter::traits::iterator::Iterator>::nth
FNDA:0,<conjure_core::solvers::SolverIter>::get
FNDA:0,<conjure_core::solvers::SolverIter as core::iter::traits::iterator::Iterator>::nth
FNDA:0,<conjure_core::solvers::Solver as core::str::traits::FromStr>::from_str
FNDA:0,<conjure_core::solvers::SolverIter as core::iter::traits::exact_size::ExactSizeIterator>::len
FNDA:0,<conjure_core::solvers::SolverIter as core::iter::traits::double_ended::DoubleEndedIterator>::next_back
FNF:24
FNH:0
BRF:0
BRH:0
DA:5,0
LF:1
LH:0
end_of_record
SF:solvers/minion/src/lib.rs
FN:29,rust_out::main::_doctest_main_solvers_minion_src_lib_rs_28_0
FN:40,rust_out::main::_doctest_main_solvers_minion_src_lib_rs_28_0::callback
FN:29,rust_out::main
FNDA:1,rust_out::main::_doctest_main_solvers_minion_src_lib_rs_28_0
FNDA:1,rust_out::main::_doctest_main_solvers_minion_src_lib_rs_28_0::callback
FNDA:1,rust_out::main
FNF:3
FNH:3
BRF:0
BRH:0
DA:29,1
DA:30,1
DA:31,1
DA:32,1
DA:33,1
DA:34,1
DA:35,1
DA:36,1
DA:37,1
DA:38,1
DA:39,1
DA:40,1
DA:41,1
DA:42,1
DA:43,1
DA:44,1
DA:45,1
DA:46,1
DA:47,1
DA:48,1
DA:49,1
DA:50,1
DA:51,1
DA:52,1
DA:53,1
DA:54,1
DA:55,1
DA:56,1
DA:57,1
DA:58,1
DA:59,1
DA:60,1
DA:61,1
DA:62,1
DA:63,1
DA:64,1
DA:65,1
DA:66,1
DA:67,1
DA:68,1
DA:69,1
DA:70,1
DA:71,1
DA:72,1
DA:73,1
DA:74,1
DA:75,1
DA:76,1
DA:77,1
DA:78,1
DA:79,1
DA:80,1
DA:81,1
DA:82,1
DA:83,1
DA:84,1
DA:85,1
DA:86,1
DA:87,1
DA:88,1
DA:89,1
DA:90,1
DA:91,1
DA:92,1
DA:93,1
DA:94,1
DA:95,1
DA:96,1
DA:97,1
DA:98,1
DA:99,1
DA:100,1
DA:101,1
LF:73
LH:73
end_of_record
SF:conjure_oxide/src/find_conjure.rs
FN:9,conjure_oxide::find_conjure::conjure_executable
FN:9,conjure_oxide::find_conjure::conjure_executable
FN:25,conjure_oxide::find_conjure::conjure_executable::{closure#0}
FN:25,conjure_oxide::find_conjure::conjure_executable::{closure#0}
FNDA:0,conjure_oxide::find_conjure::conjure_executable
FNDA:1,conjure_oxide::find_conjure::conjure_executable
FNDA:0,conjure_oxide::find_conjure::conjure_executable::{closure#0}
FNDA:0,conjure_oxide::find_conjure::conjure_executable::{closure#0}
FNF:4
FNH:1
BRF:0
BRH:0
DA:9,6
DA:10,6
DA:11,6
DA:12,6
DA:13,6
DA:15,6
DA:16,0
DA:17,6
DA:18,6
DA:19,6
DA:20,6
DA:21,6
DA:22,6
DA:23,0
DA:24,0
DA:25,0
DA:26,0
DA:27,0
DA:28,0
DA:29,0
DA:30,0
DA:32,0
DA:34,6
DA:35,6
DA:36,6
DA:37,6
DA:38,6
DA:39,6
DA:40,6
DA:41,6
DA:42,0
DA:43,0
DA:44,0
DA:45,0
DA:46,0
DA:47,6
DA:48,6
DA:49,6
LF:38
LH:23
end_of_record
SF:conjure_oxide/src/solvers/minion.rs
FN:177,conjure_oxide::solvers::minion::must_be_var
FN:230,conjure_oxide::solvers::minion::tests::flat_xyz_model
FN:168,conjure_oxide::solvers::minion::must_be_vars
FN:21,<minion_rs::ast::Model as conjure_oxide::solvers::FromConjureModel>::from_conjure
FN:286,conjure_oxide::solvers::minion::tests::add_int_with_range
FN:21,<minion_rs::ast::Model as conjure_oxide::solvers::FromConjureModel>::from_conjure
FN:211,conjure_oxide::solvers::minion::name_to_string
FN:136,conjure_oxide::solvers::minion::parse_sumgeq
FN:136,conjure_oxide::solvers::minion::parse_sumgeq
FN:201,conjure_oxide::solvers::minion::must_be_const
FN:96,conjure_oxide::solvers::minion::parse_exprs
FN:263,conjure_oxide::solvers::minion::tests::xyz_callback
FN:188,conjure_oxide::solvers::minion::must_be_ref
FN:188,conjure_oxide::solvers::minion::must_be_ref
FN:33,conjure_oxide::solvers::minion::parse_vars
FN:106,conjure_oxide::solvers::minion::parse_expr
FN:106,conjure_oxide::solvers::minion::parse_expr
FN:122,conjure_oxide::solvers::minion::parse_sumleq
FN:96,conjure_oxide::solvers::minion::parse_exprs
FN:46,conjure_oxide::solvers::minion::parse_var
FN:168,conjure_oxide::solvers::minion::must_be_vars
FN:122,conjure_oxide::solvers::minion::parse_sumleq
FN:211,conjure_oxide::solvers::minion::name_to_string
FN:177,conjure_oxide::solvers::minion::must_be_var
FN:46,conjure_oxide::solvers::minion::parse_var
FN:33,conjure_oxide::solvers::minion::parse_vars
FN:150,conjure_oxide::solvers::minion::parse_ineq
FN:150,conjure_oxide::solvers::minion::parse_ineq
FN:201,conjure_oxide::solvers::minion::must_be_const
FNDA:1,conjure_oxide::solvers::minion::must_be_var
FNDA:1,conjure_oxide::solvers::minion::tests::flat_xyz_model
FNDA:1,conjure_oxide::solvers::minion::must_be_vars
FNDA:1,<minion_rs::ast::Model as conjure_oxide::solvers::FromConjureModel>::from_conjure
FNDA:1,conjure_oxide::solvers::minion::tests::add_int_with_range
FNDA:1,<minion_rs::ast::Model as conjure_oxide::solvers::FromConjureModel>::from_conjure
FNDA:1,conjure_oxide::solvers::minion::name_to_string
FNDA:1,conjure_oxide::solvers::minion::parse_sumgeq
FNDA:1,conjure_oxide::solvers::minion::parse_sumgeq
FNDA:1,conjure_oxide::solvers::minion::must_be_const
FNDA:1,conjure_oxide::solvers::minion::parse_exprs
FNDA:1,conjure_oxide::solvers::minion::tests::xyz_callback
FNDA:1,conjure_oxide::solvers::minion::must_be_ref
FNDA:1,conjure_oxide::solvers::minion::must_be_ref
FNDA:1,conjure_oxide::solvers::minion::parse_vars
FNDA:1,conjure_oxide::solvers::minion::parse_expr
FNDA:1,conjure_oxide::solvers::minion::parse_expr
FNDA:1,conjure_oxide::solvers::minion::parse_sumleq
FNDA:1,conjure_oxide::solvers::minion::parse_exprs
FNDA:1,conjure_oxide::solvers::minion::parse_var
FNDA:1,conjure_oxide::solvers::minion::must_be_vars
FNDA:1,conjure_oxide::solvers::minion::parse_sumleq
FNDA:1,conjure_oxide::solvers::minion::name_to_string
FNDA:1,conjure_oxide::solvers::minion::must_be_var
FNDA:1,conjure_oxide::solvers::minion::parse_var
FNDA:1,conjure_oxide::solvers::minion::parse_vars
FNDA:1,conjure_oxide::solvers::minion::parse_ineq
FNDA:1,conjure_oxide::solvers::minion::parse_ineq
FNDA:1,conjure_oxide::solvers::minion::must_be_const
FNF:29
FNH:29
BRF:0
BRH:0
DA:21,19
DA:22,19
DA:23,19
DA:24,19
DA:25,19
DA:26,19
DA:27,19
DA:29,19
DA:30,19
DA:33,19
DA:34,19
DA:35,19
DA:36,19
DA:40,57
DA:41,57
DA:43,19
DA:44,19
DA:46,57
DA:47,57
DA:48,57
DA:49,57
DA:50,57
DA:51,57
DA:53,57
DA:54,57
DA:55,0
DA:56,0
DA:62,57
DA:63,0
DA:64,0
DA:65,0
DA:66,0
DA:67,0
DA:68,0
DA:69,0
DA:70,0
DA:71,57
DA:73,57
DA:74,57
DA:75,57
DA:76,57
DA:78,57
DA:79,57
DA:80,0
DA:82,0
DA:83,0
DA:85,57
DA:86,57
DA:87,57
DA:88,57
DA:89,57
DA:90,57
DA:91,57
DA:93,57
DA:94,57
DA:96,19
DA:97,19
DA:98,19
DA:99,19
DA:100,51
DA:101,51
DA:103,19
DA:104,19
DA:106,51
DA:107,51
DA:108,19
DA:109,13
DA:110,19
DA:111,0
DA:113,51
DA:122,19
DA:123,19
DA:124,19
DA:125,19
DA:126,19
DA:127,19
DA:128,19
DA:129,19
DA:130,19
DA:131,19
DA:132,19
DA:133,19
DA:134,19
DA:136,13
DA:137,13
DA:138,13
DA:139,13
DA:140,13
DA:141,13
DA:142,13
DA:143,13
DA:144,13
DA:145,13
DA:146,13
DA:147,13
DA:148,13
DA:150,19
DA:151,19
DA:152,19
DA:153,19
DA:154,19
DA:155,19
DA:156,19
DA:157,19
DA:158,19
DA:159,19
DA:160,19
DA:161,19
DA:162,19
DA:163,19
DA:164,19
DA:165,19
DA:166,19
DA:168,32
DA:169,32
DA:170,128
DA:171,96
DA:172,96
DA:174,32
DA:175,32
DA:177,166
DA:178,166
DA:179,166
DA:180,134
DA:181,32
DA:182,32
DA:183,0
DA:186,166
DA:188,166
DA:189,166
DA:190,134
DA:191,32
DA:192,32
DA:193,32
DA:194,32
DA:195,32
DA:197,134
DA:198,134
DA:199,166
DA:201,51
DA:202,51
DA:203,51
DA:204,0
DA:205,0
DA:206,0
DA:207,0
DA:209,51
DA:211,191
DA:212,191
DA:213,191
DA:214,0
DA:216,191
DA:230,1
DA:231,1
DA:232,1
DA:233,1
DA:234,1
DA:235,1
DA:236,1
DA:237,1
DA:238,1
DA:239,1
DA:241,1
DA:242,1
DA:243,1
DA:244,1
DA:245,1
DA:246,1
DA:247,1
DA:248,1
DA:249,1
DA:250,1
DA:251,1
DA:252,1
DA:253,1
DA:254,1
DA:255,1
DA:256,1
DA:258,1
DA:259,1
DA:260,1
DA:263,1
DA:264,1
DA:265,1
DA:266,0
DA:269,1
DA:270,1
DA:271,0
DA:274,1
DA:275,1
DA:276,0
DA:279,1
DA:280,1
DA:281,1
DA:283,1
DA:284,1
DA:286,3
DA:287,3
DA:288,3
DA:289,3
DA:290,3
DA:291,3
DA:292,3
DA:293,3
DA:294,3
DA:295,3
DA:296,3
DA:297,3
DA:298,3
DA:299,3
DA:300,3
DA:301,3
DA:302,3
DA:303,0
DA:304,0
DA:305,0
DA:306,0
DA:307,3
DA:308,3
DA:309,3
DA:310,3
LF:221
LH:194
end_of_record
SF:solvers/minion/src/error.rs
FN:10,<minion_rs::error::MinionError as core::error::Error>::source
FN:27,<minion_rs::error::RuntimeError as core::fmt::Display>::fmt
FN:10,<minion_rs::error::MinionError as core::error::Error>::source
FN:10,<minion_rs::error::MinionError as core::fmt::Display>::fmt
FN:10,<minion_rs::error::MinionError as core::convert::From<minion_rs::error::RuntimeError>>::from
FN:10,<minion_rs::error::MinionError as core::fmt::Display>::fmt
FN:42,<minion_rs::error::RuntimeError as core::convert::From<u32>>::from
FN:10,<minion_rs::error::MinionError as core::convert::From<anyhow::Error>>::from
FN:27,<minion_rs::error::RuntimeError as core::fmt::Display>::fmt
FN:10,<minion_rs::error::MinionError as core::convert::From<minion_rs::error::RuntimeError>>::from
FN:42,<minion_rs::error::RuntimeError as core::convert::From<u32>>::from
FN:10,<minion_rs::error::MinionError as core::convert::From<anyhow::Error>>::from
FNDA:0,<minion_rs::error::MinionError as core::error::Error>::source
FNDA:0,<minion_rs::error::RuntimeError as core::fmt::Display>::fmt
FNDA:0,<minion_rs::error::MinionError as core::error::Error>::source
FNDA:0,<minion_rs::error::MinionError as core::fmt::Display>::fmt
FNDA:0,<minion_rs::error::MinionError as core::convert::From<minion_rs::error::RuntimeError>>::from
FNDA:0,<minion_rs::error::MinionError as core::fmt::Display>::fmt
FNDA:0,<minion_rs::error::RuntimeError as core::convert::From<u32>>::from
FNDA:0,<minion_rs::error::MinionError as core::convert::From<anyhow::Error>>::from
FNDA:0,<minion_rs::error::RuntimeError as core::fmt::Display>::fmt
FNDA:0,<minion_rs::error::MinionError as core::convert::From<minion_rs::error::RuntimeError>>::from
FNDA:0,<minion_rs::error::RuntimeError as core::convert::From<u32>>::from
FNDA:0,<minion_rs::error::MinionError as core::convert::From<anyhow::Error>>::from
FNF:12
FNH:0
BRF:0
BRH:0
DA:10,0
DA:27,0
DA:42,0
DA:43,0
DA:45,0
DA:46,0
DA:48,0
LF:7
LH:0
end_of_record
SF:conjure_oxide/src/utils/misc.rs
FN:5,conjure_oxide::utils::misc::to_set::<_>
FN:13,conjure_oxide::utils::misc::if_ok::<conjure_core::ast::Expression, conjure_oxide::solvers::kissat::CNFError>
FN:5,conjure_oxide::utils::misc::to_set::<i32>
FN:13,conjure_oxide::utils::misc::if_ok::<_, _>
FNDA:0,conjure_oxide::utils::misc::to_set::<_>
FNDA:1,conjure_oxide::utils::misc::if_ok::<conjure_core::ast::Expression, conjure_oxide::solvers::kissat::CNFError>
FNDA:1,conjure_oxide::utils::misc::to_set::<i32>
FNDA:0,conjure_oxide::utils::misc::if_ok::<_, _>
FNF:4
FNH:2
BRF:0
BRH:0
DA:5,14
DA:6,14
DA:7,36
DA:8,22
DA:9,22
DA:10,14
DA:11,14
DA:13,6
DA:14,6
DA:15,6
DA:16,6
LF:11
LH:11
end_of_record
SF:crates/conjure_rules/src/lib.rs
FN:149,conjure_rules::get_rule_set_by_name::{closure#0}
FN:98,conjure_rules::get_rule_by_name
FN:99,conjure_rules::get_rule_by_name::{closure#0}
FN:149,conjure_rules::get_rule_set_by_name::{closure#0}
FN:58,rust_out::identity
FN:62,rust_out::main
FN:111,rust_out::CONJURE_GEN_RULE_SET_ANOTHERRULESET::__typecheck
FN:57,rust_out::CONJURE_GEN_RULE_IDENTITY::__typecheck
FN:99,conjure_rules::get_rule_by_name::{closure#0}
FN:184,rust_out::main::_doctest_main_crates_conjure_rules_src_lib_rs_183_0
FN:213,rust_out::main::_doctest_main_crates_conjure_rules_src_lib_rs_209_0::CONJURE_GEN_RULE_SET_MYRULESET::__typecheck
FN:210,rust_out::main::_doctest_main_crates_conjure_rules_src_lib_rs_209_0
FN:71,conjure_rules::get_rules
FN:71,conjure_rules::get_rules
FN:146,conjure_rules::get_rule_set_by_name
FN:190,rust_out::main::_doctest_main_crates_conjure_rules_src_lib_rs_183_0::identity
FN:136,rust_out::CONJURE_GEN_RULE_SET_MYRULESET::__typecheck
FN:125,conjure_rules::get_rule_sets
FN:146,conjure_rules::get_rule_set_by_name
FN:98,conjure_rules::get_rule_by_name
FN:189,rust_out::main::_doctest_main_crates_conjure_rules_src_lib_rs_183_0::CONJURE_GEN_RULE_IDENTITY::__typecheck
FN:125,conjure_rules::get_rule_sets
FNDA:0,conjure_rules::get_rule_set_by_name::{closure#0}
FNDA:1,conjure_rules::get_rule_by_name
FNDA:0,conjure_rules::get_rule_by_name::{closure#0}
FNDA:1,conjure_rules::get_rule_set_by_name::{closure#0}
FNDA:0,rust_out::identity
FNDA:1,rust_out::main
FNDA:0,rust_out::CONJURE_GEN_RULE_SET_ANOTHERRULESET::__typecheck
FNDA:0,rust_out::CONJURE_GEN_RULE_IDENTITY::__typecheck
FNDA:1,conjure_rules::get_rule_by_name::{closure#0}
FNDA:1,rust_out::main::_doctest_main_crates_conjure_rules_src_lib_rs_183_0
FNDA:0,rust_out::main::_doctest_main_crates_conjure_rules_src_lib_rs_209_0::CONJURE_GEN_RULE_SET_MYRULESET::__typecheck
FNDA:1,rust_out::main::_doctest_main_crates_conjure_rules_src_lib_rs_209_0
FNDA:1,conjure_rules::get_rules
FNDA:0,conjure_rules::get_rules
FNDA:0,conjure_rules::get_rule_set_by_name
FNDA:0,rust_out::main::_doctest_main_crates_conjure_rules_src_lib_rs_183_0::identity
FNDA:0,rust_out::CONJURE_GEN_RULE_SET_MYRULESET::__typecheck
FNDA:0,conjure_rules::get_rule_sets
FNDA:1,conjure_rules::get_rule_set_by_name
FNDA:0,conjure_rules::get_rule_by_name
FNDA:0,rust_out::main::_doctest_main_crates_conjure_rules_src_lib_rs_183_0::CONJURE_GEN_RULE_IDENTITY::__typecheck
FNDA:1,conjure_rules::get_rule_sets
FNF:22
FNH:9
BRF:0
BRH:0
DA:57,0
DA:58,0
DA:59,0
DA:60,0
DA:62,1
DA:63,1
DA:64,1
DA:71,468
DA:72,468
DA:73,468
DA:85,0
DA:86,0
DA:87,0
DA:88,0
DA:90,1
DA:91,1
DA:92,1
DA:98,325
DA:99,3250
DA:100,325
DA:110,0
DA:111,0
DA:113,1
DA:114,1
DA:115,1
DA:125,104
DA:126,104
DA:127,104
DA:136,0
DA:138,1
DA:139,1
DA:140,1
DA:146,91
DA:147,91
DA:148,91
DA:149,221
DA:150,91
DA:151,91
DA:184,1
DA:185,1
DA:186,1
DA:187,1
DA:188,1
DA:189,1
DA:190,1
DA:191,0
DA:192,0
DA:193,1
DA:210,1
DA:211,1
DA:212,1
DA:213,1
DA:214,1
LF:53
LH:40
end_of_record
SF:conjure_oxide/src/utils/testing.rs
FN:71,conjure_oxide::utils::testing::read_model_json
FN:71,conjure_oxide::utils::testing::read_model_json
FN:86,conjure_oxide::utils::testing::minion_solutions_from_json
FN:14,conjure_oxide::utils::testing::assert_eq_any_order::<_>
FN:122,conjure_oxide::utils::testing::save_minion_solutions_json
FN:47,conjure_oxide::utils::testing::save_model_json
FN:147,conjure_oxide::utils::testing::read_minion_solutions_json
FN:35,conjure_oxide::utils::testing::serialise_model
FN:47,conjure_oxide::utils::testing::save_model_json
FN:14,conjure_oxide::utils::testing::assert_eq_any_order::<i32>
FN:35,conjure_oxide::utils::testing::serialise_model
FN:122,conjure_oxide::utils::testing::save_minion_solutions_json
FN:147,conjure_oxide::utils::testing::read_minion_solutions_json
FN:86,conjure_oxide::utils::testing::minion_solutions_from_json
FNDA:0,conjure_oxide::utils::testing::read_model_json
FNDA:1,conjure_oxide::utils::testing::read_model_json
FNDA:1,conjure_oxide::utils::testing::minion_solutions_from_json
FNDA:0,conjure_oxide::utils::testing::assert_eq_any_order::<_>
FNDA:1,conjure_oxide::utils::testing::save_minion_solutions_json
FNDA:0,conjure_oxide::utils::testing::save_model_json
FNDA:1,conjure_oxide::utils::testing::read_minion_solutions_json
FNDA:1,conjure_oxide::utils::testing::serialise_model
FNDA:1,conjure_oxide::utils::testing::save_model_json
FNDA:1,conjure_oxide::utils::testing::assert_eq_any_order::<i32>
FNDA:0,conjure_oxide::utils::testing::serialise_model
FNDA:0,conjure_oxide::utils::testing::save_minion_solutions_json
FNDA:0,conjure_oxide::utils::testing::read_minion_solutions_json
FNDA:0,conjure_oxide::utils::testing::minion_solutions_from_json
FNF:14
FNH:7
BRF:0
BRH:0
DA:14,5
DA:15,5
DA:17,5
DA:18,12
DA:19,7
DA:20,7
DA:21,7
DA:23,5
DA:24,12
DA:25,7
DA:26,7
DA:27,7
DA:29,5
DA:30,12
DA:31,7
DA:33,5
DA:35,12
DA:39,12
DA:42,12
DA:44,12
DA:45,12
DA:47,12
DA:48,12
DA:49,12
DA:50,12
DA:51,12
DA:52,12
DA:53,12
DA:54,12
DA:56,12
DA:57,12
DA:58,12
DA:59,12
DA:61,12
DA:62,0
DA:63,0
DA:64,0
DA:65,0
DA:66,12
DA:68,12
DA:69,12
DA:71,12
DA:72,12
DA:73,12
DA:74,12
DA:75,12
DA:76,12
DA:77,12
DA:78,12
DA:79,12
DA:81,12
DA:83,12
DA:84,12
DA:86,6
DA:87,6
DA:88,6
DA:89,6
DA:90,6
DA:91,6
DA:92,6
DA:93,6
DA:95,12
DA:96,6
DA:97,6
DA:98,6
DA:99,6
DA:101,24
DA:102,18
DA:103,18
DA:104,18
DA:105,18
DA:106,18
DA:107,18
DA:109,0
DA:110,0
DA:113,18
DA:116,6
DA:119,6
DA:120,6
DA:122,6
DA:123,6
DA:124,6
DA:125,6
DA:126,6
DA:127,6
DA:128,6
DA:130,6
DA:132,6
DA:133,6
DA:134,6
DA:135,6
DA:137,6
DA:138,0
DA:139,0
DA:140,0
DA:141,0
DA:142,6
DA:144,6
DA:145,6
DA:147,6
DA:148,6
DA:149,6
DA:150,6
DA:151,6
DA:152,6
DA:153,6
DA:155,6
DA:157,6
DA:158,6
LF:109
LH:99
end_of_record
SF:crates/conjure_core/src/rule.rs
FN:54,<conjure_core::rule::Rule as core::cmp::PartialEq>::eq
FN:48,<conjure_core::rule::Rule as core::fmt::Display>::fmt
FN:30,<conjure_core::rule::Rule>::new
FN:8,<conjure_core::rule::RuleApplicationError as core::fmt::Display>::fmt
FN:48,<conjure_core::rule::Rule as core::fmt::Display>::fmt
FN:62,<conjure_core::rule::Rule as core::hash::Hash>::hash::<std::hash::random::DefaultHasher>
FN:42,<conjure_core::rule::Rule>::apply
FN:62,<conjure_core::rule::Rule as core::hash::Hash>::hash::<_>
FN:42,<conjure_core::rule::Rule>::apply
FN:8,<conjure_core::rule::RuleApplicationError as core::fmt::Display>::fmt
FN:54,<conjure_core::rule::Rule as core::cmp::PartialEq>::eq
FN:62,<conjure_core::rule::Rule as core::hash::Hash>::hash::<_>
FN:30,<conjure_core::rule::Rule>::new
FNDA:0,<conjure_core::rule::Rule as core::cmp::PartialEq>::eq
FNDA:0,<conjure_core::rule::Rule as core::fmt::Display>::fmt
FNDA:0,<conjure_core::rule::Rule>::new
FNDA:0,<conjure_core::rule::RuleApplicationError as core::fmt::Display>::fmt
FNDA:0,<conjure_core::rule::Rule as core::fmt::Display>::fmt
FNDA:1,<conjure_core::rule::Rule as core::hash::Hash>::hash::<std::hash::random::DefaultHasher>
FNDA:0,<conjure_core::rule::Rule>::apply
FNDA:0,<conjure_core::rule::Rule as core::hash::Hash>::hash::<_>
FNDA:1,<conjure_core::rule::Rule>::apply
FNDA:0,<conjure_core::rule::RuleApplicationError as core::fmt::Display>::fmt
FNDA:1,<conjure_core::rule::Rule as core::cmp::PartialEq>::eq
FNDA:0,<conjure_core::rule::Rule as core::hash::Hash>::hash::<_>
FNDA:0,<conjure_core::rule::Rule>::new
FNF:13
FNH:3
BRF:0
BRH:0
DA:8,0
DA:30,0
DA:31,0
DA:32,0
DA:33,0
DA:34,0
DA:35,0
DA:36,0
DA:37,0
DA:38,0
DA:39,0
DA:40,0
DA:42,22607
DA:43,22607
DA:44,22607
DA:48,0
DA:49,0
DA:50,0
DA:54,5148
DA:55,5148
DA:56,5148
DA:62,8684
DA:63,8684
DA:64,8684
LF:24
LH:9
end_of_record
SF:crates/conjure_rules/src/rule_set.rs
FN:79,<conjure_rules::rule_set::RuleSet as core::cmp::PartialEq>::eq
FN:87,<conjure_rules::rule_set::RuleSet as core::hash::Hash>::hash::<std::hash::random::DefaultHasher>
FN:79,<conjure_rules::rule_set::RuleSet as core::cmp::PartialEq>::eq
FN:25,<conjure_rules::rule_set::RuleSet>::new
FN:87,<conjure_rules::rule_set::RuleSet as core::hash::Hash>::hash::<_>
FN:25,<conjure_rules::rule_set::RuleSet>::new
FN:38,<conjure_rules::rule_set::RuleSet>::get_rules
FN:38,<conjure_rules::rule_set::RuleSet>::get_rules
FN:87,<conjure_rules::rule_set::RuleSet as core::hash::Hash>::hash::<_>
FNDA:0,<conjure_rules::rule_set::RuleSet as core::cmp::PartialEq>::eq
FNDA:1,<conjure_rules::rule_set::RuleSet as core::hash::Hash>::hash::<std::hash::random::DefaultHasher>
FNDA:0,<conjure_rules::rule_set::RuleSet as core::cmp::PartialEq>::eq
FNDA:0,<conjure_rules::rule_set::RuleSet>::new
FNDA:0,<conjure_rules::rule_set::RuleSet as core::hash::Hash>::hash::<_>
FNDA:0,<conjure_rules::rule_set::RuleSet>::new
FNDA:1,<conjure_rules::rule_set::RuleSet>::get_rules
FNDA:0,<conjure_rules::rule_set::RuleSet>::get_rules
FNDA:0,<conjure_rules::rule_set::RuleSet as core::hash::Hash>::hash::<_>
FNF:9
FNH:2
BRF:0
BRH:0
DA:25,0
DA:26,0
DA:27,0
DA:28,0
DA:29,0
DA:30,0
DA:31,0
DA:32,0
DA:38,78
DA:39,78
DA:41,78
DA:42,2028
DA:43,1950
DA:44,1950
DA:46,3276
DA:47,1872
DA:48,546
DA:49,546
DA:50,546
DA:51,1326
DA:54,1950
DA:55,546
DA:56,1404
DA:58,78
DA:60,78
DA:62,0
DA:65,78
DA:68,0
DA:69,0
DA:73,0
DA:75,78
DA:79,0
DA:80,0
DA:81,0
DA:87,84
DA:88,84
DA:89,84
LF:37
LH:22
end_of_record
SF:solvers/minion/src/scoped_ptr.rs
FN:16,<minion_rs::scoped_ptr::Scoped<minion_rs::ffi::ProbSpec_SearchOrder>>::new
FN:16,<minion_rs::scoped_ptr::Scoped<minion_rs::ffi::ProbSpec_CSPInstance>>::new
FN:23,<minion_rs::scoped_ptr::Scoped<minion_rs::ffi::ProbSpec_SearchOrder> as core::ops::drop::Drop>::drop
FN:23,<minion_rs::scoped_ptr::Scoped<minion_rs::ffi::ProbSpec_ConstraintBlob> as core::ops::drop::Drop>::drop
FN:23,<minion_rs::scoped_ptr::Scoped<minion_rs::ffi::ProbSpec_CSPInstance> as core::ops::drop::Drop>::drop
FN:23,<minion_rs::scoped_ptr::Scoped<[u64; 3]> as core::ops::drop::Drop>::drop
FN:23,<minion_rs::scoped_ptr::Scoped<_> as core::ops::drop::Drop>::drop
FN:16,<minion_rs::scoped_ptr::Scoped<minion_rs::ffi::SearchMethod>>::new
FN:23,<minion_rs::scoped_ptr::Scoped<minion_rs::ffi::SearchOptions> as core::ops::drop::Drop>::drop
FN:16,<minion_rs::scoped_ptr::Scoped<minion_rs::ffi::ProbSpec_ConstraintBlob>>::new
FN:16,<minion_rs::scoped_ptr::Scoped<_>>::new
FN:16,<minion_rs::scoped_ptr::Scoped<[u64; 3]>>::new
FN:16,<minion_rs::scoped_ptr::Scoped<minion_rs::ffi::SearchOptions>>::new
FN:23,<minion_rs::scoped_ptr::Scoped<minion_rs::ffi::SearchMethod> as core::ops::drop::Drop>::drop
FNDA:1,<minion_rs::scoped_ptr::Scoped<minion_rs::ffi::ProbSpec_SearchOrder>>::new
FNDA:1,<minion_rs::scoped_ptr::Scoped<minion_rs::ffi::ProbSpec_CSPInstance>>::new
FNDA:1,<minion_rs::scoped_ptr::Scoped<minion_rs::ffi::ProbSpec_SearchOrder> as core::ops::drop::Drop>::drop
FNDA:1,<minion_rs::scoped_ptr::Scoped<minion_rs::ffi::ProbSpec_ConstraintBlob> as core::ops::drop::Drop>::drop
FNDA:1,<minion_rs::scoped_ptr::Scoped<minion_rs::ffi::ProbSpec_CSPInstance> as core::ops::drop::Drop>::drop
FNDA:1,<minion_rs::scoped_ptr::Scoped<[u64; 3]> as core::ops::drop::Drop>::drop
FNDA:0,<minion_rs::scoped_ptr::Scoped<_> as core::ops::drop::Drop>::drop
FNDA:1,<minion_rs::scoped_ptr::Scoped<minion_rs::ffi::SearchMethod>>::new
FNDA:1,<minion_rs::scoped_ptr::Scoped<minion_rs::ffi::SearchOptions> as core::ops::drop::Drop>::drop
FNDA:1,<minion_rs::scoped_ptr::Scoped<minion_rs::ffi::ProbSpec_ConstraintBlob>>::new
FNDA:0,<minion_rs::scoped_ptr::Scoped<_>>::new
FNDA:1,<minion_rs::scoped_ptr::Scoped<[u64; 3]>>::new
FNDA:1,<minion_rs::scoped_ptr::Scoped<minion_rs::ffi::SearchOptions>>::new
FNDA:1,<minion_rs::scoped_ptr::Scoped<minion_rs::ffi::SearchMethod> as core::ops::drop::Drop>::drop
FNF:14
FNH:12
BRF:0
BRH:0
DA:16,783
DA:17,783
DA:18,783
DA:23,783
DA:24,783
DA:25,783
LF:6
LH:6
end_of_record
SF:solvers/minion/src/ffi.rs
FN:16,hello_from_rust
FN:26,minion_rs::ffi::tests::xyz_raw
FNDA:1,hello_from_rust
FNDA:1,minion_rs::ffi::tests::xyz_raw
FNF:2
FNH:2
BRF:0
BRH:0
DA:16,1
DA:17,1
DA:18,1
DA:19,1
DA:20,1
DA:21,1
DA:22,1
DA:23,1
DA:26,1
DA:27,1
DA:28,1
DA:29,1
DA:30,1
DA:31,1
DA:32,1
DA:33,1
DA:34,1
DA:35,1
DA:36,1
DA:37,1
DA:38,1
DA:39,1
DA:40,1
DA:41,1
DA:42,1
DA:43,1
DA:44,1
DA:45,1
DA:46,1
DA:47,1
DA:48,1
DA:49,1
DA:50,1
DA:51,1
DA:52,1
DA:53,1
DA:54,1
DA:55,1
DA:56,1
DA:57,1
DA:58,1
DA:59,1
DA:60,1
DA:61,1
DA:62,1
DA:63,1
DA:64,1
DA:65,1
DA:66,1
DA:67,1
DA:68,1
DA:69,1
DA:70,1
DA:71,1
DA:72,1
DA:73,1
DA:74,1
DA:75,1
DA:76,1
DA:77,1
DA:78,1
DA:79,1
DA:80,1
DA:81,1
DA:82,1
DA:83,1
DA:84,1
DA:85,1
DA:86,1
DA:87,1
DA:88,1
DA:89,1
DA:90,1
DA:91,1
DA:92,1
DA:93,1
DA:94,1
DA:95,1
DA:96,1
DA:97,1
DA:100,1
DA:101,1
DA:102,1
DA:104,1
LF:84
LH:84
end_of_record
SF:solvers/chuffed/src/lib.rs
FN:15,chuffed_rs::wrappers::create_var
FN:52,chuffed_rs::wrappers::output_vars_wrapper
FN:65,chuffed_rs::wrappers::int_plus_wrapper
FN:35,chuffed_rs::wrappers::all_different_wrapper
FN:42,chuffed_rs::wrappers::branch_wrapper
FN:59,chuffed_rs::wrappers::var_sym_break_wrapper
FN:65,chuffed_rs::wrappers::int_plus_wrapper
FN:25,chuffed_rs::wrappers::create_vars
FN:35,chuffed_rs::wrappers::all_different_wrapper
FN:15,chuffed_rs::wrappers::create_var
FN:59,chuffed_rs::wrappers::var_sym_break_wrapper
FN:42,chuffed_rs::wrappers::branch_wrapper
FN:52,chuffed_rs::wrappers::output_vars_wrapper
FN:25,chuffed_rs::wrappers::create_vars
FNDA:0,chuffed_rs::wrappers::create_var
FNDA:0,chuffed_rs::wrappers::output_vars_wrapper
FNDA:0,chuffed_rs::wrappers::int_plus_wrapper
FNDA:0,chuffed_rs::wrappers::all_different_wrapper
FNDA:0,chuffed_rs::wrappers::branch_wrapper
FNDA:0,chuffed_rs::wrappers::var_sym_break_wrapper
FNDA:0,chuffed_rs::wrappers::int_plus_wrapper
FNDA:0,chuffed_rs::wrappers::create_vars
FNDA:0,chuffed_rs::wrappers::all_different_wrapper
FNDA:0,chuffed_rs::wrappers::create_var
FNDA:0,chuffed_rs::wrappers::var_sym_break_wrapper
FNDA:0,chuffed_rs::wrappers::branch_wrapper
FNDA:0,chuffed_rs::wrappers::output_vars_wrapper
FNDA:0,chuffed_rs::wrappers::create_vars
FNF:14
FNH:0
BRF:0
BRH:0
DA:15,0
DA:16,0
DA:17,0
DA:18,0
DA:19,0
DA:20,0
DA:21,0
DA:22,0
DA:25,0
DA:26,0
DA:27,0
DA:28,0
DA:29,0
DA:30,0
DA:31,0
DA:32,0
DA:35,0
DA:36,0
DA:37,0
DA:38,0
DA:39,0
DA:42,0
DA:43,0
DA:44,0
DA:45,0
DA:46,0
DA:47,0
DA:48,0
DA:49,0
DA:50,0
DA:52,0
DA:53,0
DA:54,0
DA:55,0
DA:56,0
DA:57,0
DA:59,0
DA:60,0
DA:61,0
DA:62,0
DA:63,0
DA:65,0
DA:66,0
DA:67,0
DA:68,0
DA:69,0
LF:46
LH:0
end_of_record
SF:crates/doc_solver_support/src/lib.rs
FN:47,<doc_solver_support::RemoveSolverAttrs as syn::gen::visit_mut::VisitMut>::visit_variant_mut::{closure#0}
FN:176,doc_solver_support::doc_solver_support::{closure#0}
FN:47,<doc_solver_support::RemoveSolverAttrs as syn::gen::visit_mut::VisitMut>::visit_variant_mut::{closure#0}
FN:111,rust_out::main::_doctest_main_crates_doc_solver_support_src_lib_rs_110_0
FN:16,<doc_solver_support::RemoveSolverAttrs as syn::gen::visit_mut::VisitMut>::visit_variant_mut
FN:124,doc_solver_support::doc_solver_support
FN:47,<doc_solver_support::RemoveSolverAttrs as syn::gen::visit_mut::VisitMut>::visit_variant_mut::{closure#0}
FN:124,doc_solver_support::doc_solver_support
FN:176,doc_solver_support::doc_solver_support::{closure#0}
FN:48,<doc_solver_support::RemoveSolverAttrs as syn::gen::visit_mut::VisitMut>::visit_variant_mut::{closure#1}
FN:111,rust_out::main
FN:176,doc_solver_support::doc_solver_support::{closure#0}
FN:124,doc_solver_support::doc_solver_support
FN:16,<doc_solver_support::RemoveSolverAttrs as syn::gen::visit_mut::VisitMut>::visit_variant_mut
FN:48,<doc_solver_support::RemoveSolverAttrs as syn::gen::visit_mut::VisitMut>::visit_variant_mut::{closure#1}
FN:48,<doc_solver_support::RemoveSolverAttrs as syn::gen::visit_mut::VisitMut>::visit_variant_mut::{closure#1}
FN:97,rust_out::main::_doctest_main_crates_doc_solver_support_src_lib_rs_96_0
FN:68,rust_out::main::_doctest_main_crates_doc_solver_support_src_lib_rs_67_0
FN:16,<doc_solver_support::RemoveSolverAttrs as syn::gen::visit_mut::VisitMut>::visit_variant_mut
FNDA:1,<doc_solver_support::RemoveSolverAttrs as syn::gen::visit_mut::VisitMut>::visit_variant_mut::{closure#0}
FNDA:0,doc_solver_support::doc_solver_support::{closure#0}
FNDA:0,<doc_solver_support::RemoveSolverAttrs as syn::gen::visit_mut::VisitMut>::visit_variant_mut::{closure#0}
FNDA:1,rust_out::main::_doctest_main_crates_doc_solver_support_src_lib_rs_110_0
FNDA:1,<doc_solver_support::RemoveSolverAttrs as syn::gen::visit_mut::VisitMut>::visit_variant_mut
FNDA:1,doc_solver_support::doc_solver_support
FNDA:0,<doc_solver_support::RemoveSolverAttrs as syn::gen::visit_mut::VisitMut>::visit_variant_mut::{closure#0}
FNDA:0,doc_solver_support::doc_solver_support
FNDA:0,doc_solver_support::doc_solver_support::{closure#0}
FNDA:0,<doc_solver_support::RemoveSolverAttrs as syn::gen::visit_mut::VisitMut>::visit_variant_mut::{closure#1}
FNDA:1,rust_out::main
FNDA:1,doc_solver_support::doc_solver_support::{closure#0}
FNDA:0,doc_solver_support::doc_solver_support
FNDA:0,<doc_solver_support::RemoveSolverAttrs as syn::gen::visit_mut::VisitMut>::visit_variant_mut
FNDA:1,<doc_solver_support::RemoveSolverAttrs as syn::gen::visit_mut::VisitMut>::visit_variant_mut::{closure#1}
FNDA:0,<doc_solver_support::RemoveSolverAttrs as syn::gen::visit_mut::VisitMut>::visit_variant_mut::{closure#1}
FNDA:1,rust_out::main::_doctest_main_crates_doc_solver_support_src_lib_rs_96_0
FNDA:1,rust_out::main::_doctest_main_crates_doc_solver_support_src_lib_rs_67_0
FNDA:0,<doc_solver_support::RemoveSolverAttrs as syn::gen::visit_mut::VisitMut>::visit_variant_mut
FNF:19
FNH:9
BRF:0
BRH:0
DA:16,74
DA:17,74
DA:18,74
DA:19,74
DA:20,74
DA:21,74
DA:22,74
DA:23,74
DA:24,44
DA:25,4
DA:26,40
DA:27,40
DA:28,40
DA:29,40
DA:30,85
DA:31,45
DA:32,45
DA:33,45
DA:34,45
DA:37,74
DA:38,38
DA:39,38
DA:40,38
DA:41,38
DA:42,38
DA:44,74
DA:45,74
DA:46,74
DA:47,82
DA:48,74
DA:49,74
DA:50,74
DA:51,74
DA:52,74
DA:68,1
DA:69,1
DA:70,1
DA:71,1
DA:72,1
DA:73,1
DA:74,1
DA:75,1
DA:76,1
DA:77,1
DA:78,1
DA:79,1
DA:80,1
DA:97,1
DA:98,1
DA:99,1
DA:100,1
DA:101,1
DA:102,1
DA:103,1
DA:104,1
DA:105,1
DA:106,1
DA:107,1
DA:108,1
DA:109,1
DA:111,1
DA:112,1
DA:113,1
DA:114,1
DA:115,1
DA:116,1
DA:117,1
DA:118,1
DA:119,1
DA:120,1
DA:121,1
DA:122,1
DA:124,7
DA:126,7
DA:127,7
DA:130,74
DA:131,74
DA:132,74
DA:133,44
DA:134,4
DA:135,40
DA:136,40
DA:137,40
DA:138,40
DA:139,40
DA:140,85
DA:141,45
DA:142,45
DA:143,45
DA:145,14
DA:146,14
DA:148,31
DA:149,31
DA:150,31
DA:159,7
DA:160,7
DA:161,7
DA:162,7
DA:163,7
DA:164,7
DA:165,7
DA:166,7
DA:167,14
DA:169,14
DA:172,45
DA:173,14
DA:174,14
DA:175,14
DA:176,45
DA:177,14
DA:178,45
DA:179,45
DA:180,45
DA:183,14
DA:186,7
DA:187,7
DA:188,7
DA:189,7
DA:190,7
DA:191,7
DA:192,7
LF:121
LH:121
end_of_record
SF:crates/conjure_core/src/ast.rs
FN:10,<<conjure_core::ast::Model as serde::de::Deserialize>::deserialize::__Visitor as serde::de::Visitor>::visit_seq::<serde_json::de::SeqAccess<serde_json::read::StrRead>>::{closure#0}
FN:117,<<conjure_core::ast::Domain as serde::de::Deserialize>::deserialize::__FieldVisitor as serde::de::Visitor>::expecting
FN:157,<<<conjure_core::ast::Expression as serde::de::Deserialize>::deserialize::__Visitor as serde::de::Visitor>::visit_enum::__Visitor as serde::de::Visitor>::visit_seq::<serde_json::de::SeqAccess<serde_json::read::StrRead>>
FN:293,<conjure_core::ast::Expression>::is_constant
FN:157,<<<conjure_core::ast::Expression as serde::de::Deserialize>::deserialize::__Visitor as serde::de::Visitor>::visit_enum::__Visitor as serde::de::Visitor>::visit_seq::<serde_json::de::SeqAccess<serde_json::read::StrRead>>
FN:89,<<conjure_core::ast::DecisionVariable as serde::de::Deserialize>::deserialize::__FieldVisitor as serde::de::Visitor>::expecting
FN:10,<<conjure_core::ast::Model as serde::de::Deserialize>::deserialize::__FieldVisitor as serde::de::Visitor>::visit_u64::<_>
FN:117,<<conjure_core::ast::Domain as serde::de::Deserialize>::deserialize::__Visitor as serde::de::Visitor>::expecting
FN:157,<<<conjure_core::ast::Expression as serde::de::Deserialize>::deserialize::__Visitor as serde::de::Visitor>::visit_enum::__Visitor as serde::de::Visitor>::expecting
FN:293,<conjure_core::ast::Expression>::is_constant
FN:157,<<<conjure_core::ast::Expression as serde::de::Deserialize>::deserialize::__Visitor as serde::de::Visitor>::visit_enum::__Visitor as serde::de::Visitor>::visit_seq::<_>
FN:215,<conjure_core::ast::Expression>::sub_expressions::unwrap_flat_expression
FN:61,<conjure_core::ast::Model>::add_constraints
FN:89,<<conjure_core::ast::DecisionVariable as serde::de::Deserialize>::deserialize::__FieldVisitor as serde::de::Visitor>::expecting
FN:318,<conjure_core::ast::Constant as core::fmt::Display>::fmt
FN:89,<<conjure_core::ast::DecisionVariable as serde::de::Deserialize>::deserialize::__FieldVisitor as serde::de::Visitor>::visit_str::<_>
FN:74,<<conjure_core::ast::Name as serde::de::Deserialize>::deserialize::__FieldVisitor as serde::de::Visitor>::expecting
FN:157,<<<conjure_core::ast::Expression as serde::de::Deserialize>::deserialize::__Visitor as serde::de::Visitor>::visit_enum::__Visitor as serde::de::Visitor>::expecting
FN:10,<<conjure_core::ast::Model as serde::ser::Serialize>::serialize::__SerializeWith as serde::ser::Serialize>::serialize::<_>
FN:89,<<conjure_core::ast::DecisionVariable as serde::de::Deserialize>::deserialize::__Visitor as serde::de::Visitor>::expecting
FN:298,conjure_core::ast::display_expressions
[...]
FN:731,rewrite_tests::eval_const_bool
FN:61,rewrite_tests::recursive_sum_of_constants
FN:666,rewrite_tests::is_simple_iteration
FN:14,rewrite_tests::rules_present
FN:369,rewrite_tests::remove_trivial_and_or
FN:432,rewrite_tests::remove_constants_from_or_not_changed
FN:808,rewrite_tests::eval_const_sum_xyz
FN:276,rewrite_tests::rule_remove_double_negation
FN:396,rewrite_tests::rule_remove_constants_from_or
FN:151,rewrite_tests::rule_sum_geq
FN:768,rewrite_tests::eval_const_eq_int
FN:20,rewrite_tests::sum_of_constants
FN:130,rewrite_tests::rule_sum_mixed
FN:460,rewrite_tests::rule_distribute_not_over_and
FN:714,rewrite_tests::choose_rewrite
FN:110,rewrite_tests::rule_sum_constants
FN:42,rewrite_tests::evaluate_sum_of_constants
FN:355,rewrite_tests::unwrap_nested_and_not_changed
FN:778,rewrite_tests::eval_const_eq_bool
FNDA:1,rewrite_tests::remove_constants_from_and_not_changed
FNDA:1,rewrite_tests::eval_const_or
FNDA:1,rewrite_tests::eval_const_sum_mixed
FNDA:1,rewrite_tests::rule_distribute_not_over_or
FNDA:1,rewrite_tests::eval_const_nested_ref
FNDA:1,rewrite_tests::reduce_solve_xyz
FNDA:1,rewrite_tests::unwrap_nested_or_not_changed
FNDA:1,rewrite_tests::rule_distribute_or_over_and
FNDA:1,rewrite_tests::apply_all_rules
FNDA:1,rewrite_tests::rule_remove_constants_from_and
FNDA:1,rewrite_tests::eval_const_eq_mixed
FNDA:1,rewrite_tests::callback
FNDA:1,rewrite_tests::eval_const_ref
FNDA:1,rewrite_tests::rewrite_solve_xyz
FNDA:1,rewrite_tests::eval_const_and
FNDA:1,rewrite_tests::simplify_expression
FNDA:1,rewrite_tests::rule_distribute_not_over_and_not_changed
FNDA:1,rewrite_tests::rule_unwrap_nested_or
FNDA:1,rewrite_tests::rule_unwrap_nested_and
FNDA:1,rewrite_tests::is_simple
FNDA:1,rewrite_tests::rule_distribute_not_over_or_not_changed
FNDA:1,rewrite_tests::eval_const_int
FNDA:1,rewrite_tests::eval_const_bool
FNDA:1,rewrite_tests::recursive_sum_of_constants
FNDA:1,rewrite_tests::is_simple_iteration
FNDA:1,rewrite_tests::rules_present
FNDA:1,rewrite_tests::remove_trivial_and_or
FNDA:1,rewrite_tests::remove_constants_from_or_not_changed
FNDA:1,rewrite_tests::eval_const_sum_xyz
FNDA:1,rewrite_tests::rule_remove_double_negation
FNDA:1,rewrite_tests::rule_remove_constants_from_or
FNDA:1,rewrite_tests::rule_sum_geq
FNDA:1,rewrite_tests::eval_const_eq_int
FNDA:1,rewrite_tests::sum_of_constants
FNDA:1,rewrite_tests::rule_sum_mixed
FNDA:1,rewrite_tests::rule_distribute_not_over_and
FNDA:1,rewrite_tests::choose_rewrite
FNDA:1,rewrite_tests::rule_sum_constants
FNDA:1,rewrite_tests::evaluate_sum_of_constants
FNDA:1,rewrite_tests::unwrap_nested_and_not_changed
FNDA:1,rewrite_tests::eval_const_eq_bool
FNF:41
FNH:41
BRF:0
BRH:0
DA:14,1
DA:15,1
DA:16,1
DA:17,1
DA:20,1
DA:21,1
DA:22,1
DA:23,1
DA:24,1
DA:25,1
DA:26,1
DA:27,1
DA:28,1
DA:29,1
DA:30,1
DA:31,1
DA:32,1
DA:33,1
DA:34,0
DA:37,1
DA:38,0
DA:39,1
DA:40,1
DA:42,4
DA:43,4
DA:44,4
DA:45,4
DA:46,12
DA:47,8
DA:48,8
DA:49,8
DA:50,8
DA:51,2
DA:54,2
DA:56,0
DA:58,4
DA:61,1
DA:62,1
DA:63,1
DA:64,1
DA:65,1
DA:66,1
DA:67,1
DA:68,1
DA:69,1
DA:70,1
DA:71,1
DA:72,1
DA:73,1
DA:74,1
DA:75,1
DA:76,1
DA:77,1
DA:78,1
DA:79,1
DA:80,1
DA:81,1
DA:82,1
DA:83,1
DA:84,1
DA:85,1
DA:86,1
DA:88,7
DA:89,7
DA:90,2
DA:91,2
DA:92,1
DA:94,1
DA:97,1
DA:98,1
DA:99,1
DA:100,1
DA:101,0
DA:102,0
DA:103,0
DA:104,0
DA:105,4
DA:107,7
DA:110,1
DA:111,1
DA:112,1
DA:113,1
DA:114,1
DA:115,1
DA:116,1
DA:117,1
DA:118,1
DA:119,1
DA:120,1
DA:121,1
DA:122,1
DA:123,1
DA:124,1
DA:125,1
DA:126,1
DA:127,1
DA:130,1
DA:131,1
DA:132,1
DA:133,1
DA:134,1
DA:135,1
DA:136,1
DA:137,1
DA:138,1
DA:139,1
DA:140,1
DA:141,1
DA:142,1
DA:143,1
DA:144,1
DA:145,1
DA:146,1
DA:147,1
DA:148,1
DA:151,1
DA:152,1
DA:153,1
DA:154,1
DA:155,1
DA:156,1
DA:157,1
DA:158,1
DA:159,1
DA:160,1
DA:161,1
DA:162,1
DA:163,1
DA:164,1
DA:165,1
DA:166,1
DA:167,1
DA:168,1
DA:169,1
DA:170,1
DA:171,1
DA:172,1
DA:173,1
DA:174,1
DA:176,2
DA:177,2
DA:178,2
DA:179,2
DA:189,1
DA:190,1
DA:191,1
DA:192,1
DA:193,1
DA:194,1
DA:195,1
DA:196,1
DA:197,1
DA:198,1
DA:199,1
DA:200,1
DA:201,1
DA:202,1
DA:203,1
DA:204,1
DA:205,1
DA:206,1
DA:207,1
DA:208,1
DA:211,1
DA:212,1
DA:213,1
DA:214,1
DA:215,1
DA:216,1
DA:217,1
DA:218,1
DA:219,1
DA:220,1
DA:221,1
DA:222,1
DA:223,1
DA:224,1
DA:225,1
DA:226,1
DA:227,1
DA:228,1
DA:229,1
DA:230,1
DA:233,1
DA:234,1
DA:235,1
DA:236,1
DA:237,1
DA:238,1
DA:239,1
DA:240,1
DA:241,1
DA:242,1
DA:243,1
DA:244,1
DA:245,1
DA:247,1
DA:248,1
DA:249,1
DA:250,1
DA:251,1
DA:252,1
DA:253,1
DA:254,1
DA:255,1
DA:256,1
DA:257,1
DA:258,1
DA:259,1
DA:260,1
DA:261,1
DA:262,1
DA:263,1
DA:264,1
DA:265,1
DA:266,1
DA:267,1
DA:268,1
DA:269,1
DA:270,1
DA:271,1
DA:272,1
DA:273,1
DA:276,1
DA:277,1
DA:278,1
DA:279,1
DA:280,1
DA:281,1
DA:282,1
DA:283,1
DA:284,1
DA:285,1
DA:286,1
DA:287,1
DA:288,1
DA:289,1
DA:290,1
DA:293,1
DA:294,1
DA:295,1
DA:296,1
DA:297,1
DA:298,1
DA:299,1
DA:300,1
DA:301,1
DA:302,1
DA:303,1
DA:304,1
DA:305,1
DA:306,1
DA:307,1
DA:308,1
DA:309,1
DA:310,1
DA:311,1
DA:312,1
DA:313,1
DA:314,1
DA:317,1
DA:318,1
DA:319,1
DA:320,1
DA:321,1
DA:322,1
DA:323,1
DA:324,1
DA:325,1
DA:326,1
DA:327,1
DA:328,1
DA:329,1
DA:330,1
DA:331,1
DA:332,1
DA:333,1
DA:334,1
DA:335,1
DA:336,1
DA:337,1
DA:338,1
DA:341,1
DA:342,1
DA:343,1
DA:344,1
DA:345,1
DA:346,1
DA:347,1
DA:348,1
DA:349,1
DA:350,1
DA:351,1
DA:352,1
DA:355,1
DA:356,1
DA:357,1
DA:358,1
DA:359,1
DA:360,1
DA:361,1
DA:362,1
DA:363,1
DA:364,1
DA:365,1
DA:366,1
DA:369,1
DA:370,1
DA:371,1
DA:372,1
DA:373,1
DA:374,1
DA:375,1
DA:376,1
DA:377,1
DA:378,1
DA:379,1
DA:380,1
DA:381,1
DA:382,1
DA:383,1
DA:384,1
DA:385,1
DA:386,1
DA:387,1
DA:388,1
DA:389,1
DA:390,1
DA:391,1
DA:392,1
DA:393,1
DA:396,1
DA:397,1
DA:398,1
DA:399,1
DA:400,1
DA:401,1
DA:402,1
DA:403,1
DA:404,1
DA:405,1
DA:406,1
DA:407,1
DA:408,1
DA:409,1
DA:410,1
DA:411,1
DA:414,1
DA:415,1
DA:416,1
DA:417,1
DA:418,1
DA:419,1
DA:420,1
DA:421,1
DA:422,1
DA:423,1
DA:424,1
DA:425,1
DA:426,1
DA:427,1
DA:428,1
DA:429,1
DA:432,1
DA:433,1
DA:434,1
DA:435,1
DA:436,1
DA:437,1
DA:438,1
DA:439,1
DA:440,1
DA:441,1
DA:442,1
DA:443,1
DA:446,1
DA:447,1
DA:448,1
DA:449,1
DA:450,1
DA:451,1
DA:452,1
DA:453,1
DA:454,1
DA:455,1
DA:456,1
DA:457,1
DA:460,1
DA:461,1
DA:462,1
DA:463,1
DA:464,1
DA:465,1
DA:466,1
DA:467,1
DA:468,1
DA:469,1
DA:470,1
DA:471,1
DA:472,1
DA:473,1
DA:474,1
DA:475,1
DA:476,1
DA:477,1
DA:478,1
DA:479,1
DA:480,1
DA:481,1
DA:484,1
DA:485,1
DA:486,1
DA:487,1
DA:488,1
DA:489,1
DA:490,1
DA:491,1
DA:492,1
DA:493,1
DA:494,1
DA:495,1
DA:496,1
DA:497,1
DA:498,1
DA:499,1
DA:500,1
DA:501,1
DA:502,1
DA:503,1
DA:504,1
DA:505,1
DA:508,1
DA:509,1
DA:510,1
DA:511,1
DA:512,1
DA:513,1
DA:514,1
DA:515,1
DA:516,1
DA:517,1
DA:518,1
DA:521,1
DA:522,1
DA:523,1
DA:524,1
DA:525,1
DA:526,1
DA:527,1
DA:528,1
DA:529,1
DA:530,1
DA:531,1
DA:534,1
DA:535,1
DA:536,1
DA:537,1
DA:538,1
DA:539,1
DA:540,1
DA:541,1
DA:542,1
DA:543,1
DA:544,1
DA:545,1
DA:546,1
DA:547,1
DA:548,1
DA:549,1
DA:550,1
DA:551,1
DA:552,1
DA:553,1
DA:554,1
DA:555,1
DA:556,1
DA:557,1
DA:558,1
DA:559,1
DA:560,1
DA:573,1
DA:574,1
DA:575,1
DA:576,1
DA:577,1
DA:578,1
DA:579,1
DA:580,1
DA:581,1
DA:582,1
DA:583,1
DA:584,1
DA:585,1
DA:586,1
DA:587,1
DA:588,1
DA:589,1
DA:590,1
DA:591,1
DA:592,1
DA:593,1
DA:594,1
DA:595,1
DA:596,1
DA:598,1
DA:599,1
DA:600,0
DA:601,0
DA:602,0
DA:607,1
DA:608,1
DA:609,1
DA:610,1
DA:611,1
DA:614,1
DA:615,1
DA:616,1
DA:617,1
DA:618,1
DA:619,1
DA:620,1
DA:621,1
DA:622,1
DA:623,1
DA:624,1
DA:625,1
DA:626,1
DA:627,1
DA:628,1
DA:629,1
DA:630,1
DA:631,1
DA:632,1
DA:633,1
DA:634,1
DA:635,1
DA:636,1
DA:637,1
DA:638,1
DA:639,1
DA:640,1
DA:641,1
DA:642,1
DA:643,1
DA:644,1
DA:654,1
DA:655,1
DA:656,1
DA:657,1
DA:658,0
DA:659,0
DA:660,1
DA:661,1
DA:666,14
DA:667,14
DA:668,14
DA:669,14
DA:670,14
DA:671,14
DA:672,0
DA:674,14
DA:675,10
DA:676,4
DA:677,13
DA:678,13
DA:679,0
DA:680,0
DA:681,13
DA:686,14
DA:687,14
DA:692,14
DA:693,14
DA:694,14
DA:695,14
DA:696,14
DA:697,364
DA:698,350
DA:699,0
DA:700,0
DA:701,0
DA:702,0
DA:703,0
DA:704,0
DA:705,350
DA:708,14
DA:709,14
DA:714,14
DA:715,14
DA:716,14
DA:717,0
DA:718,0
DA:719,0
DA:720,0
DA:721,14
DA:724,1
DA:725,1
DA:726,1
DA:727,1
DA:728,1
DA:731,1
DA:732,1
DA:733,1
DA:734,1
DA:735,1
DA:738,1
DA:739,1
DA:740,1
DA:741,1
DA:742,1
DA:743,1
DA:744,1
DA:745,1
DA:748,1
DA:749,1
DA:750,1
DA:751,1
DA:752,1
DA:755,1
DA:756,1
DA:757,1
DA:758,1
DA:759,1
DA:760,1
DA:761,1
DA:762,1
DA:763,1
DA:764,1
DA:765,1
DA:768,1
DA:769,1
DA:770,1
DA:771,1
DA:772,1
DA:773,1
DA:774,1
DA:775,1
DA:778,1
DA:779,1
DA:780,1
DA:781,1
DA:782,1
DA:783,1
DA:784,1
DA:785,1
DA:788,1
DA:789,1
DA:790,1
DA:791,1
DA:792,1
DA:793,1
DA:794,1
DA:795,1
DA:798,1
DA:799,1
DA:800,1
DA:801,1
DA:802,1
DA:803,1
DA:804,1
DA:805,1
DA:808,1
DA:809,1
DA:810,1
DA:811,1
DA:812,1
DA:813,1
DA:814,1
DA:815,1
DA:816,1
DA:817,1
DA:818,1
DA:819,1
DA:820,1
DA:821,1
DA:822,1
DA:823,1
DA:824,1
DA:825,1
DA:828,1
DA:829,1
DA:830,1
DA:831,1
DA:832,1
DA:833,1
DA:834,1
DA:835,1
LF:686
LH:661
end_of_record
SF:crates/uniplate/src/uniplate.rs
FN:60,<_ as uniplate::uniplate::Uniplate>::fold::<_>
FN:9,<_ as uniplate::uniplate::Uniplate>::universe
FN:26,<_ as uniplate::uniplate::Uniplate>::transform::{closure#0}
FN:33,<_ as uniplate::uniplate::Uniplate>::rewrite::{closure#0}
FN:18,<_ as uniplate::uniplate::Uniplate>::children
FN:40,<_ as uniplate::uniplate::Uniplate>::descend
FN:23,<_ as uniplate::uniplate::Uniplate>::transform
FN:89,<_ as uniplate::uniplate::Uniplate>::one_holed_context
FN:26,<rust_out::AST as uniplate::uniplate::Uniplate>::transform::{closure#0}
FN:97,<_ as uniplate::uniplate::Uniplate>::one_holed_context::{closure#0}
FN:63,<_ as uniplate::uniplate::Uniplate>::fold::<_>::{closure#0}
FN:31,<_ as uniplate::uniplate::Uniplate>::rewrite
FN:23,<rust_out::AST as uniplate::uniplate::Uniplate>::transform
FNDA:0,<_ as uniplate::uniplate::Uniplate>::fold::<_>
FNDA:0,<_ as uniplate::uniplate::Uniplate>::universe
FNDA:0,<_ as uniplate::uniplate::Uniplate>::transform::{closure#0}
FNDA:0,<_ as uniplate::uniplate::Uniplate>::rewrite::{closure#0}
FNDA:0,<_ as uniplate::uniplate::Uniplate>::children
FNDA:0,<_ as uniplate::uniplate::Uniplate>::descend
FNDA:0,<_ as uniplate::uniplate::Uniplate>::transform
FNDA:0,<_ as uniplate::uniplate::Uniplate>::one_holed_context
FNDA:1,<rust_out::AST as uniplate::uniplate::Uniplate>::transform::{closure#0}
FNDA:0,<_ as uniplate::uniplate::Uniplate>::one_holed_context::{closure#0}
FNDA:0,<_ as uniplate::uniplate::Uniplate>::fold::<_>::{closure#0}
FNDA:0,<_ as uniplate::uniplate::Uniplate>::rewrite
FNDA:1,<rust_out::AST as uniplate::uniplate::Uniplate>::transform
FNF:13
FNH:2
BRF:0
BRH:0
DA:9,0
DA:10,0
DA:11,0
DA:12,0
DA:13,0
DA:14,0
DA:15,0
DA:18,0
DA:19,0
DA:20,0
DA:23,9
DA:24,9
DA:25,9
DA:26,9
DA:27,9
DA:28,9
DA:31,0
DA:32,0
DA:33,0
DA:34,0
DA:35,0
DA:36,0
DA:40,0
DA:41,0
DA:42,0
DA:43,0
DA:44,0
DA:45,0
DA:60,0
DA:61,0
DA:62,0
DA:63,0
DA:64,0
DA:65,0
DA:89,0
DA:90,0
DA:91,0
DA:92,0
DA:93,0
DA:94,0
DA:95,0
DA:96,0
DA:97,0
DA:98,0
DA:99,0
DA:100,0
DA:101,0
DA:102,0
LF:48
LH:6
end_of_record
SF:conjure_oxide/src/rules/minion.rs
FN:179,conjure_oxide::rules::minion::leq_to_ineq
FN:121,conjure_oxide::rules::minion::CONJURE_GEN_RULE_LT_TO_INEQ::__typecheck
FN:121,conjure_oxide::rules::minion::CONJURE_GEN_RULE_LT_TO_INEQ::__typecheck
FN:10,conjure_oxide::rules::minion::CONJURE_GEN_RULE_SET_MINION::__typecheck
FN:24,conjure_oxide::rules::minion::sum_to_vector
FN:10,conjure_oxide::rules::minion::CONJURE_GEN_RULE_SET_MINION::__typecheck
FN:122,conjure_oxide::rules::minion::lt_to_ineq
FN:141,conjure_oxide::rules::minion::gt_to_ineq
FN:179,conjure_oxide::rules::minion::leq_to_ineq
FN:137,rust_out::main::_doctest_main_conjure_oxide_src_rules_minion_rs_137_0
FN:175,rust_out::main::_doctest_main_conjure_oxide_src_rules_minion_rs_175_0
FN:40,rust_out::main::_doctest_main_conjure_oxide_src_rules_minion_rs_40_0
FN:43,conjure_oxide::rules::minion::CONJURE_GEN_RULE_FLATTEN_SUM_GEQ::__typecheck
FN:43,conjure_oxide::rules::minion::CONJURE_GEN_RULE_FLATTEN_SUM_GEQ::__typecheck
FN:141,conjure_oxide::rules::minion::gt_to_ineq
FN:60,conjure_oxide::rules::minion::CONJURE_GEN_RULE_SUM_LEQ_TO_SUMLEQ::__typecheck
FN:77,conjure_oxide::rules::minion::CONJURE_GEN_RULE_SUM_EQ_TO_SUMEQ::__typecheck
FN:156,rust_out::main::_doctest_main_conjure_oxide_src_rules_minion_rs_156_0
FN:103,conjure_oxide::rules::minion::CONJURE_GEN_RULE_SUMEQ_TO_MINION::__typecheck
FN:118,rust_out::main::_doctest_main_conjure_oxide_src_rules_minion_rs_118_0
FN:78,conjure_oxide::rules::minion::sum_eq_to_sumeq
FN:104,conjure_oxide::rules::minion::sumeq_to_minion
FN:140,conjure_oxide::rules::minion::CONJURE_GEN_RULE_GT_TO_INEQ::__typecheck
FN:159,conjure_oxide::rules::minion::CONJURE_GEN_RULE_GEQ_TO_INEQ::__typecheck
FN:160,conjure_oxide::rules::minion::geq_to_ineq
FN:159,conjure_oxide::rules::minion::CONJURE_GEN_RULE_GEQ_TO_INEQ::__typecheck
FN:178,conjure_oxide::rules::minion::CONJURE_GEN_RULE_LEQ_TO_INEQ::__typecheck
FN:61,conjure_oxide::rules::minion::sum_leq_to_sumleq
FN:77,conjure_oxide::rules::minion::CONJURE_GEN_RULE_SUM_EQ_TO_SUMEQ::__typecheck
FN:104,conjure_oxide::rules::minion::sumeq_to_minion
FN:178,conjure_oxide::rules::minion::CONJURE_GEN_RULE_LEQ_TO_INEQ::__typecheck
FN:12,conjure_oxide::rules::minion::is_nested_sum
FN:156,rust_out::main
FN:60,conjure_oxide::rules::minion::CONJURE_GEN_RULE_SUM_LEQ_TO_SUMLEQ::__typecheck
FN:57,rust_out::main::_doctest_main_conjure_oxide_src_rules_minion_rs_57_0
FN:122,conjure_oxide::rules::minion::lt_to_ineq
FN:100,rust_out::main::_doctest_main_conjure_oxide_src_rules_minion_rs_100_0
FN:24,conjure_oxide::rules::minion::sum_to_vector
FN:103,conjure_oxide::rules::minion::CONJURE_GEN_RULE_SUMEQ_TO_MINION::__typecheck
FN:61,conjure_oxide::rules::minion::sum_leq_to_sumleq
FN:78,conjure_oxide::rules::minion::sum_eq_to_sumeq
FN:74,rust_out::main::_doctest_main_conjure_oxide_src_rules_minion_rs_74_0
FN:160,conjure_oxide::rules::minion::geq_to_ineq
FN:140,conjure_oxide::rules::minion::CONJURE_GEN_RULE_GT_TO_INEQ::__typecheck
FN:44,conjure_oxide::rules::minion::flatten_sum_geq
FN:95,rust_out::main::_doctest_main_conjure_oxide_src_rules_minion_rs_95_0
FN:44,conjure_oxide::rules::minion::flatten_sum_geq
FN:12,conjure_oxide::rules::minion::is_nested_sum
FNDA:0,conjure_oxide::rules::minion::leq_to_ineq
FNDA:0,conjure_oxide::rules::minion::CONJURE_GEN_RULE_LT_TO_INEQ::__typecheck
FNDA:0,conjure_oxide::rules::minion::CONJURE_GEN_RULE_LT_TO_INEQ::__typecheck
FNDA:0,conjure_oxide::rules::minion::CONJURE_GEN_RULE_SET_MINION::__typecheck
FNDA:1,conjure_oxide::rules::minion::sum_to_vector
FNDA:0,conjure_oxide::rules::minion::CONJURE_GEN_RULE_SET_MINION::__typecheck
FNDA:1,conjure_oxide::rules::minion::lt_to_ineq
FNDA:1,conjure_oxide::rules::minion::gt_to_ineq
FNDA:1,conjure_oxide::rules::minion::leq_to_ineq
FNDA:1,rust_out::main::_doctest_main_conjure_oxide_src_rules_minion_rs_137_0
FNDA:1,rust_out::main::_doctest_main_conjure_oxide_src_rules_minion_rs_175_0
FNDA:1,rust_out::main::_doctest_main_conjure_oxide_src_rules_minion_rs_40_0
FNDA:0,conjure_oxide::rules::minion::CONJURE_GEN_RULE_FLATTEN_SUM_GEQ::__typecheck
FNDA:0,conjure_oxide::rules::minion::CONJURE_GEN_RULE_FLATTEN_SUM_GEQ::__typecheck
FNDA:0,conjure_oxide::rules::minion::gt_to_ineq
FNDA:0,conjure_oxide::rules::minion::CONJURE_GEN_RULE_SUM_LEQ_TO_SUMLEQ::__typecheck
FNDA:0,conjure_oxide::rules::minion::CONJURE_GEN_RULE_SUM_EQ_TO_SUMEQ::__typecheck
FNDA:1,rust_out::main::_doctest_main_conjure_oxide_src_rules_minion_rs_156_0
FNDA:0,conjure_oxide::rules::minion::CONJURE_GEN_RULE_SUMEQ_TO_MINION::__typecheck
FNDA:1,rust_out::main::_doctest_main_conjure_oxide_src_rules_minion_rs_118_0
FNDA:1,conjure_oxide::rules::minion::sum_eq_to_sumeq
FNDA:0,conjure_oxide::rules::minion::sumeq_to_minion
FNDA:0,conjure_oxide::rules::minion::CONJURE_GEN_RULE_GT_TO_INEQ::__typecheck
FNDA:0,conjure_oxide::rules::minion::CONJURE_GEN_RULE_GEQ_TO_INEQ::__typecheck
FNDA:0,conjure_oxide::rules::minion::geq_to_ineq
FNDA:0,conjure_oxide::rules::minion::CONJURE_GEN_RULE_GEQ_TO_INEQ::__typecheck
FNDA:0,conjure_oxide::rules::minion::CONJURE_GEN_RULE_LEQ_TO_INEQ::__typecheck
FNDA:0,conjure_oxide::rules::minion::sum_leq_to_sumleq
FNDA:0,conjure_oxide::rules::minion::CONJURE_GEN_RULE_SUM_EQ_TO_SUMEQ::__typecheck
FNDA:1,conjure_oxide::rules::minion::sumeq_to_minion
FNDA:0,conjure_oxide::rules::minion::CONJURE_GEN_RULE_LEQ_TO_INEQ::__typecheck
FNDA:0,conjure_oxide::rules::minion::is_nested_sum
FNDA:1,rust_out::main
FNDA:0,conjure_oxide::rules::minion::CONJURE_GEN_RULE_SUM_LEQ_TO_SUMLEQ::__typecheck
FNDA:1,rust_out::main::_doctest_main_conjure_oxide_src_rules_minion_rs_57_0
FNDA:0,conjure_oxide::rules::minion::lt_to_ineq
FNDA:1,rust_out::main::_doctest_main_conjure_oxide_src_rules_minion_rs_100_0
FNDA:0,conjure_oxide::rules::minion::sum_to_vector
FNDA:0,conjure_oxide::rules::minion::CONJURE_GEN_RULE_SUMEQ_TO_MINION::__typecheck
FNDA:1,conjure_oxide::rules::minion::sum_leq_to_sumleq
FNDA:0,conjure_oxide::rules::minion::sum_eq_to_sumeq
FNDA:1,rust_out::main::_doctest_main_conjure_oxide_src_rules_minion_rs_74_0
FNDA:1,conjure_oxide::rules::minion::geq_to_ineq
FNDA:0,conjure_oxide::rules::minion::CONJURE_GEN_RULE_GT_TO_INEQ::__typecheck
FNDA:0,conjure_oxide::rules::minion::flatten_sum_geq
FNDA:1,rust_out::main::_doctest_main_conjure_oxide_src_rules_minion_rs_95_0
FNDA:1,conjure_oxide::rules::minion::flatten_sum_geq
FNDA:1,conjure_oxide::rules::minion::is_nested_sum
FNF:48
FNH:20
BRF:0
BRH:0
DA:10,0
DA:12,30
DA:13,96
DA:14,72
DA:15,6
DA:16,66
DA:18,24
DA:19,30
DA:24,30
DA:25,30
DA:26,30
DA:27,30
DA:28,6
DA:30,24
DA:33,0
DA:35,30
DA:40,1
DA:41,1
DA:42,1
DA:43,0
DA:44,90
DA:45,90
DA:46,6
DA:47,6
DA:48,6
DA:50,84
DA:52,90
DA:57,1
DA:58,1
DA:59,1
DA:60,0
DA:61,480
DA:62,480
DA:63,6
DA:64,6
DA:65,6
DA:67,474
DA:69,480
DA:74,1
DA:75,1
DA:76,1
DA:77,0
DA:78,474
DA:79,474
DA:80,18
DA:81,18
DA:82,12
DA:84,456
DA:86,474
DA:95,1
DA:96,1
DA:97,1
DA:100,1
DA:101,1
DA:102,1
DA:103,0
DA:104,474
DA:105,474
DA:106,12
DA:107,12
DA:108,12
DA:109,12
DA:110,462
DA:112,474
DA:118,1
DA:119,1
DA:120,1
DA:121,0
DA:122,480
DA:123,480
DA:124,12
DA:125,12
DA:126,12
DA:127,12
DA:128,12
DA:129,468
DA:131,480
DA:137,1
DA:138,1
DA:139,1
DA:140,0
DA:141,474
DA:142,474
DA:143,0
DA:144,0
DA:145,0
DA:146,0
DA:147,0
DA:148,474
DA:150,474
DA:156,1
DA:157,1
DA:158,1
DA:159,0
DA:160,474
DA:161,474
DA:162,6
DA:163,6
DA:164,6
DA:165,6
DA:166,6
DA:167,468
DA:169,474
DA:175,1
DA:176,1
DA:177,1
DA:178,0
DA:179,474
DA:180,474
DA:181,0
DA:182,0
DA:183,0
DA:184,0
DA:185,0
DA:186,474
DA:188,474
LF:116
LH:96
end_of_record
SF:crates/uniplate/src/lib.rs
FN:51,<rust_out::AST as uniplate::uniplate::Uniplate>::uniplate::{closure#4}
FN:66,rust_out::my_rule
FN:48,<rust_out::AST as uniplate::uniplate::Uniplate>::uniplate::{closure#1}
FN:50,<rust_out::AST as uniplate::uniplate::Uniplate>::uniplate::{closure#3}
FN:47,<rust_out::AST as uniplate::uniplate::Uniplate>::uniplate::{closure#0}
FN:45,<rust_out::AST as uniplate::uniplate::Uniplate>::uniplate
FN:10,rust_out::main
FN:10,rust_out::main::_doctest_main_crates_uniplate_src_lib_rs_10_0
FN:49,<rust_out::AST as uniplate::uniplate::Uniplate>::uniplate::{closure#2}
FNDA:1,<rust_out::AST as uniplate::uniplate::Uniplate>::uniplate::{closure#4}
FNDA:1,rust_out::my_rule
FNDA:1,<rust_out::AST as uniplate::uniplate::Uniplate>::uniplate::{closure#1}
FNDA:1,<rust_out::AST as uniplate::uniplate::Uniplate>::uniplate::{closure#3}
FNDA:1,<rust_out::AST as uniplate::uniplate::Uniplate>::uniplate::{closure#0}
FNDA:1,<rust_out::AST as uniplate::uniplate::Uniplate>::uniplate
FNDA:1,rust_out::main
FNDA:1,rust_out::main::_doctest_main_crates_uniplate_src_lib_rs_10_0
FNDA:0,<rust_out::AST as uniplate::uniplate::Uniplate>::uniplate::{closure#2}
FNF:9
FNH:8
BRF:0
BRH:0
DA:10,1
DA:11,1
DA:12,1
DA:13,1
DA:14,1
DA:15,1
DA:16,1
DA:17,1
DA:18,1
DA:45,9
DA:46,9
DA:47,5
DA:48,2
DA:49,0
DA:50,1
DA:51,1
DA:54,9
DA:55,2
DA:56,0
DA:57,1
DA:58,1
DA:59,5
DA:62,9
DA:63,9
DA:66,9
DA:67,9
DA:68,5
DA:69,2
DA:70,0
DA:71,1
DA:72,1
DA:74,9
DA:75,1
DA:76,1
DA:77,1
DA:78,1
DA:79,1
DA:80,1
DA:81,1
DA:82,1
DA:83,1
DA:84,1
DA:85,1
DA:86,1
DA:87,1
DA:88,1
LF:46
LH:43
end_of_record
